{"total": {"lines":{"total":1060,"covered":987,"skipped":0,"pct":93.11},"statements":{"total":1248,"covered":1157,"skipped":0,"pct":92.71},"functions":{"total":269,"covered":240,"skipped":0,"pct":89.22},"branches":{"total":400,"covered":343,"skipped":0,"pct":85.75}}
,"/Users/colinmcd94/Documents/Projects/zod/src/PseudoPromise.ts": {"lines":{"total":50,"covered":47,"skipped":0,"pct":94},"functions":{"total":17,"covered":17,"skipped":0,"pct":100},"statements":{"total":67,"covered":64,"skipped":0,"pct":95.52},"branches":{"total":16,"covered":13,"skipped":0,"pct":81.25}}
,"/Users/colinmcd94/Documents/Projects/zod/src/ZodError.ts": {"lines":{"total":40,"covered":29,"skipped":0,"pct":72.5},"functions":{"total":11,"covered":7,"skipped":0,"pct":63.64},"statements":{"total":50,"covered":35,"skipped":0,"pct":70},"branches":{"total":8,"covered":3,"skipped":0,"pct":37.5}}
,"/Users/colinmcd94/Documents/Projects/zod/src/codegen.ts": {"lines":{"total":86,"covered":76,"skipped":0,"pct":88.37},"functions":{"total":16,"covered":15,"skipped":0,"pct":93.75},"statements":{"total":103,"covered":90,"skipped":0,"pct":87.38},"branches":{"total":39,"covered":27,"skipped":0,"pct":69.23}}
,"/Users/colinmcd94/Documents/Projects/zod/src/defaultErrorMap.ts": {"lines":{"total":49,"covered":43,"skipped":0,"pct":87.76},"functions":{"total":2,"covered":2,"skipped":0,"pct":100},"statements":{"total":50,"covered":44,"skipped":0,"pct":88},"branches":{"total":41,"covered":33,"skipped":0,"pct":80.49}}
,"/Users/colinmcd94/Documents/Projects/zod/src/index.ts": {"lines":{"total":115,"covered":115,"skipped":0,"pct":100},"functions":{"total":6,"covered":3,"skipped":0,"pct":50},"statements":{"total":119,"covered":116,"skipped":0,"pct":97.48},"branches":{"total":2,"covered":1,"skipped":0,"pct":50}}
,"/Users/colinmcd94/Documents/Projects/zod/src/parser.ts": {"lines":{"total":286,"covered":260,"skipped":0,"pct":90.91},"functions":{"total":29,"covered":29,"skipped":0,"pct":100},"statements":{"total":316,"covered":288,"skipped":0,"pct":91.14},"branches":{"total":173,"covered":154,"skipped":0,"pct":89.02}}
,"/Users/colinmcd94/Documents/Projects/zod/src/helpers/Mocker.ts": {"lines":{"total":31,"covered":31,"skipped":0,"pct":100},"functions":{"total":16,"covered":16,"skipped":0,"pct":100},"statements":{"total":33,"covered":33,"skipped":0,"pct":100},"branches":{"total":0,"covered":0,"skipped":0,"pct":100}}
,"/Users/colinmcd94/Documents/Projects/zod/src/helpers/errorUtil.ts": {"lines":{"total":2,"covered":2,"skipped":0,"pct":100},"functions":{"total":2,"covered":2,"skipped":0,"pct":100},"statements":{"total":3,"covered":3,"skipped":0,"pct":100},"branches":{"total":6,"covered":6,"skipped":0,"pct":100}}
,"/Users/colinmcd94/Documents/Projects/zod/src/helpers/objectUtil.ts": {"lines":{"total":17,"covered":17,"skipped":0,"pct":100},"functions":{"total":6,"covered":6,"skipped":0,"pct":100},"statements":{"total":21,"covered":21,"skipped":0,"pct":100},"branches":{"total":8,"covered":8,"skipped":0,"pct":100}}
,"/Users/colinmcd94/Documents/Projects/zod/src/helpers/util.ts": {"lines":{"total":8,"covered":7,"skipped":0,"pct":87.5},"functions":{"total":3,"covered":2,"skipped":0,"pct":66.67},"statements":{"total":10,"covered":9,"skipped":0,"pct":90},"branches":{"total":2,"covered":2,"skipped":0,"pct":100}}
,"/Users/colinmcd94/Documents/Projects/zod/src/types/any.ts": {"lines":{"total":6,"covered":6,"skipped":0,"pct":100},"functions":{"total":3,"covered":3,"skipped":0,"pct":100},"statements":{"total":10,"covered":10,"skipped":0,"pct":100},"branches":{"total":3,"covered":3,"skipped":0,"pct":100}}
,"/Users/colinmcd94/Documents/Projects/zod/src/types/array.ts": {"lines":{"total":30,"covered":26,"skipped":0,"pct":86.67},"functions":{"total":17,"covered":12,"skipped":0,"pct":70.59},"statements":{"total":38,"covered":33,"skipped":0,"pct":86.84},"branches":{"total":14,"covered":9,"skipped":0,"pct":64.29}}
,"/Users/colinmcd94/Documents/Projects/zod/src/types/base.ts": {"lines":{"total":64,"covered":62,"skipped":0,"pct":96.88},"functions":{"total":17,"covered":15,"skipped":0,"pct":88.24},"statements":{"total":67,"covered":65,"skipped":0,"pct":97.01},"branches":{"total":12,"covered":12,"skipped":0,"pct":100}}
,"/Users/colinmcd94/Documents/Projects/zod/src/types/bigint.ts": {"lines":{"total":6,"covered":6,"skipped":0,"pct":100},"functions":{"total":3,"covered":2,"skipped":0,"pct":66.67},"statements":{"total":10,"covered":9,"skipped":0,"pct":90},"branches":{"total":3,"covered":3,"skipped":0,"pct":100}}
,"/Users/colinmcd94/Documents/Projects/zod/src/types/boolean.ts": {"lines":{"total":6,"covered":6,"skipped":0,"pct":100},"functions":{"total":3,"covered":3,"skipped":0,"pct":100},"statements":{"total":10,"covered":10,"skipped":0,"pct":100},"branches":{"total":3,"covered":3,"skipped":0,"pct":100}}
,"/Users/colinmcd94/Documents/Projects/zod/src/types/date.ts": {"lines":{"total":6,"covered":6,"skipped":0,"pct":100},"functions":{"total":3,"covered":2,"skipped":0,"pct":66.67},"statements":{"total":10,"covered":9,"skipped":0,"pct":90},"branches":{"total":3,"covered":3,"skipped":0,"pct":100}}
,"/Users/colinmcd94/Documents/Projects/zod/src/types/enum.ts": {"lines":{"total":23,"covered":23,"skipped":0,"pct":100},"functions":{"total":7,"covered":7,"skipped":0,"pct":100},"statements":{"total":36,"covered":36,"skipped":0,"pct":100},"branches":{"total":3,"covered":3,"skipped":0,"pct":100}}
,"/Users/colinmcd94/Documents/Projects/zod/src/types/function.ts": {"lines":{"total":18,"covered":18,"skipped":0,"pct":100},"functions":{"total":6,"covered":6,"skipped":0,"pct":100},"statements":{"total":21,"covered":21,"skipped":0,"pct":100},"branches":{"total":7,"covered":7,"skipped":0,"pct":100}}
,"/Users/colinmcd94/Documents/Projects/zod/src/types/intersection.ts": {"lines":{"total":7,"covered":7,"skipped":0,"pct":100},"functions":{"total":3,"covered":3,"skipped":0,"pct":100},"statements":{"total":10,"covered":10,"skipped":0,"pct":100},"branches":{"total":3,"covered":3,"skipped":0,"pct":100}}
,"/Users/colinmcd94/Documents/Projects/zod/src/types/lazy.ts": {"lines":{"total":9,"covered":5,"skipped":0,"pct":55.56},"functions":{"total":4,"covered":1,"skipped":0,"pct":25},"statements":{"total":12,"covered":7,"skipped":0,"pct":58.33},"branches":{"total":3,"covered":0,"skipped":0,"pct":0}}
,"/Users/colinmcd94/Documents/Projects/zod/src/types/literal.ts": {"lines":{"total":6,"covered":6,"skipped":0,"pct":100},"functions":{"total":3,"covered":3,"skipped":0,"pct":100},"statements":{"total":10,"covered":10,"skipped":0,"pct":100},"branches":{"total":3,"covered":3,"skipped":0,"pct":100}}
,"/Users/colinmcd94/Documents/Projects/zod/src/types/null.ts": {"lines":{"total":6,"covered":6,"skipped":0,"pct":100},"functions":{"total":3,"covered":3,"skipped":0,"pct":100},"statements":{"total":10,"covered":10,"skipped":0,"pct":100},"branches":{"total":3,"covered":3,"skipped":0,"pct":100}}
,"/Users/colinmcd94/Documents/Projects/zod/src/types/number.ts": {"lines":{"total":29,"covered":29,"skipped":0,"pct":100},"functions":{"total":17,"covered":17,"skipped":0,"pct":100},"statements":{"total":33,"covered":33,"skipped":0,"pct":100},"branches":{"total":3,"covered":3,"skipped":0,"pct":100}}
,"/Users/colinmcd94/Documents/Projects/zod/src/types/object.ts": {"lines":{"total":69,"covered":67,"skipped":0,"pct":97.1},"functions":{"total":26,"covered":24,"skipped":0,"pct":92.31},"statements":{"total":74,"covered":72,"skipped":0,"pct":97.3},"branches":{"total":15,"covered":14,"skipped":0,"pct":93.33}}
,"/Users/colinmcd94/Documents/Projects/zod/src/types/promise.ts": {"lines":{"total":7,"covered":7,"skipped":0,"pct":100},"functions":{"total":3,"covered":3,"skipped":0,"pct":100},"statements":{"total":10,"covered":10,"skipped":0,"pct":100},"branches":{"total":3,"covered":3,"skipped":0,"pct":100}}
,"/Users/colinmcd94/Documents/Projects/zod/src/types/record.ts": {"lines":{"total":6,"covered":6,"skipped":0,"pct":100},"functions":{"total":3,"covered":3,"skipped":0,"pct":100},"statements":{"total":10,"covered":10,"skipped":0,"pct":100},"branches":{"total":3,"covered":3,"skipped":0,"pct":100}}
,"/Users/colinmcd94/Documents/Projects/zod/src/types/string.ts": {"lines":{"total":29,"covered":29,"skipped":0,"pct":100},"functions":{"total":15,"covered":15,"skipped":0,"pct":100},"statements":{"total":34,"covered":34,"skipped":0,"pct":100},"branches":{"total":3,"covered":3,"skipped":0,"pct":100}}
,"/Users/colinmcd94/Documents/Projects/zod/src/types/transformer.ts": {"lines":{"total":14,"covered":10,"skipped":0,"pct":71.43},"functions":{"total":7,"covered":2,"skipped":0,"pct":28.57},"statements":{"total":17,"covered":12,"skipped":0,"pct":70.59},"branches":{"total":3,"covered":3,"skipped":0,"pct":100}}
,"/Users/colinmcd94/Documents/Projects/zod/src/types/tuple.ts": {"lines":{"total":8,"covered":8,"skipped":0,"pct":100},"functions":{"total":4,"covered":4,"skipped":0,"pct":100},"statements":{"total":11,"covered":11,"skipped":0,"pct":100},"branches":{"total":3,"covered":3,"skipped":0,"pct":100}}
,"/Users/colinmcd94/Documents/Projects/zod/src/types/undefined.ts": {"lines":{"total":6,"covered":6,"skipped":0,"pct":100},"functions":{"total":3,"covered":3,"skipped":0,"pct":100},"statements":{"total":10,"covered":10,"skipped":0,"pct":100},"branches":{"total":3,"covered":3,"skipped":0,"pct":100}}
,"/Users/colinmcd94/Documents/Projects/zod/src/types/union.ts": {"lines":{"total":9,"covered":9,"skipped":0,"pct":100},"functions":{"total":5,"covered":5,"skipped":0,"pct":100},"statements":{"total":13,"covered":13,"skipped":0,"pct":100},"branches":{"total":3,"covered":3,"skipped":0,"pct":100}}
,"/Users/colinmcd94/Documents/Projects/zod/src/types/unknown.ts": {"lines":{"total":6,"covered":6,"skipped":0,"pct":100},"functions":{"total":3,"covered":3,"skipped":0,"pct":100},"statements":{"total":10,"covered":10,"skipped":0,"pct":100},"branches":{"total":3,"covered":3,"skipped":0,"pct":100}}
,"/Users/colinmcd94/Documents/Projects/zod/src/types/void.ts": {"lines":{"total":6,"covered":6,"skipped":0,"pct":100},"functions":{"total":3,"covered":2,"skipped":0,"pct":66.67},"statements":{"total":10,"covered":9,"skipped":0,"pct":90},"branches":{"total":3,"covered":3,"skipped":0,"pct":100}}
}
