{"total": {"lines":{"total":1437,"covered":1316,"skipped":0,"pct":91.58},"statements":{"total":1681,"covered":1535,"skipped":0,"pct":91.31},"functions":{"total":381,"covered":320,"skipped":0,"pct":83.99},"branches":{"total":609,"covered":500,"skipped":0,"pct":82.1}}
,"/Users/colinmcd94/Documents/Projects/zod/src/PseudoPromise.ts": {"lines":{"total":95,"covered":86,"skipped":0,"pct":90.53},"functions":{"total":23,"covered":23,"skipped":0,"pct":100},"statements":{"total":116,"covered":105,"skipped":0,"pct":90.52},"branches":{"total":39,"covered":31,"skipped":0,"pct":79.49}}
,"/Users/colinmcd94/Documents/Projects/zod/src/ZodError.ts": {"lines":{"total":36,"covered":33,"skipped":0,"pct":91.67},"functions":{"total":11,"covered":9,"skipped":0,"pct":81.82},"statements":{"total":42,"covered":39,"skipped":0,"pct":92.86},"branches":{"total":8,"covered":6,"skipped":0,"pct":75}}
,"/Users/colinmcd94/Documents/Projects/zod/src/codegen.ts": {"lines":{"total":87,"covered":75,"skipped":0,"pct":86.21},"functions":{"total":15,"covered":14,"skipped":0,"pct":93.33},"statements":{"total":100,"covered":85,"skipped":0,"pct":85},"branches":{"total":36,"covered":23,"skipped":0,"pct":63.89}}
,"/Users/colinmcd94/Documents/Projects/zod/src/crazySchema.ts": {"lines":{"total":8,"covered":5,"skipped":0,"pct":62.5},"functions":{"total":8,"covered":3,"skipped":0,"pct":37.5},"statements":{"total":11,"covered":6,"skipped":0,"pct":54.55},"branches":{"total":0,"covered":0,"skipped":0,"pct":100}}
,"/Users/colinmcd94/Documents/Projects/zod/src/defaultErrorMap.ts": {"lines":{"total":51,"covered":45,"skipped":0,"pct":88.24},"functions":{"total":2,"covered":2,"skipped":0,"pct":100},"statements":{"total":52,"covered":46,"skipped":0,"pct":88.46},"branches":{"total":43,"covered":35,"skipped":0,"pct":81.4}}
,"/Users/colinmcd94/Documents/Projects/zod/src/index.ts": {"lines":{"total":133,"covered":132,"skipped":0,"pct":99.25},"functions":{"total":38,"covered":11,"skipped":0,"pct":28.95},"statements":{"total":138,"covered":134,"skipped":0,"pct":97.1},"branches":{"total":4,"covered":2,"skipped":0,"pct":50}}
,"/Users/colinmcd94/Documents/Projects/zod/src/isScalar.ts": {"lines":{"total":64,"covered":39,"skipped":0,"pct":60.94},"functions":{"total":3,"covered":3,"skipped":0,"pct":100},"statements":{"total":67,"covered":42,"skipped":0,"pct":62.69},"branches":{"total":34,"covered":21,"skipped":0,"pct":61.76}}
,"/Users/colinmcd94/Documents/Projects/zod/src/parser.ts": {"lines":{"total":409,"covered":366,"skipped":0,"pct":89.49},"functions":{"total":50,"covered":46,"skipped":0,"pct":92},"statements":{"total":447,"covered":401,"skipped":0,"pct":89.71},"branches":{"total":267,"covered":224,"skipped":0,"pct":83.9}}
,"/Users/colinmcd94/Documents/Projects/zod/src/helpers/Mocker.ts": {"lines":{"total":31,"covered":31,"skipped":0,"pct":100},"functions":{"total":16,"covered":16,"skipped":0,"pct":100},"statements":{"total":33,"covered":33,"skipped":0,"pct":100},"branches":{"total":0,"covered":0,"skipped":0,"pct":100}}
,"/Users/colinmcd94/Documents/Projects/zod/src/helpers/errorUtil.ts": {"lines":{"total":2,"covered":2,"skipped":0,"pct":100},"functions":{"total":2,"covered":2,"skipped":0,"pct":100},"statements":{"total":3,"covered":3,"skipped":0,"pct":100},"branches":{"total":6,"covered":6,"skipped":0,"pct":100}}
,"/Users/colinmcd94/Documents/Projects/zod/src/helpers/objectUtil.ts": {"lines":{"total":17,"covered":17,"skipped":0,"pct":100},"functions":{"total":6,"covered":6,"skipped":0,"pct":100},"statements":{"total":22,"covered":22,"skipped":0,"pct":100},"branches":{"total":6,"covered":6,"skipped":0,"pct":100}}
,"/Users/colinmcd94/Documents/Projects/zod/src/helpers/util.ts": {"lines":{"total":26,"covered":25,"skipped":0,"pct":96.15},"functions":{"total":10,"covered":9,"skipped":0,"pct":90},"statements":{"total":36,"covered":35,"skipped":0,"pct":97.22},"branches":{"total":4,"covered":4,"skipped":0,"pct":100}}
,"/Users/colinmcd94/Documents/Projects/zod/src/types/any.ts": {"lines":{"total":6,"covered":6,"skipped":0,"pct":100},"functions":{"total":3,"covered":3,"skipped":0,"pct":100},"statements":{"total":10,"covered":10,"skipped":0,"pct":100},"branches":{"total":3,"covered":3,"skipped":0,"pct":100}}
,"/Users/colinmcd94/Documents/Projects/zod/src/types/array.ts": {"lines":{"total":28,"covered":26,"skipped":0,"pct":92.86},"functions":{"total":17,"covered":14,"skipped":0,"pct":82.35},"statements":{"total":38,"covered":35,"skipped":0,"pct":92.11},"branches":{"total":14,"covered":10,"skipped":0,"pct":71.43}}
,"/Users/colinmcd94/Documents/Projects/zod/src/types/base.ts": {"lines":{"total":125,"covered":118,"skipped":0,"pct":94.4},"functions":{"total":33,"covered":30,"skipped":0,"pct":90.91},"statements":{"total":136,"covered":126,"skipped":0,"pct":92.65},"branches":{"total":48,"covered":37,"skipped":0,"pct":77.08}}
,"/Users/colinmcd94/Documents/Projects/zod/src/types/bigint.ts": {"lines":{"total":6,"covered":6,"skipped":0,"pct":100},"functions":{"total":3,"covered":2,"skipped":0,"pct":66.67},"statements":{"total":10,"covered":9,"skipped":0,"pct":90},"branches":{"total":3,"covered":3,"skipped":0,"pct":100}}
,"/Users/colinmcd94/Documents/Projects/zod/src/types/boolean.ts": {"lines":{"total":6,"covered":6,"skipped":0,"pct":100},"functions":{"total":3,"covered":3,"skipped":0,"pct":100},"statements":{"total":10,"covered":10,"skipped":0,"pct":100},"branches":{"total":3,"covered":3,"skipped":0,"pct":100}}
,"/Users/colinmcd94/Documents/Projects/zod/src/types/date.ts": {"lines":{"total":6,"covered":6,"skipped":0,"pct":100},"functions":{"total":3,"covered":2,"skipped":0,"pct":66.67},"statements":{"total":10,"covered":9,"skipped":0,"pct":90},"branches":{"total":3,"covered":3,"skipped":0,"pct":100}}
,"/Users/colinmcd94/Documents/Projects/zod/src/types/enum.ts": {"lines":{"total":23,"covered":23,"skipped":0,"pct":100},"functions":{"total":7,"covered":7,"skipped":0,"pct":100},"statements":{"total":36,"covered":36,"skipped":0,"pct":100},"branches":{"total":3,"covered":3,"skipped":0,"pct":100}}
,"/Users/colinmcd94/Documents/Projects/zod/src/types/function.ts": {"lines":{"total":19,"covered":19,"skipped":0,"pct":100},"functions":{"total":6,"covered":6,"skipped":0,"pct":100},"statements":{"total":21,"covered":21,"skipped":0,"pct":100},"branches":{"total":7,"covered":7,"skipped":0,"pct":100}}
,"/Users/colinmcd94/Documents/Projects/zod/src/types/intersection.ts": {"lines":{"total":7,"covered":7,"skipped":0,"pct":100},"functions":{"total":3,"covered":3,"skipped":0,"pct":100},"statements":{"total":10,"covered":10,"skipped":0,"pct":100},"branches":{"total":3,"covered":3,"skipped":0,"pct":100}}
,"/Users/colinmcd94/Documents/Projects/zod/src/types/lazy.ts": {"lines":{"total":9,"covered":7,"skipped":0,"pct":77.78},"functions":{"total":4,"covered":2,"skipped":0,"pct":50},"statements":{"total":12,"covered":10,"skipped":0,"pct":83.33},"branches":{"total":3,"covered":3,"skipped":0,"pct":100}}
,"/Users/colinmcd94/Documents/Projects/zod/src/types/literal.ts": {"lines":{"total":6,"covered":6,"skipped":0,"pct":100},"functions":{"total":3,"covered":3,"skipped":0,"pct":100},"statements":{"total":10,"covered":10,"skipped":0,"pct":100},"branches":{"total":3,"covered":3,"skipped":0,"pct":100}}
,"/Users/colinmcd94/Documents/Projects/zod/src/types/map.ts": {"lines":{"total":7,"covered":7,"skipped":0,"pct":100},"functions":{"total":3,"covered":2,"skipped":0,"pct":66.67},"statements":{"total":10,"covered":9,"skipped":0,"pct":90},"branches":{"total":3,"covered":3,"skipped":0,"pct":100}}
,"/Users/colinmcd94/Documents/Projects/zod/src/types/nativeEnum.ts": {"lines":{"total":6,"covered":6,"skipped":0,"pct":100},"functions":{"total":3,"covered":2,"skipped":0,"pct":66.67},"statements":{"total":10,"covered":9,"skipped":0,"pct":90},"branches":{"total":3,"covered":3,"skipped":0,"pct":100}}
,"/Users/colinmcd94/Documents/Projects/zod/src/types/never.ts": {"lines":{"total":6,"covered":6,"skipped":0,"pct":100},"functions":{"total":3,"covered":2,"skipped":0,"pct":66.67},"statements":{"total":10,"covered":9,"skipped":0,"pct":90},"branches":{"total":3,"covered":3,"skipped":0,"pct":100}}
,"/Users/colinmcd94/Documents/Projects/zod/src/types/null.ts": {"lines":{"total":6,"covered":6,"skipped":0,"pct":100},"functions":{"total":3,"covered":3,"skipped":0,"pct":100},"statements":{"total":10,"covered":10,"skipped":0,"pct":100},"branches":{"total":3,"covered":3,"skipped":0,"pct":100}}
,"/Users/colinmcd94/Documents/Projects/zod/src/types/nullable.ts": {"lines":{"total":8,"covered":8,"skipped":0,"pct":100},"functions":{"total":3,"covered":3,"skipped":0,"pct":100},"statements":{"total":12,"covered":11,"skipped":0,"pct":91.67},"branches":{"total":5,"covered":4,"skipped":0,"pct":80}}
,"/Users/colinmcd94/Documents/Projects/zod/src/types/number.ts": {"lines":{"total":22,"covered":22,"skipped":0,"pct":100},"functions":{"total":17,"covered":17,"skipped":0,"pct":100},"statements":{"total":33,"covered":33,"skipped":0,"pct":100},"branches":{"total":3,"covered":3,"skipped":0,"pct":100}}
,"/Users/colinmcd94/Documents/Projects/zod/src/types/object.ts": {"lines":{"total":77,"covered":75,"skipped":0,"pct":97.4},"functions":{"total":30,"covered":28,"skipped":0,"pct":93.33},"statements":{"total":82,"covered":80,"skipped":0,"pct":97.56},"branches":{"total":17,"covered":14,"skipped":0,"pct":82.35}}
,"/Users/colinmcd94/Documents/Projects/zod/src/types/optional.ts": {"lines":{"total":7,"covered":7,"skipped":0,"pct":100},"functions":{"total":3,"covered":3,"skipped":0,"pct":100},"statements":{"total":12,"covered":11,"skipped":0,"pct":91.67},"branches":{"total":5,"covered":4,"skipped":0,"pct":80}}
,"/Users/colinmcd94/Documents/Projects/zod/src/types/promise.ts": {"lines":{"total":7,"covered":7,"skipped":0,"pct":100},"functions":{"total":3,"covered":3,"skipped":0,"pct":100},"statements":{"total":10,"covered":10,"skipped":0,"pct":100},"branches":{"total":3,"covered":3,"skipped":0,"pct":100}}
,"/Users/colinmcd94/Documents/Projects/zod/src/types/record.ts": {"lines":{"total":7,"covered":7,"skipped":0,"pct":100},"functions":{"total":3,"covered":3,"skipped":0,"pct":100},"statements":{"total":10,"covered":10,"skipped":0,"pct":100},"branches":{"total":3,"covered":3,"skipped":0,"pct":100}}
,"/Users/colinmcd94/Documents/Projects/zod/src/types/string.ts": {"lines":{"total":34,"covered":34,"skipped":0,"pct":100},"functions":{"total":16,"covered":16,"skipped":0,"pct":100},"statements":{"total":41,"covered":41,"skipped":0,"pct":100},"branches":{"total":3,"covered":3,"skipped":0,"pct":100}}
,"/Users/colinmcd94/Documents/Projects/zod/src/types/transformer.ts": {"lines":{"total":12,"covered":9,"skipped":0,"pct":75},"functions":{"total":6,"covered":3,"skipped":0,"pct":50},"statements":{"total":15,"covered":12,"skipped":0,"pct":80},"branches":{"total":3,"covered":3,"skipped":0,"pct":100}}
,"/Users/colinmcd94/Documents/Projects/zod/src/types/tuple.ts": {"lines":{"total":10,"covered":9,"skipped":0,"pct":90},"functions":{"total":5,"covered":4,"skipped":0,"pct":80},"statements":{"total":13,"covered":12,"skipped":0,"pct":92.31},"branches":{"total":3,"covered":3,"skipped":0,"pct":100}}
,"/Users/colinmcd94/Documents/Projects/zod/src/types/undefined.ts": {"lines":{"total":6,"covered":6,"skipped":0,"pct":100},"functions":{"total":3,"covered":3,"skipped":0,"pct":100},"statements":{"total":10,"covered":10,"skipped":0,"pct":100},"branches":{"total":3,"covered":3,"skipped":0,"pct":100}}
,"/Users/colinmcd94/Documents/Projects/zod/src/types/union.ts": {"lines":{"total":10,"covered":9,"skipped":0,"pct":90},"functions":{"total":5,"covered":4,"skipped":0,"pct":80},"statements":{"total":13,"covered":12,"skipped":0,"pct":92.31},"branches":{"total":3,"covered":3,"skipped":0,"pct":100}}
,"/Users/colinmcd94/Documents/Projects/zod/src/types/unknown.ts": {"lines":{"total":6,"covered":6,"skipped":0,"pct":100},"functions":{"total":3,"covered":3,"skipped":0,"pct":100},"statements":{"total":10,"covered":10,"skipped":0,"pct":100},"branches":{"total":3,"covered":3,"skipped":0,"pct":100}}
,"/Users/colinmcd94/Documents/Projects/zod/src/types/void.ts": {"lines":{"total":6,"covered":6,"skipped":0,"pct":100},"functions":{"total":3,"covered":2,"skipped":0,"pct":66.67},"statements":{"total":10,"covered":9,"skipped":0,"pct":90},"branches":{"total":3,"covered":3,"skipped":0,"pct":100}}
}
