TN:
SF:src/PseudoPromise.ts
FN:3,(anonymous_12)
FN:6,PseudoPromise
FN:90,(anonymous_14)
FN:109,(anonymous_15)
FN:124,(anonymous_16)
FN:10,(anonymous_19)
FN:17,(anonymous_20)
FN:20,(anonymous_21)
FN:22,(anonymous_22)
FN:31,(anonymous_23)
FN:32,(anonymous_24)
FN:45,(anonymous_25)
FN:53,(anonymous_28)
FN:53,(anonymous_29)
FN:70,(anonymous_31)
FN:83,(anonymous_32)
FN:87,(anonymous_33)
FNF:17
FNH:17
FNDA:27,(anonymous_12)
FNDA:2273,PseudoPromise
FNDA:932,(anonymous_14)
FNDA:723,(anonymous_15)
FNDA:108,(anonymous_16)
FNDA:114,(anonymous_19)
FNDA:114,(anonymous_20)
FNDA:10,(anonymous_21)
FNDA:209,(anonymous_22)
FNDA:57,(anonymous_23)
FNDA:57,(anonymous_24)
FNDA:6,(anonymous_25)
FNDA:5,(anonymous_28)
FNDA:5,(anonymous_29)
FNDA:111,(anonymous_31)
FNDA:456,(anonymous_32)
FNDA:456,(anonymous_33)
DA:1,27
DA:3,27
DA:6,3614
DA:7,2273
DA:10,27
DA:17,114
DA:19,114
DA:20,10
DA:22,209
DA:31,27
DA:32,57
DA:33,57
DA:44,57
DA:45,6
DA:52,3
DA:53,5
DA:54,5
DA:55,5
DA:62,5
DA:63,5
DA:66,3
DA:68,3
DA:70,54
DA:71,111
DA:72,111
DA:75,111
DA:76,111
DA:78,54
DA:83,27
DA:84,456
DA:85,0
DA:87,456
DA:90,2273
DA:93,932
DA:109,2273
DA:111,723
DA:113,876
DA:114,876
DA:121,723
DA:124,2273
DA:125,54
DA:128,54
DA:129,170
DA:130,60
DA:132,58
DA:133,0
DA:135,58
DA:136,0
DA:147,52
DA:149,2
DA:152,27
LF:51
LH:48
BRDA:6,0,0,1341
BRDA:6,0,1,932
BRDA:129,1,0,52
BRDA:129,1,1,60
BRDA:132,2,0,0
BRDA:132,2,1,58
BRDA:135,3,0,0
BRDA:135,3,1,58
BRDA:19,4,0,6
BRDA:19,4,1,108
BRDA:44,5,0,3
BRDA:44,5,1,54
BRDA:52,6,0,3
BRDA:54,7,0,5
BRDA:84,8,0,0
BRDA:84,8,1,456
BRF:16
BRH:13
end_of_record
TN:
SF:src/ZodError.ts
FN:21,(anonymous_6)
FN:136,(anonymous_7)
FN:141,(anonymous_8)
FN:144,ZodError
FN:176,(anonymous_10)
FN:180,(anonymous_11)
FN:188,(anonymous_12)
FN:157,(anonymous_13)
FN:172,(anonymous_14)
FN:184,(anonymous_15)
FN:152,(anonymous_16)
FNF:11
FNH:7
FNDA:0,(anonymous_6)
FNDA:0,(anonymous_7)
FNDA:26,(anonymous_8)
FNDA:575,ZodError
FNDA:224,(anonymous_10)
FNDA:34,(anonymous_11)
FNDA:0,(anonymous_12)
FNDA:300,(anonymous_13)
FNDA:430,(anonymous_14)
FNDA:0,(anonymous_15)
FNDA:2,(anonymous_16)
DA:2,26
DA:4,26
DA:21,26
DA:22,0
DA:23,0
DA:24,0
DA:25,0
DA:26,0
DA:27,0
DA:29,0
DA:32,0
DA:136,26
DA:137,0
DA:138,0
DA:141,26
DA:142,575
DA:145,575
DA:147,575
DA:148,575
DA:149,575
DA:152,26
DA:153,2
DA:154,2
DA:157,26
DA:158,300
DA:159,322
DA:160,322
DA:161,322
DA:162,322
DA:164,300
DA:172,26
DA:173,430
DA:176,575
DA:177,224
DA:180,575
DA:181,34
DA:184,26
DA:185,0
DA:188,575
DA:189,26
LF:40
LH:29
BRDA:25,0,0,0
BRDA:25,0,1,0
BRDA:26,1,0,0
BRDA:26,1,1,0
BRDA:145,2,0,575
BRDA:145,2,1,0
BRDA:180,3,0,1
BRDA:180,3,1,33
BRF:8
BRH:3
end_of_record
TN:
SF:src/codegen.ts
FN:6,(anonymous_1)
FN:12,(anonymous_2)
FN:17,(anonymous_3)
FN:21,(anonymous_5)
FN:25,(anonymous_6)
FN:26,(anonymous_7)
FN:29,(anonymous_8)
FN:30,(anonymous_9)
FN:35,(anonymous_10)
FN:39,(anonymous_11)
FN:43,(anonymous_12)
FN:49,(anonymous_13)
FN:91,(anonymous_14)
FN:102,(anonymous_15)
FN:111,(anonymous_16)
FN:144,(anonymous_17)
FNF:16
FNH:15
FNDA:23,(anonymous_1)
FNDA:6,(anonymous_2)
FNDA:28,(anonymous_3)
FNDA:68,(anonymous_5)
FNDA:68,(anonymous_6)
FNDA:2211,(anonymous_7)
FNDA:73,(anonymous_8)
FNDA:2475,(anonymous_9)
FNDA:1,(anonymous_10)
FNDA:1,(anonymous_11)
FNDA:68,(anonymous_12)
FNDA:68,(anonymous_13)
FNDA:4,(anonymous_14)
FNDA:14,(anonymous_15)
FNDA:7,(anonymous_16)
FNDA:0,(anonymous_17)
DA:1,26
DA:2,26
DA:6,26
DA:7,23
DA:8,23
DA:9,21
DA:10,3
DA:11,18
DA:12,6
DA:14,15
DA:17,28
DA:18,2
DA:19,2
DA:21,2
DA:22,68
DA:25,2
DA:26,2211
DA:29,2
DA:30,2475
DA:31,73
DA:32,73
DA:35,2
DA:36,1
DA:39,1
DA:43,2
DA:44,68
DA:45,68
DA:46,68
DA:49,2
DA:50,68
DA:51,68
DA:53,68
DA:55,68
DA:57,68
DA:63,68
DA:65,68
DA:67,6
DA:69,6
DA:71,0
DA:73,2
DA:75,0
DA:77,10
DA:79,8
DA:81,0
DA:83,0
DA:85,0
DA:87,3
DA:88,3
DA:89,3
DA:91,4
DA:93,5
DA:94,5
DA:96,5
DA:97,14
DA:98,14
DA:99,14
DA:100,14
DA:102,14
DA:103,5
DA:104,5
DA:106,2
DA:107,7
DA:108,7
DA:109,7
DA:111,7
DA:112,2
DA:114,2
DA:116,1
DA:117,1
DA:118,1
DA:120,1
DA:121,1
DA:123,17
DA:124,34
DA:125,34
DA:126,34
DA:128,17
DA:130,3
DA:132,0
DA:134,0
DA:136,0
DA:137,0
DA:139,0
DA:141,5
DA:144,26
DA:145,26
LF:86
LH:76
BRDA:8,0,0,2
BRDA:8,0,1,21
BRDA:9,1,0,3
BRDA:9,1,1,18
BRDA:10,2,0,3
BRDA:10,2,1,0
BRDA:11,3,0,3
BRDA:11,3,1,15
BRDA:31,4,0,0
BRDA:31,4,1,73
BRDA:51,5,0,0
BRDA:51,5,1,68
BRDA:66,6,0,6
BRDA:66,6,1,6
BRDA:66,6,2,0
BRDA:66,6,3,2
BRDA:66,6,4,0
BRDA:66,6,5,10
BRDA:66,6,6,8
BRDA:66,6,7,0
BRDA:66,6,8,0
BRDA:66,6,9,0
BRDA:66,6,10,3
BRDA:66,6,11,2
BRDA:66,6,12,5
BRDA:66,6,13,2
BRDA:66,6,14,2
BRDA:66,6,15,1
BRDA:66,6,16,1
BRDA:66,6,17,17
BRDA:66,6,18,3
BRDA:66,6,19,0
BRDA:66,6,20,0
BRDA:66,6,21,0
BRDA:66,6,22,0
BRDA:88,7,0,2
BRDA:88,7,1,1
BRDA:99,8,0,2
BRDA:99,8,1,12
BRF:39
BRH:27
end_of_record
TN:
SF:src/crazySchema.ts
FNF:0
FNH:0
DA:1,1
DA:3,1
LF:2
LH:2
BRF:0
BRH:0
end_of_record
TN:
SF:src/defaultErrorMap.ts
FN:13,(anonymous_0)
FN:27,(anonymous_1)
FNF:2
FNH:2
FNDA:202,(anonymous_0)
FNDA:5,(anonymous_1)
DA:1,26
DA:2,26
DA:13,26
DA:15,202
DA:17,134
DA:18,41
DA:20,93
DA:22,134
DA:24,2
DA:25,2
DA:27,5
DA:28,5
DA:30,3
DA:31,3
DA:36,21
DA:37,21
DA:39,1
DA:40,1
DA:42,3
DA:43,3
DA:45,3
DA:46,3
DA:48,1
DA:49,1
DA:59,8
DA:60,8
DA:68,9
DA:69,4
DA:70,5
DA:71,2
DA:72,3
DA:73,3
DA:74,0
DA:75,9
DA:77,9
DA:78,4
DA:79,5
DA:80,2
DA:81,3
DA:82,3
DA:83,0
DA:84,9
DA:86,3
DA:87,3
DA:89,0
DA:90,0
DA:92,0
DA:93,0
DA:95,202
LF:49
LH:43
BRDA:16,0,0,134
BRDA:16,0,1,2
BRDA:16,0,2,5
BRDA:16,0,3,3
BRDA:16,0,4,21
BRDA:16,0,5,1
BRDA:16,0,6,3
BRDA:16,0,7,3
BRDA:16,0,8,1
BRDA:16,0,9,8
BRDA:16,0,10,9
BRDA:16,0,11,9
BRDA:16,0,12,3
BRDA:16,0,13,0
BRDA:16,0,14,0
BRDA:17,1,0,41
BRDA:17,1,1,93
BRDA:68,2,0,4
BRDA:68,2,1,5
BRDA:69,3,0,4
BRDA:69,3,1,0
BRDA:70,4,0,2
BRDA:70,4,1,3
BRDA:71,5,0,2
BRDA:71,5,1,0
BRDA:72,6,0,3
BRDA:72,6,1,0
BRDA:73,7,0,2
BRDA:73,7,1,1
BRDA:77,8,0,4
BRDA:77,8,1,5
BRDA:78,9,0,4
BRDA:78,9,1,0
BRDA:79,10,0,2
BRDA:79,10,1,3
BRDA:80,11,0,2
BRDA:80,11,1,0
BRDA:81,12,0,3
BRDA:81,12,1,0
BRDA:82,13,0,2
BRDA:82,13,1,1
BRF:41
BRH:33
end_of_record
TN:
SF:src/index.ts
FN:80,(anonymous_0)
FN:81,(anonymous_1)
FN:82,(anonymous_2)
FN:86,(anonymous_3)
FN:89,(anonymous_4)
FN:92,(anonymous_5)
FNF:6
FNH:3
FNDA:0,(anonymous_0)
FNDA:0,(anonymous_1)
FNDA:0,(anonymous_2)
FNDA:2,(anonymous_3)
FNDA:2,(anonymous_4)
FNDA:7,(anonymous_5)
DA:3,26
DA:4,26
DA:5,26
DA:6,26
DA:7,26
DA:8,26
DA:9,26
DA:10,26
DA:11,26
DA:12,26
DA:13,26
DA:14,26
DA:15,26
DA:16,26
DA:17,26
DA:18,26
DA:19,26
DA:20,26
DA:21,26
DA:22,26
DA:23,26
DA:24,26
DA:25,26
DA:26,26
DA:27,26
DA:31,26
DA:33,26
DA:58,26
DA:59,26
DA:60,26
DA:61,26
DA:62,26
DA:63,26
DA:64,26
DA:65,26
DA:66,26
DA:67,26
DA:68,26
DA:69,26
DA:70,26
DA:71,26
DA:72,26
DA:73,26
DA:74,26
DA:75,26
DA:76,26
DA:77,26
DA:78,26
DA:79,26
DA:80,26
DA:81,26
DA:82,26
DA:84,26
DA:86,26
DA:87,2
DA:89,26
DA:91,4
DA:92,7
DA:95,26
DA:96,26
DA:97,26
DA:98,26
DA:99,26
DA:100,26
DA:101,26
DA:102,26
DA:103,26
DA:104,26
DA:105,26
DA:106,26
DA:107,26
DA:108,26
DA:109,26
DA:110,26
DA:111,26
DA:112,26
DA:113,26
DA:114,26
DA:115,26
DA:116,26
DA:117,26
DA:118,26
DA:119,26
DA:120,26
DA:121,26
DA:124,26
DA:129,26
DA:130,26
DA:131,26
DA:132,26
DA:133,26
DA:134,26
DA:135,26
DA:136,26
DA:137,26
DA:138,26
DA:139,26
DA:140,26
DA:141,26
DA:142,26
DA:143,26
DA:144,26
DA:145,26
DA:146,26
DA:147,26
DA:148,26
DA:149,26
DA:150,26
DA:151,26
DA:152,26
DA:153,26
DA:156,26
DA:158,26
DA:159,26
DA:160,26
LF:115
LH:115
BRDA:91,0,0,2
BRDA:91,0,1,0
BRF:2
BRH:1
end_of_record
TN:
SF:src/parser.ts
FN:23,(anonymous_16)
FN:83,(anonymous_17)
FN:83,(anonymous_18)
FN:94,(anonymous_19)
FN:127,(anonymous_20)
FN:129,(anonymous_21)
FN:290,(anonymous_22)
FN:326,(anonymous_23)
FN:344,(anonymous_25)
FN:375,(anonymous_26)
FN:390,(anonymous_27)
FN:391,(anonymous_28)
FN:393,(anonymous_29)
FN:396,(anonymous_30)
FN:448,(anonymous_31)
FN:456,(anonymous_32)
FN:464,(anonymous_33)
FN:525,(anonymous_34)
FN:527,(anonymous_35)
FN:592,(anonymous_36)
FN:644,(anonymous_38)
FN:697,(anonymous_39)
FN:720,(anonymous_40)
FN:734,(anonymous_41)
FN:744,(anonymous_42)
FN:760,(anonymous_43)
FN:764,(anonymous_46)
FN:764,(anonymous_47)
FNF:28
FNH:28
FNDA:572,(anonymous_16)
FNDA:469,(anonymous_17)
FNDA:566,(anonymous_18)
FNDA:222,(anonymous_19)
FNDA:4792,(anonymous_20)
FNDA:49,(anonymous_21)
FNDA:45,(anonymous_22)
FNDA:81,(anonymous_23)
FNDA:102,(anonymous_25)
FNDA:140,(anonymous_26)
FNDA:69,(anonymous_27)
FNDA:98,(anonymous_28)
FNDA:69,(anonymous_29)
FNDA:6,(anonymous_30)
FNDA:5,(anonymous_31)
FNDA:5,(anonymous_32)
FNDA:5,(anonymous_33)
FNDA:21,(anonymous_34)
FNDA:21,(anonymous_35)
FNDA:10,(anonymous_36)
FNDA:6,(anonymous_38)
FNDA:7,(anonymous_39)
FNDA:4,(anonymous_40)
FNDA:4,(anonymous_41)
FNDA:4,(anonymous_42)
FNDA:66,(anonymous_43)
FNDA:20,(anonymous_46)
FNDA:20,(anonymous_47)
DA:1,52
DA:3,26
DA:9,26
DA:10,26
DA:11,26
DA:23,26
DA:24,572
DA:25,377
DA:26,91
DA:27,90
DA:29,286
DA:30,248
DA:31,246
DA:32,246
DA:33,244
DA:34,234
DA:35,143
DA:36,127
DA:37,127
DA:38,127
DA:39,80
DA:45,8
DA:47,72
DA:49,0
DA:52,26
DA:81,26
DA:83,469
DA:85,750
DA:87,566
DA:94,566
DA:95,222
DA:96,222
DA:99,222
DA:105,222
DA:117,566
DA:119,566
DA:120,566
DA:121,566
DA:125,566
DA:126,566
DA:127,4792
DA:129,566
DA:131,566
DA:135,542
DA:143,566
DA:146,566
DA:147,566
DA:148,566
DA:149,566
DA:151,566
DA:153,143
DA:154,34
DA:161,34
DA:163,109
DA:165,109
DA:167,66
DA:168,20
DA:175,20
DA:177,46
DA:178,0
DA:185,0
DA:187,46
DA:188,46
DA:190,6
DA:191,5
DA:198,5
DA:200,1
DA:201,1
DA:203,19
DA:204,9
DA:211,9
DA:213,10
DA:214,10
DA:216,52
DA:217,28
DA:224,28
DA:226,24
DA:227,24
DA:229,18
DA:230,14
DA:237,14
DA:239,4
DA:240,4
DA:242,7
DA:243,7
DA:245,0
DA:246,0
DA:248,3
DA:252,1
DA:259,1
DA:261,2
DA:262,2
DA:264,27
DA:265,2
DA:272,2
DA:275,25
DA:276,2
DA:279,2
DA:289,23
DA:291,45
DA:292,45
DA:299,1
DA:300,1
DA:301,1
DA:308,23
DA:310,63
DA:311,11
DA:318,11
DA:321,52
DA:323,52
DA:324,52
DA:325,52
DA:326,81
DA:328,52
DA:329,10
DA:330,5
DA:337,10
DA:338,6
DA:343,104
DA:344,102
DA:345,102
DA:346,102
DA:351,17
DA:352,17
DA:353,17
DA:366,52
DA:368,52
DA:371,70
DA:372,70
DA:374,70
DA:376,140
DA:377,140
DA:380,69
DA:381,69
DA:384,71
DA:385,71
DA:391,98
DA:395,69
DA:396,3
DA:397,6
DA:399,3
DA:400,0
DA:402,3
DA:409,3
DA:412,66
DA:441,70
DA:447,5
DA:449,5
DA:450,5
DA:452,1
DA:453,1
DA:457,5
DA:458,5
DA:460,1
DA:461,1
DA:464,5
DA:465,5
DA:467,3
DA:468,3
DA:470,3
DA:471,2
DA:472,1
DA:476,1
DA:478,0
DA:486,5
DA:489,15
DA:490,1
DA:497,1
DA:499,14
DA:500,1
DA:508,13
DA:509,0
DA:520,14
DA:524,14
DA:526,21
DA:527,21
DA:528,21
DA:529,21
DA:534,7
DA:554,14
DA:556,0
DA:557,0
DA:558,0
DA:560,34
DA:561,21
DA:568,34
DA:569,34
DA:571,3
DA:572,1
DA:579,3
DA:580,3
DA:582,10
DA:583,0
DA:590,0
DA:592,28
DA:593,10
DA:594,10
DA:596,3
DA:597,3
DA:598,3
DA:604,3
DA:606,0
DA:609,7
DA:611,7
DA:612,7
DA:614,3
DA:615,3
DA:616,3
DA:622,3
DA:624,0
DA:627,10
DA:629,10
DA:631,5
DA:632,1
DA:639,1
DA:642,4
DA:643,6
DA:644,6
DA:645,6
DA:646,6
DA:651,3
DA:655,4
DA:657,4
DA:659,7
DA:660,5
DA:667,5
DA:669,2
DA:670,1
DA:675,1
DA:677,1
DA:678,1
DA:681,9
DA:682,9
DA:683,1
DA:690,1
DA:694,8
DA:696,8
DA:698,7
DA:699,7
DA:700,4
DA:702,3
DA:717,8
DA:719,4
DA:721,4
DA:722,4
DA:724,0
DA:735,4
DA:736,4
DA:738,0
DA:739,0
DA:741,0
DA:745,4
DA:746,4
DA:748,0
DA:751,4
DA:753,0
DA:754,0
DA:757,431
DA:759,431
DA:760,66
DA:761,33
DA:763,64
DA:764,20
DA:765,20
DA:766,20
DA:767,17
DA:768,17
DA:774,32
DA:775,0
DA:783,32
DA:784,18
DA:787,14
DA:790,33
DA:793,398
DA:794,398
DA:795,398
DA:796,398
DA:797,398
DA:798,6
DA:799,6
DA:801,6
DA:802,0
DA:803,0
DA:804,0
DA:806,6
DA:807,0
DA:817,796
DA:818,68
DA:819,68
DA:820,2
DA:823,66
DA:824,33
DA:825,33
DA:828,396
DA:829,83
DA:831,313
DA:832,0
DA:839,313
LF:298
LH:270
BRDA:24,0,0,195
BRDA:24,0,1,377
BRDA:25,1,0,91
BRDA:25,1,1,286
BRDA:26,2,0,1
BRDA:26,2,1,90
BRDA:29,3,0,38
BRDA:29,3,1,248
BRDA:30,4,0,2
BRDA:30,4,1,246
BRDA:31,5,0,0
BRDA:31,5,1,246
BRDA:32,6,0,2
BRDA:32,6,1,244
BRDA:33,7,0,10
BRDA:33,7,1,234
BRDA:34,8,0,91
BRDA:34,8,1,143
BRDA:35,9,0,16
BRDA:35,9,1,127
BRDA:36,10,0,0
BRDA:36,10,1,127
BRDA:37,11,0,127
BRDA:37,11,1,0
BRDA:38,12,0,47
BRDA:38,12,1,80
BRDA:39,13,0,8
BRDA:39,13,1,72
BRDA:40,14,0,80
BRDA:40,14,1,9
BRDA:40,14,2,9
BRDA:40,14,3,9
BRDA:85,15,0,184
BRDA:85,15,1,382
BRDA:88,16,0,566
BRDA:88,16,1,27
BRDA:89,17,0,566
BRDA:89,17,1,27
BRDA:90,18,0,566
BRDA:90,18,1,24
BRDA:91,19,0,566
BRDA:91,19,1,529
BRDA:100,20,0,220
BRDA:100,20,1,2
BRDA:107,21,0,222
BRDA:107,21,1,221
BRDA:109,22,0,222
BRDA:109,22,1,201
BRDA:125,23,0,566
BRDA:125,23,1,0
BRDA:131,24,0,24
BRDA:131,24,1,542
BRDA:131,25,0,566
BRDA:131,25,1,24
BRDA:152,26,0,143
BRDA:152,26,1,66
BRDA:152,26,2,6
BRDA:152,26,3,19
BRDA:152,26,4,52
BRDA:152,26,5,18
BRDA:152,26,6,7
BRDA:152,26,7,0
BRDA:152,26,8,3
BRDA:152,26,9,27
BRDA:152,26,10,63
BRDA:152,26,11,70
BRDA:152,26,12,5
BRDA:152,26,13,15
BRDA:152,26,14,0
BRDA:152,26,15,34
BRDA:152,26,16,3
BRDA:152,26,17,10
BRDA:152,26,18,5
BRDA:152,26,19,7
BRDA:152,26,20,9
BRDA:152,26,21,4
BRDA:152,26,22,0
BRDA:153,27,0,34
BRDA:153,27,1,109
BRDA:167,28,0,20
BRDA:167,28,1,46
BRDA:177,29,0,0
BRDA:177,29,1,46
BRDA:190,30,0,5
BRDA:190,30,1,1
BRDA:203,31,0,9
BRDA:203,31,1,10
BRDA:216,32,0,28
BRDA:216,32,1,24
BRDA:229,33,0,14
BRDA:229,33,1,4
BRDA:248,34,0,1
BRDA:248,34,1,2
BRDA:249,35,0,3
BRDA:249,35,1,2
BRDA:264,36,0,2
BRDA:264,36,1,25
BRDA:275,37,0,2
BRDA:275,37,1,23
BRDA:275,38,0,25
BRDA:275,38,1,4
BRDA:310,39,0,11
BRDA:310,39,1,52
BRDA:328,40,0,10
BRDA:328,40,1,42
BRDA:329,41,0,5
BRDA:329,41,1,5
BRDA:395,42,0,3
BRDA:395,42,1,66
BRDA:399,43,0,0
BRDA:399,43,1,3
BRDA:465,44,0,2
BRDA:465,44,1,3
BRDA:465,45,0,5
BRDA:465,45,1,4
BRDA:470,46,0,2
BRDA:470,46,1,1
BRDA:472,47,0,1
BRDA:472,47,1,0
BRDA:473,48,0,1
BRDA:473,48,1,1
BRDA:489,49,0,1
BRDA:489,49,1,14
BRDA:499,50,0,1
BRDA:499,50,1,13
BRDA:508,51,0,0
BRDA:508,51,1,13
BRDA:560,52,0,21
BRDA:560,52,1,13
BRDA:571,53,0,1
BRDA:571,53,1,2
BRDA:582,54,0,0
BRDA:582,54,1,10
BRDA:596,55,0,3
BRDA:596,55,1,0
BRDA:614,56,0,3
BRDA:614,56,1,0
BRDA:631,57,0,1
BRDA:631,57,1,4
BRDA:659,58,0,5
BRDA:659,58,1,2
BRDA:669,59,0,1
BRDA:669,59,1,1
BRDA:682,60,0,1
BRDA:682,60,1,8
BRDA:682,61,0,9
BRDA:682,61,1,1
BRDA:694,62,0,8
BRDA:694,62,1,0
BRDA:738,63,0,0
BRDA:738,63,1,0
BRDA:757,64,0,431
BRDA:757,64,1,348
BRDA:759,65,0,33
BRDA:759,65,1,398
BRDA:761,66,0,33
BRDA:765,67,0,20
BRDA:766,68,0,17
BRDA:766,68,1,3
BRDA:774,69,0,0
BRDA:774,69,1,32
BRDA:774,70,0,32
BRDA:774,70,1,1
BRDA:783,71,0,18
BRDA:783,71,1,14
BRDA:797,72,0,6
BRDA:797,72,1,392
BRDA:801,73,0,0
BRDA:801,73,1,6
BRDA:803,74,0,0
BRDA:803,74,1,0
BRDA:806,75,0,0
BRDA:806,75,1,6
BRDA:819,76,0,2
BRDA:819,76,1,66
BRDA:823,77,0,33
BRDA:823,77,1,33
BRDA:828,78,0,83
BRDA:828,78,1,313
BRDA:831,79,0,0
BRDA:831,79,1,313
BRF:181
BRH:158
end_of_record
TN:
SF:src/helpers/Mocker.ts
FN:1,getRandomInt
FN:5,(anonymous_1)
FN:6,(anonymous_3)
FN:10,(anonymous_4)
FN:15,(anonymous_5)
FN:18,(anonymous_6)
FN:21,(anonymous_7)
FN:24,(anonymous_8)
FN:27,(anonymous_9)
FN:30,(anonymous_10)
FN:33,(anonymous_11)
FN:36,(anonymous_12)
FN:39,(anonymous_13)
FN:42,(anonymous_14)
FN:45,(anonymous_15)
FN:48,(anonymous_16)
FNF:16
FNH:16
FNDA:6,getRandomInt
FNDA:4,(anonymous_1)
FNDA:6,(anonymous_3)
FNDA:11,(anonymous_4)
FNDA:10,(anonymous_5)
FNDA:2,(anonymous_6)
FNDA:11,(anonymous_7)
FNDA:1,(anonymous_8)
FNDA:11,(anonymous_9)
FNDA:11,(anonymous_10)
FNDA:1,(anonymous_11)
FNDA:1,(anonymous_12)
FNDA:1,(anonymous_13)
FNDA:1,(anonymous_14)
FNDA:1,(anonymous_15)
FNDA:1,(anonymous_16)
DA:2,6
DA:5,2
DA:6,24
DA:7,6
DA:10,2
DA:11,11
DA:15,2
DA:16,10
DA:18,2
DA:19,2
DA:21,2
DA:22,11
DA:24,2
DA:25,1
DA:27,2
DA:28,11
DA:30,2
DA:31,11
DA:33,2
DA:34,1
DA:36,2
DA:37,1
DA:39,2
DA:40,1
DA:42,2
DA:43,1
DA:45,2
DA:46,1
DA:48,2
DA:49,1
DA:51,2
LF:31
LH:31
BRF:0
BRH:0
end_of_record
TN:
SF:src/helpers/errorUtil.ts
FN:1,(anonymous_0)
FN:3,(anonymous_1)
FNF:2
FNH:2
FNDA:26,(anonymous_0)
FNDA:40,(anonymous_1)
DA:1,26
DA:3,40
LF:2
LH:2
BRDA:3,0,0,6
BRDA:3,0,1,34
BRDA:3,1,0,34
BRDA:3,1,1,25
BRDA:1,2,0,26
BRDA:1,2,1,26
BRF:6
BRH:6
end_of_record
TN:
SF:src/helpers/objectUtil.ts
FN:5,(anonymous_2)
FN:62,(anonymous_3)
FN:65,(anonymous_4)
FN:78,(anonymous_5)
FN:78,(anonymous_6)
FN:95,(anonymous_7)
FNF:6
FNH:6
FNDA:26,(anonymous_2)
FNDA:1,(anonymous_3)
FNDA:1,(anonymous_4)
FNDA:56,(anonymous_5)
FNDA:1,(anonymous_6)
FNDA:7,(anonymous_7)
DA:1,26
DA:2,26
DA:3,26
DA:5,26
DA:62,26
DA:63,1
DA:64,1
DA:65,1
DA:67,1
DA:68,2
DA:69,1
DA:71,1
DA:78,56
DA:87,1
DA:88,1
DA:95,7
DA:97,1
LF:17
LH:17
BRDA:90,0,0,1
BRDA:90,0,1,1
BRDA:90,1,0,1
BRDA:90,1,1,1
BRDA:93,2,0,1
BRDA:93,2,1,1
BRDA:5,3,0,26
BRDA:5,3,1,26
BRF:8
BRH:8
end_of_record
TN:
SF:src/helpers/util.ts
FN:1,(anonymous_0)
FN:4,assertNever
FN:12,(anonymous_2)
FNF:3
FNH:2
FNDA:26,(anonymous_0)
FNDA:0,assertNever
FNDA:52,(anonymous_2)
DA:1,26
DA:4,26
DA:5,0
DA:12,26
DA:13,52
DA:14,780
DA:15,780
DA:17,52
LF:8
LH:7
BRDA:1,0,0,26
BRDA:1,0,1,26
BRF:2
BRH:2
end_of_record
TN:
SF:src/types/any.ts
FN:10,(anonymous_7)
FN:13,(anonymous_9)
FN:15,(anonymous_10)
FNF:3
FNH:3
FNDA:31,(anonymous_7)
FNDA:1,(anonymous_9)
FNDA:3,(anonymous_10)
DA:1,26
DA:10,26
DA:13,5
DA:15,26
DA:16,3
DA:20,26
LF:6
LH:6
BRDA:10,0,0,5
BRDA:10,0,1,5
BRDA:10,0,2,5
BRF:3
BRH:3
end_of_record
TN:
SF:src/types/array.ts
FN:13,(anonymous_9)
FN:14,(anonymous_11)
FN:30,(anonymous_12)
FN:32,(anonymous_13)
FN:40,(anonymous_14)
FN:42,(anonymous_15)
FN:50,(anonymous_16)
FN:52,(anonymous_17)
FN:22,(anonymous_18)
FN:56,(anonymous_19)
FN:65,(anonymous_20)
FN:66,(anonymous_22)
FN:77,(anonymous_23)
FN:79,(anonymous_24)
FN:87,(anonymous_25)
FN:89,(anonymous_26)
FN:97,(anonymous_27)
FNF:17
FNH:12
FNDA:49,(anonymous_9)
FNDA:1,(anonymous_11)
FNDA:5,(anonymous_12)
FNDA:9,(anonymous_13)
FNDA:3,(anonymous_14)
FNDA:7,(anonymous_15)
FNDA:1,(anonymous_16)
FNDA:3,(anonymous_17)
FNDA:2,(anonymous_18)
FNDA:15,(anonymous_19)
FNDA:29,(anonymous_20)
FNDA:1,(anonymous_22)
FNDA:0,(anonymous_23)
FNDA:0,(anonymous_24)
FNDA:0,(anonymous_25)
FNDA:0,(anonymous_26)
FNDA:0,(anonymous_27)
DA:1,26
DA:5,26
DA:13,26
DA:14,23
DA:15,1
DA:22,26
DA:23,2
DA:30,23
DA:31,5
DA:32,9
DA:40,23
DA:41,3
DA:42,7
DA:50,23
DA:52,23
DA:53,3
DA:56,26
DA:57,15
DA:63,26
DA:65,26
DA:66,3
DA:67,1
DA:77,3
DA:78,0
DA:79,0
DA:87,3
DA:88,0
DA:89,0
DA:97,3
DA:98,26
LF:30
LH:26
BRDA:13,0,0,23
BRDA:13,0,1,23
BRDA:13,0,2,23
BRDA:37,1,0,1
BRDA:37,1,1,4
BRDA:47,2,0,0
BRDA:47,2,1,3
BRDA:65,3,0,3
BRDA:65,3,1,3
BRDA:65,3,2,3
BRDA:84,4,0,0
BRDA:84,4,1,0
BRDA:94,5,0,0
BRDA:94,5,1,0
BRF:14
BRH:9
end_of_record
TN:
SF:src/types/base.ts
FN:13,(anonymous_14)
FN:60,(anonymous_15)
FN:116,ZodType
FN:71,(anonymous_17)
FN:71,(anonymous_18)
FN:93,(anonymous_20)
FN:103,(anonymous_21)
FN:109,(anonymous_22)
FN:123,(anonymous_23)
FN:125,(anonymous_24)
FN:127,(anonymous_25)
FN:153,(anonymous_26)
FN:162,(anonymous_27)
FN:163,(anonymous_28)
FN:185,(anonymous_29)
FN:75,(anonymous_30)
FN:84,(anonymous_31)
FNF:17
FNH:15
FNDA:26,(anonymous_14)
FNDA:26,(anonymous_15)
FNDA:469,ZodType
FNDA:24,(anonymous_17)
FNDA:24,(anonymous_18)
FNDA:14,(anonymous_20)
FNDA:17,(anonymous_21)
FNDA:64,(anonymous_22)
FNDA:42,(anonymous_23)
FNDA:17,(anonymous_24)
FNDA:4,(anonymous_25)
FNDA:0,(anonymous_26)
FNDA:1,(anonymous_27)
FNDA:1,(anonymous_28)
FNDA:0,(anonymous_29)
FNDA:2,(anonymous_30)
FNDA:2,(anonymous_31)
DA:1,26
DA:3,26
DA:13,26
DA:14,26
DA:15,26
DA:16,26
DA:17,26
DA:18,26
DA:19,26
DA:20,26
DA:21,26
DA:22,26
DA:23,26
DA:24,26
DA:25,26
DA:26,26
DA:27,26
DA:28,26
DA:29,26
DA:30,26
DA:31,26
DA:32,26
DA:33,26
DA:34,26
DA:35,26
DA:60,26
DA:68,469
DA:71,24
DA:72,24
DA:75,26
DA:76,2
DA:77,2
DA:78,1
DA:80,1
DA:84,26
DA:85,2
DA:86,2
DA:87,1
DA:89,1
DA:93,469
DA:95,22
DA:97,14
DA:98,11
DA:100,3
DA:103,469
DA:104,17
DA:107,469
DA:110,64
DA:116,469
DA:117,469
DA:118,469
DA:123,469
DA:124,42
DA:125,469
DA:126,17
DA:127,469
DA:146,469
DA:154,0
DA:157,469
DA:163,1
DA:164,1
DA:185,469
DA:186,0
DA:188,26
LF:64
LH:62
BRDA:13,0,0,26
BRDA:13,0,1,26
BRDA:72,1,0,24
BRDA:72,1,1,23
BRDA:95,2,0,8
BRDA:95,2,1,6
BRDA:97,3,0,11
BRDA:97,3,1,3
BRDA:112,4,0,64
BRDA:112,4,1,60
BRDA:164,5,0,1
BRDA:164,5,1,1
BRF:12
BRH:12
end_of_record
TN:
SF:src/types/bigint.ts
FN:10,(anonymous_7)
FN:15,(anonymous_9)
FN:17,(anonymous_10)
FNF:3
FNH:2
FNDA:29,(anonymous_7)
FNDA:0,(anonymous_9)
FNDA:3,(anonymous_10)
DA:1,26
DA:10,26
DA:15,3
DA:17,26
DA:18,3
DA:22,26
LF:6
LH:6
BRDA:10,0,0,3
BRDA:10,0,1,3
BRDA:10,0,2,3
BRF:3
BRH:3
end_of_record
TN:
SF:src/types/boolean.ts
FN:10,(anonymous_7)
FN:15,(anonymous_9)
FN:16,(anonymous_10)
FNF:3
FNH:3
FNDA:36,(anonymous_7)
FNDA:3,(anonymous_9)
FNDA:10,(anonymous_10)
DA:1,26
DA:10,26
DA:15,10
DA:16,26
DA:17,10
DA:21,26
LF:6
LH:6
BRDA:10,0,0,10
BRDA:10,0,1,10
BRDA:10,0,2,10
BRF:3
BRH:3
end_of_record
TN:
SF:src/types/date.ts
FN:10,(anonymous_7)
FN:15,(anonymous_9)
FN:16,(anonymous_10)
FNF:3
FNH:2
FNDA:29,(anonymous_7)
FNDA:0,(anonymous_9)
FNDA:3,(anonymous_10)
DA:1,26
DA:10,26
DA:15,3
DA:16,26
DA:17,3
DA:21,26
LF:6
LH:6
BRDA:10,0,0,3
BRDA:10,0,1,3
BRDA:10,0,2,3
BRF:3
BRH:3
end_of_record
TN:
SF:src/types/enum.ts
FN:20,(anonymous_7)
FN:25,(anonymous_9)
FN:27,(anonymous_10)
FN:31,(anonymous_11)
FN:39,(anonymous_12)
FN:47,(anonymous_13)
FN:55,(anonymous_14)
FNF:7
FNH:7
FNDA:32,(anonymous_7)
FNDA:2,(anonymous_9)
FNDA:1,(anonymous_10)
FNDA:1,(anonymous_11)
FNDA:1,(anonymous_12)
FNDA:1,(anonymous_13)
FNDA:6,(anonymous_14)
DA:1,26
DA:20,26
DA:25,6
DA:27,26
DA:28,1
DA:31,26
DA:32,1
DA:33,3
DA:34,3
DA:36,1
DA:39,26
DA:40,1
DA:41,3
DA:42,3
DA:44,1
DA:47,26
DA:48,1
DA:49,3
DA:50,3
DA:52,1
DA:55,26
DA:56,6
DA:61,26
LF:23
LH:23
BRDA:20,0,0,6
BRDA:20,0,1,6
BRDA:20,0,2,6
BRF:3
BRH:3
end_of_record
TN:
SF:src/types/function.ts
FN:21,(anonymous_9)
FN:28,(anonymous_11)
FN:37,(anonymous_12)
FN:46,(anonymous_13)
FN:68,(anonymous_14)
FN:53,(anonymous_15)
FNF:6
FNH:6
FNDA:35,(anonymous_9)
FNDA:1,(anonymous_11)
FNDA:1,(anonymous_12)
FNDA:6,(anonymous_13)
FNDA:1,(anonymous_14)
FNDA:7,(anonymous_15)
DA:1,26
DA:2,26
DA:6,26
DA:21,26
DA:28,9
DA:29,3
DA:31,1
DA:37,9
DA:40,1
DA:46,9
DA:47,6
DA:48,6
DA:51,9
DA:53,26
DA:57,7
DA:68,9
DA:69,1
DA:75,26
LF:18
LH:18
BRDA:21,0,0,9
BRDA:21,0,1,9
BRDA:21,0,2,9
BRDA:59,1,0,7
BRDA:59,1,1,1
BRDA:60,2,0,7
BRDA:60,2,1,1
BRF:7
BRH:7
end_of_record
TN:
SF:src/types/intersection.ts
FN:15,(anonymous_7)
FN:23,(anonymous_9)
FN:29,(anonymous_10)
FNF:3
FNH:3
FNDA:31,(anonymous_7)
FNDA:3,(anonymous_9)
FNDA:5,(anonymous_10)
DA:1,26
DA:15,26
DA:18,26
DA:23,5
DA:29,26
DA:33,5
DA:39,26
LF:7
LH:7
BRDA:15,0,0,5
BRDA:15,0,1,5
BRDA:15,0,2,5
BRF:3
BRH:3
end_of_record
TN:
SF:src/types/lazy.ts
FN:11,(anonymous_7)
FN:20,(anonymous_9)
FN:12,(anonymous_10)
FN:24,(anonymous_11)
FNF:4
FNH:1
FNDA:26,(anonymous_7)
FNDA:0,(anonymous_9)
FNDA:0,(anonymous_10)
FNDA:0,(anonymous_11)
DA:1,26
DA:11,26
DA:12,26
DA:13,0
DA:20,0
DA:21,0
DA:24,26
DA:25,0
DA:30,26
LF:9
LH:5
BRDA:11,0,0,0
BRDA:11,0,1,0
BRDA:11,0,2,0
BRF:3
BRH:0
end_of_record
TN:
SF:src/types/literal.ts
FN:14,(anonymous_7)
FN:19,(anonymous_9)
FN:21,(anonymous_10)
FNF:3
FNH:3
FNDA:34,(anonymous_7)
FNDA:3,(anonymous_9)
FNDA:8,(anonymous_10)
DA:1,26
DA:14,26
DA:19,8
DA:21,26
DA:22,8
DA:27,26
LF:6
LH:6
BRDA:14,0,0,8
BRDA:14,0,1,8
BRDA:14,0,2,8
BRF:3
BRH:3
end_of_record
TN:
SF:src/types/null.ts
FN:9,(anonymous_7)
FN:14,(anonymous_9)
FN:15,(anonymous_10)
FNF:3
FNH:3
FNDA:45,(anonymous_7)
FNDA:8,(anonymous_9)
FNDA:19,(anonymous_10)
DA:1,26
DA:9,26
DA:14,19
DA:15,26
DA:16,19
DA:20,26
LF:6
LH:6
BRDA:9,0,0,19
BRDA:9,0,1,19
BRDA:9,0,2,19
BRF:3
BRH:3
end_of_record
TN:
SF:src/types/number.ts
FN:12,(anonymous_9)
FN:17,(anonymous_11)
FN:24,(anonymous_12)
FN:26,(anonymous_13)
FN:34,(anonymous_14)
FN:36,(anonymous_15)
FN:44,(anonymous_16)
FN:46,(anonymous_17)
FN:53,(anonymous_18)
FN:55,(anonymous_19)
FN:63,(anonymous_20)
FN:65,(anonymous_21)
FN:73,(anonymous_22)
FN:75,(anonymous_23)
FN:83,(anonymous_24)
FN:85,(anonymous_25)
FN:18,(anonymous_26)
FNF:17
FNH:17
FNDA:81,(anonymous_9)
FNDA:6,(anonymous_11)
FNDA:2,(anonymous_12)
FNDA:4,(anonymous_13)
FNDA:2,(anonymous_14)
FNDA:4,(anonymous_15)
FNDA:2,(anonymous_16)
FNDA:3,(anonymous_17)
FNDA:1,(anonymous_18)
FNDA:1,(anonymous_19)
FNDA:1,(anonymous_20)
FNDA:1,(anonymous_21)
FNDA:1,(anonymous_22)
FNDA:1,(anonymous_23)
FNDA:1,(anonymous_24)
FNDA:1,(anonymous_25)
FNDA:41,(anonymous_26)
DA:1,26
DA:5,26
DA:6,26
DA:12,55
DA:17,55
DA:18,26
DA:19,41
DA:24,55
DA:25,2
DA:26,4
DA:34,55
DA:35,2
DA:36,4
DA:44,55
DA:45,2
DA:46,3
DA:53,55
DA:54,1
DA:55,1
DA:63,55
DA:64,1
DA:65,1
DA:73,55
DA:74,1
DA:75,1
DA:83,55
DA:84,1
DA:85,1
DA:92,26
LF:29
LH:29
BRDA:12,0,0,55
BRDA:12,0,1,55
BRDA:12,0,2,55
BRF:3
BRH:3
end_of_record
TN:
SF:src/types/object.ts
FN:8,(anonymous_9)
FN:8,(anonymous_10)
FN:17,(anonymous_11)
FN:33,(anonymous_12)
FN:37,(anonymous_13)
FN:66,(anonymous_14)
FN:86,(anonymous_16)
FN:88,(anonymous_17)
FN:117,(anonymous_18)
FN:121,(anonymous_19)
FN:126,(anonymous_20)
FN:130,(anonymous_21)
FN:134,(anonymous_22)
FN:141,(anonymous_23)
FN:145,(anonymous_24)
FN:152,(anonymous_25)
FN:156,(anonymous_26)
FN:172,(anonymous_27)
FN:176,(anonymous_28)
FN:189,(anonymous_29)
FN:74,(anonymous_30)
FN:78,(anonymous_31)
FN:82,(anonymous_32)
FN:195,(anonymous_33)
FN:199,(anonymous_34)
FN:206,(anonymous_35)
FNF:26
FNH:24
FNDA:112,(anonymous_9)
FNDA:2,(anonymous_10)
FNDA:12,(anonymous_11)
FNDA:5,(anonymous_12)
FNDA:14,(anonymous_13)
FNDA:82,(anonymous_14)
FNDA:5,(anonymous_16)
FNDA:6,(anonymous_17)
FNDA:6,(anonymous_18)
FNDA:6,(anonymous_19)
FNDA:14,(anonymous_20)
FNDA:3,(anonymous_21)
FNDA:9,(anonymous_22)
FNDA:12,(anonymous_23)
FNDA:3,(anonymous_24)
FNDA:23,(anonymous_25)
FNDA:1,(anonymous_26)
FNDA:1,(anonymous_27)
FNDA:6,(anonymous_28)
FNDA:23,(anonymous_29)
FNDA:66,(anonymous_30)
FNDA:2,(anonymous_31)
FNDA:0,(anonymous_32)
FNDA:25,(anonymous_33)
FNDA:166,(anonymous_34)
FNDA:0,(anonymous_35)
DA:1,26
DA:2,26
DA:4,26
DA:5,26
DA:8,112
DA:15,2
DA:17,12
DA:33,26
DA:37,14
DA:66,56
DA:70,26
DA:74,26
DA:75,66
DA:78,26
DA:79,2
DA:82,26
DA:83,0
DA:86,56
DA:88,56
DA:89,6
DA:103,56
DA:104,56
DA:111,56
DA:117,56
DA:120,6
DA:121,6
DA:122,6
DA:124,6
DA:126,14
DA:130,56
DA:133,3
DA:134,3
DA:135,9
DA:136,6
DA:139,3
DA:141,12
DA:145,56
DA:146,3
DA:147,3
DA:148,8
DA:150,3
DA:152,23
DA:156,56
DA:157,1
DA:158,1
DA:159,4
DA:160,4
DA:161,2
DA:162,1
DA:163,1
DA:164,1
DA:167,2
DA:170,1
DA:172,1
DA:176,56
DA:177,6
DA:179,6
DA:180,12
DA:181,12
DA:182,3
DA:184,9
DA:187,6
DA:189,23
DA:195,26
DA:196,25
DA:199,166
DA:206,26
DA:207,0
DA:216,26
LF:69
LH:67
BRDA:66,0,0,56
BRDA:66,0,1,56
BRDA:66,0,2,56
BRDA:135,1,0,6
BRDA:135,1,1,3
BRDA:160,2,0,2
BRDA:160,2,1,2
BRDA:160,3,0,4
BRDA:160,3,1,3
BRDA:161,4,0,1
BRDA:161,4,1,1
BRDA:163,5,0,1
BRDA:163,5,1,0
BRDA:181,6,0,3
BRDA:181,6,1,9
BRF:15
BRH:14
end_of_record
TN:
SF:src/types/promise.ts
FN:11,(anonymous_7)
FN:12,(anonymous_9)
FN:23,(anonymous_10)
FNF:3
FNH:3
FNDA:29,(anonymous_7)
FNDA:1,(anonymous_9)
FNDA:3,(anonymous_10)
DA:1,26
DA:11,26
DA:12,3
DA:13,1
DA:23,26
DA:24,3
DA:29,26
LF:7
LH:7
BRDA:11,0,0,3
BRDA:11,0,1,3
BRDA:11,0,2,3
BRF:3
BRH:3
end_of_record
TN:
SF:src/types/record.ts
FN:11,(anonymous_7)
FN:17,(anonymous_9)
FN:26,(anonymous_10)
FNF:3
FNH:3
FNDA:27,(anonymous_7)
FNDA:1,(anonymous_9)
FNDA:1,(anonymous_10)
DA:1,26
DA:11,26
DA:17,1
DA:26,26
DA:27,1
DA:32,26
LF:6
LH:6
BRDA:11,0,0,1
BRDA:11,0,1,1
BRDA:11,0,2,1
BRF:3
BRH:3
end_of_record
TN:
SF:src/types/string.ts
FN:20,(anonymous_9)
FN:25,(anonymous_11)
FN:26,(anonymous_12)
FN:28,(anonymous_13)
FN:36,(anonymous_14)
FN:38,(anonymous_15)
FN:50,(anonymous_16)
FN:52,(anonymous_17)
FN:58,(anonymous_18)
FN:60,(anonymous_19)
FN:66,(anonymous_20)
FN:68,(anonymous_21)
FN:74,(anonymous_22)
FN:46,(anonymous_23)
FN:76,(anonymous_24)
FNF:15
FNH:15
FNDA:155,(anonymous_9)
FNDA:5,(anonymous_11)
FNDA:8,(anonymous_12)
FNDA:9,(anonymous_13)
FNDA:7,(anonymous_14)
FNDA:7,(anonymous_15)
FNDA:4,(anonymous_16)
FNDA:5,(anonymous_17)
FNDA:6,(anonymous_18)
FNDA:8,(anonymous_19)
FNDA:4,(anonymous_20)
FNDA:2,(anonymous_21)
FNDA:1,(anonymous_22)
FNDA:3,(anonymous_23)
FNDA:92,(anonymous_24)
DA:1,26
DA:5,26
DA:6,26
DA:16,26
DA:17,26
DA:18,26
DA:20,129
DA:25,129
DA:26,129
DA:27,8
DA:28,9
DA:36,129
DA:37,7
DA:38,7
DA:46,26
DA:47,3
DA:50,129
DA:51,4
DA:52,5
DA:58,129
DA:59,6
DA:60,8
DA:66,129
DA:67,4
DA:68,2
DA:74,129
DA:76,26
DA:77,92
DA:82,26
LF:29
LH:29
BRDA:20,0,0,129
BRDA:20,0,1,129
BRDA:20,0,2,129
BRF:3
BRH:3
end_of_record
TN:
SF:src/types/transformer.ts
FN:16,(anonymous_7)
FN:31,(anonymous_9)
FN:24,(anonymous_10)
FN:27,(anonymous_11)
FN:44,(anonymous_12)
FN:57,(anonymous_13)
FN:64,(anonymous_14)
FNF:7
FNH:2
FNDA:30,(anonymous_7)
FNDA:0,(anonymous_9)
FNDA:0,(anonymous_10)
FNDA:0,(anonymous_11)
FNDA:4,(anonymous_12)
FNDA:0,(anonymous_13)
FNDA:0,(anonymous_14)
DA:1,26
DA:16,26
DA:19,26
DA:24,26
DA:25,0
DA:27,26
DA:28,0
DA:31,4
DA:44,26
DA:49,4
DA:57,26
DA:60,0
DA:64,0
DA:67,26
LF:14
LH:10
BRDA:16,0,0,4
BRDA:16,0,1,4
BRDA:16,0,2,4
BRF:3
BRH:3
end_of_record
TN:
SF:src/types/tuple.ts
FN:16,(anonymous_7)
FN:19,(anonymous_9)
FN:21,(anonymous_10)
FN:28,(anonymous_11)
FNF:4
FNH:4
FNDA:38,(anonymous_7)
FNDA:2,(anonymous_9)
FNDA:7,(anonymous_10)
FNDA:12,(anonymous_11)
DA:1,26
DA:16,26
DA:18,26
DA:19,12
DA:21,7
DA:28,26
DA:29,12
DA:34,26
LF:8
LH:8
BRDA:16,0,0,12
BRDA:16,0,1,12
BRDA:16,0,2,12
BRF:3
BRH:3
end_of_record
TN:
SF:src/types/undefined.ts
FN:9,(anonymous_7)
FN:10,(anonymous_9)
FN:16,(anonymous_10)
FNF:3
FNH:3
FNDA:72,(anonymous_7)
FNDA:10,(anonymous_9)
FNDA:46,(anonymous_10)
DA:1,26
DA:9,46
DA:10,46
DA:16,26
DA:17,46
DA:21,26
LF:6
LH:6
BRDA:9,0,0,46
BRDA:9,0,1,46
BRDA:9,0,2,46
BRF:3
BRH:3
end_of_record
TN:
SF:src/types/union.ts
FN:12,(anonymous_7)
FN:23,(anonymous_9)
FN:25,(anonymous_10)
FN:16,(anonymous_11)
FN:32,(anonymous_12)
FNF:5
FNH:5
FNDA:92,(anonymous_7)
FNDA:17,(anonymous_9)
FNDA:34,(anonymous_10)
FNDA:8,(anonymous_11)
FNDA:66,(anonymous_12)
DA:1,26
DA:12,66
DA:16,26
DA:17,8
DA:23,66
DA:25,34
DA:32,26
DA:33,66
DA:38,26
LF:9
LH:9
BRDA:12,0,0,66
BRDA:12,0,1,66
BRDA:12,0,2,66
BRF:3
BRH:3
end_of_record
TN:
SF:src/types/unknown.ts
FN:10,(anonymous_7)
FN:13,(anonymous_9)
FN:15,(anonymous_10)
FNF:3
FNH:3
FNDA:27,(anonymous_7)
FNDA:1,(anonymous_9)
FNDA:1,(anonymous_10)
DA:1,26
DA:10,26
DA:13,1
DA:15,26
DA:16,1
DA:20,26
LF:6
LH:6
BRDA:10,0,0,1
BRDA:10,0,1,1
BRDA:10,0,2,1
BRF:3
BRH:3
end_of_record
TN:
SF:src/types/void.ts
FN:10,(anonymous_7)
FN:13,(anonymous_9)
FN:15,(anonymous_10)
FNF:3
FNH:2
FNDA:28,(anonymous_7)
FNDA:0,(anonymous_9)
FNDA:2,(anonymous_10)
DA:1,26
DA:10,26
DA:13,2
DA:15,26
DA:16,2
DA:20,26
LF:6
LH:6
BRDA:10,0,0,2
BRDA:10,0,1,2
BRDA:10,0,2,2
BRF:3
BRH:3
end_of_record
