TN:
SF:src/PseudoPromise.ts
FN:11,(anonymous_17)
FN:14,PseudoPromise
FN:22,(anonymous_19)
FN:29,(anonymous_20)
FN:39,(anonymous_21)
FN:39,(anonymous_22)
FN:47,(anonymous_24)
FN:55,(anonymous_25)
FN:171,(anonymous_26)
FN:185,(anonymous_27)
FN:205,(anonymous_28)
FN:227,(anonymous_30)
FN:260,(anonymous_31)
FN:272,(anonymous_36)
FN:18,(anonymous_37)
FN:71,(anonymous_38)
FN:72,(anonymous_39)
FN:87,(anonymous_40)
FN:95,(anonymous_43)
FN:95,(anonymous_44)
FN:141,(anonymous_46)
FN:164,(anonymous_47)
FN:168,(anonymous_48)
FNF:23
FNH:23
FNDA:35,(anonymous_17)
FNDA:3652,PseudoPromise
FNDA:95,(anonymous_19)
FNDA:92,(anonymous_20)
FNDA:23,(anonymous_21)
FNDA:23,(anonymous_22)
FNDA:13,(anonymous_24)
FNDA:152,(anonymous_25)
FNDA:1408,(anonymous_26)
FNDA:298,(anonymous_27)
FNDA:828,(anonymous_28)
FNDA:84,(anonymous_30)
FNDA:300,(anonymous_31)
FNDA:32,(anonymous_36)
FNDA:95,(anonymous_37)
FNDA:112,(anonymous_38)
FNDA:96,(anonymous_39)
FNDA:40,(anonymous_40)
FNDA:23,(anonymous_43)
FNDA:23,(anonymous_44)
FNDA:127,(anonymous_46)
FNDA:565,(anonymous_47)
FNDA:503,(anonymous_48)
DA:1,35
DA:2,35
DA:11,35
DA:14,5598
DA:15,3652
DA:18,35
DA:19,95
DA:22,3652
DA:29,95
DA:36,92
DA:37,13
DA:38,13
DA:39,23
DA:41,23
DA:42,22
DA:44,1
DA:48,13
DA:50,13
DA:54,79
DA:55,152
DA:71,35
DA:72,112
DA:73,96
DA:85,96
DA:86,96
DA:87,40
DA:94,20
DA:95,23
DA:97,23
DA:98,23
DA:100,0
DA:101,0
DA:102,0
DA:104,0
DA:109,20
DA:131,23
DA:133,23
DA:136,20
DA:139,20
DA:141,76
DA:142,127
DA:143,127
DA:144,126
DA:146,1
DA:147,0
DA:148,0
DA:150,1
DA:154,75
DA:155,126
DA:157,126
DA:159,75
DA:164,35
DA:165,565
DA:166,0
DA:168,565
DA:171,3652
DA:174,1408
DA:185,3652
DA:186,298
DA:205,3652
DA:207,828
DA:218,3797
DA:219,1271
DA:220,1271
DA:222,1271
DA:223,1074
DA:226,37
DA:227,84
DA:230,37
DA:231,37
DA:232,6
DA:234,31
DA:236,29
DA:237,29
DA:257,820
DA:260,3652
DA:262,150
DA:264,712
DA:265,240
DA:267,275
DA:268,205
DA:271,16
DA:272,32
DA:275,16
DA:277,28
DA:278,4
DA:280,12
DA:281,24
DA:283,12
DA:287,236
DA:288,0
DA:290,236
DA:291,0
DA:302,146
DA:304,35
LF:95
LH:86
BRDA:14,0,0,1946
BRDA:14,0,1,1706
BRDA:36,1,0,13
BRDA:36,1,1,79
BRDA:222,2,0,1074
BRDA:222,2,1,197
BRDA:227,3,0,84
BRDA:227,3,1,31
BRDA:231,4,0,6
BRDA:231,4,1,31
BRDA:231,5,0,37
BRDA:231,5,1,31
BRDA:267,6,0,35
BRDA:267,6,1,205
BRDA:272,7,0,32
BRDA:272,7,1,12
BRDA:277,8,0,12
BRDA:277,8,1,4
BRDA:277,9,0,16
BRDA:277,9,1,12
BRDA:287,10,0,0
BRDA:287,10,1,236
BRDA:290,11,0,0
BRDA:290,11,1,236
BRDA:264,12,0,146
BRDA:264,12,1,240
BRDA:86,13,0,20
BRDA:86,13,1,76
BRDA:94,14,0,20
BRDA:100,15,0,0
BRDA:100,15,1,0
BRDA:109,16,0,0
BRDA:109,16,1,20
BRDA:146,17,0,0
BRDA:146,17,1,1
BRDA:154,18,0,0
BRDA:154,18,1,75
BRDA:165,19,0,0
BRDA:165,19,1,565
BRF:39
BRH:31
end_of_record
TN:
SF:src/ZodError.ts
FN:121,(anonymous_10)
FN:126,(anonymous_11)
FN:133,ZodError
FN:173,(anonymous_13)
FN:177,(anonymous_14)
FN:181,(anonymous_15)
FN:129,(anonymous_16)
FN:146,(anonymous_17)
FN:169,(anonymous_18)
FN:198,(anonymous_19)
FN:141,(anonymous_20)
FNF:11
FNH:9
FNDA:0,(anonymous_10)
FNDA:35,(anonymous_11)
FNDA:988,ZodError
FNDA:308,(anonymous_13)
FNDA:94,(anonymous_14)
FNDA:15,(anonymous_15)
FNDA:0,(anonymous_16)
FNDA:348,(anonymous_17)
FNDA:2052,(anonymous_18)
FNDA:14,(anonymous_19)
FNDA:2,(anonymous_20)
DA:1,35
DA:4,35
DA:121,35
DA:122,0
DA:123,0
DA:126,35
DA:127,988
DA:129,35
DA:130,0
DA:134,988
DA:136,988
DA:137,988
DA:138,988
DA:141,35
DA:142,2
DA:143,2
DA:146,35
DA:147,348
DA:169,35
DA:170,2052
DA:173,988
DA:174,308
DA:177,988
DA:178,94
DA:181,988
DA:185,15
DA:186,15
DA:187,16
DA:188,16
DA:189,2
DA:190,2
DA:192,14
DA:195,15
DA:198,35
DA:199,14
DA:201,35
LF:36
LH:33
BRDA:134,0,0,988
BRDA:134,0,1,0
BRDA:177,1,0,0
BRDA:177,1,1,94
BRDA:188,2,0,2
BRDA:188,2,1,14
BRDA:189,3,0,2
BRDA:189,3,1,2
BRF:8
BRH:6
end_of_record
TN:
SF:src/codegen.ts
FN:8,(anonymous_2)
FN:21,(anonymous_3)
FN:25,(anonymous_5)
FN:29,(anonymous_6)
FN:30,(anonymous_7)
FN:33,(anonymous_8)
FN:34,(anonymous_9)
FN:39,(anonymous_10)
FN:44,(anonymous_11)
FN:49,(anonymous_12)
FN:55,(anonymous_13)
FN:99,(anonymous_14)
FN:111,(anonymous_15)
FN:122,(anonymous_16)
FN:179,(anonymous_17)
FNF:15
FNH:14
FNDA:32,(anonymous_2)
FNDA:36,(anonymous_3)
FNDA:110,(anonymous_5)
FNDA:110,(anonymous_6)
FNDA:2970,(anonymous_7)
FNDA:120,(anonymous_8)
FNDA:3382,(anonymous_9)
FNDA:1,(anonymous_10)
FNDA:55,(anonymous_11)
FNDA:110,(anonymous_12)
FNDA:110,(anonymous_13)
FNDA:8,(anonymous_14)
FNDA:32,(anonymous_15)
FNDA:14,(anonymous_16)
FNDA:0,(anonymous_17)
DA:3,34
DA:4,34
DA:8,34
DA:18,32
DA:21,36
DA:22,2
DA:23,2
DA:25,2
DA:26,110
DA:29,2
DA:30,2970
DA:33,2
DA:34,3382
DA:35,120
DA:36,120
DA:39,2
DA:40,1
DA:44,55
DA:49,2
DA:50,110
DA:51,110
DA:52,110
DA:55,2
DA:56,110
DA:57,110
DA:59,110
DA:61,110
DA:63,110
DA:69,110
DA:71,110
DA:73,10
DA:75,16
DA:77,0
DA:79,4
DA:81,0
DA:83,2
DA:85,2
DA:87,0
DA:89,0
DA:91,0
DA:93,0
DA:95,6
DA:96,6
DA:97,6
DA:99,8
DA:101,10
DA:102,10
DA:104,10
DA:105,32
DA:106,32
DA:107,32
DA:108,32
DA:110,10
DA:111,32
DA:113,10
DA:114,10
DA:116,4
DA:117,14
DA:118,14
DA:119,14
DA:121,4
DA:122,14
DA:124,4
DA:126,6
DA:128,2
DA:129,2
DA:130,2
DA:132,2
DA:133,2
DA:135,2
DA:136,4
DA:137,4
DA:138,4
DA:140,2
DA:142,6
DA:147,0
DA:152,2
DA:154,0
DA:161,0
DA:162,0
DA:165,0
DA:167,18
DA:172,14
DA:174,0
DA:176,10
DA:179,34
DA:180,34
LF:87
LH:75
BRDA:35,0,0,0
BRDA:35,0,1,120
BRDA:57,1,0,0
BRDA:57,1,1,110
BRDA:72,2,0,10
BRDA:72,2,1,16
BRDA:72,2,2,0
BRDA:72,2,3,4
BRDA:72,2,4,0
BRDA:72,2,5,2
BRDA:72,2,6,2
BRDA:72,2,7,0
BRDA:72,2,8,0
BRDA:72,2,9,0
BRDA:72,2,10,0
BRDA:72,2,11,6
BRDA:72,2,12,4
BRDA:72,2,13,10
BRDA:72,2,14,4
BRDA:72,2,15,6
BRDA:72,2,16,2
BRDA:72,2,17,2
BRDA:72,2,18,2
BRDA:72,2,19,6
BRDA:72,2,20,0
BRDA:72,2,21,2
BRDA:72,2,22,0
BRDA:72,2,23,0
BRDA:72,2,24,0
BRDA:72,2,25,18
BRDA:72,2,26,14
BRDA:72,2,27,0
BRDA:96,3,0,4
BRDA:96,3,1,2
BRDA:107,4,0,4
BRDA:107,4,1,28
BRF:36
BRH:23
end_of_record
TN:
SF:src/crazySchema.ts
FN:37,(anonymous_19)
FN:38,(anonymous_20)
FN:40,(anonymous_21)
FN:52,(anonymous_22)
FN:52,(anonymous_23)
FN:53,(anonymous_25)
FN:55,(anonymous_26)
FN:55,(anonymous_27)
FNF:8
FNH:3
FNDA:1,(anonymous_19)
FNDA:3,(anonymous_20)
FNDA:1,(anonymous_21)
FNDA:0,(anonymous_22)
FNDA:0,(anonymous_23)
FNDA:0,(anonymous_25)
FNDA:0,(anonymous_26)
FNDA:0,(anonymous_27)
DA:1,2
DA:3,2
DA:38,3
DA:40,1
DA:51,2
DA:52,0
DA:53,0
DA:55,0
LF:8
LH:5
BRF:0
BRH:0
end_of_record
TN:
SF:src/defaultErrorMap.ts
FN:13,(anonymous_0)
FN:31,(anonymous_1)
FNF:2
FNH:2
FNDA:276,(anonymous_0)
FNDA:7,(anonymous_1)
DA:1,34
DA:2,34
DA:13,34
DA:18,276
DA:20,182
DA:21,73
DA:23,109
DA:25,182
DA:27,3
DA:28,3
DA:30,6
DA:31,7
DA:33,6
DA:35,4
DA:36,4
DA:41,24
DA:42,24
DA:44,13
DA:47,13
DA:49,3
DA:50,3
DA:52,3
DA:53,3
DA:55,1
DA:56,1
DA:66,11
DA:67,1
DA:68,11
DA:76,11
DA:77,4
DA:80,7
DA:81,2
DA:84,5
DA:85,5
DA:88,0
DA:89,11
DA:91,10
DA:92,5
DA:95,5
DA:96,2
DA:99,3
DA:100,3
DA:103,0
DA:104,10
DA:106,5
DA:107,5
DA:109,0
DA:110,0
DA:112,0
DA:113,0
DA:115,276
LF:51
LH:45
BRDA:19,0,0,182
BRDA:19,0,1,3
BRDA:19,0,2,6
BRDA:19,0,3,4
BRDA:19,0,4,24
BRDA:19,0,5,13
BRDA:19,0,6,3
BRDA:19,0,7,3
BRDA:19,0,8,1
BRDA:19,0,9,11
BRDA:19,0,10,11
BRDA:19,0,11,10
BRDA:19,0,12,5
BRDA:19,0,13,0
BRDA:19,0,14,0
BRDA:20,1,0,73
BRDA:20,1,1,109
BRDA:66,2,0,10
BRDA:66,2,1,1
BRDA:76,3,0,4
BRDA:76,3,1,7
BRDA:77,4,0,4
BRDA:77,4,1,0
BRDA:80,5,0,2
BRDA:80,5,1,5
BRDA:81,6,0,2
BRDA:81,6,1,0
BRDA:84,7,0,5
BRDA:84,7,1,0
BRDA:86,8,0,4
BRDA:86,8,1,1
BRDA:91,9,0,5
BRDA:91,9,1,5
BRDA:92,10,0,5
BRDA:92,10,1,0
BRDA:95,11,0,2
BRDA:95,11,1,3
BRDA:96,12,0,2
BRDA:96,12,1,0
BRDA:99,13,0,3
BRDA:99,13,1,0
BRDA:101,14,0,2
BRDA:101,14,1,1
BRF:43
BRH:35
end_of_record
TN:
SF:src/index.ts
FN:136,(anonymous_4)
FN:137,(anonymous_5)
FN:138,(anonymous_6)
FN:139,(anonymous_7)
FN:140,(anonymous_8)
FN:141,(anonymous_9)
FN:142,(anonymous_10)
FN:143,(anonymous_11)
FN:144,(anonymous_12)
FN:145,(anonymous_13)
FN:146,(anonymous_14)
FN:147,(anonymous_15)
FN:148,(anonymous_16)
FN:149,(anonymous_17)
FN:150,(anonymous_18)
FN:151,(anonymous_19)
FN:152,(anonymous_20)
FN:153,(anonymous_21)
FN:154,(anonymous_22)
FN:155,(anonymous_23)
FN:156,(anonymous_24)
FN:157,(anonymous_25)
FN:158,(anonymous_26)
FN:159,(anonymous_27)
FN:160,(anonymous_28)
FN:161,(anonymous_29)
FN:162,(anonymous_30)
FN:163,(anonymous_31)
FN:164,(anonymous_32)
FN:46,(anonymous_33)
FN:167,(anonymous_34)
FN:168,(anonymous_35)
FN:75,(anonymous_36)
FN:76,(anonymous_37)
FN:77,(anonymous_38)
FN:81,(anonymous_39)
FN:89,(anonymous_40)
FN:94,(anonymous_41)
FNF:38
FNH:11
FNDA:1,(anonymous_4)
FNDA:0,(anonymous_5)
FNDA:0,(anonymous_6)
FNDA:0,(anonymous_7)
FNDA:0,(anonymous_8)
FNDA:0,(anonymous_9)
FNDA:0,(anonymous_10)
FNDA:0,(anonymous_11)
FNDA:0,(anonymous_12)
FNDA:180,(anonymous_13)
FNDA:0,(anonymous_14)
FNDA:7,(anonymous_15)
FNDA:1,(anonymous_16)
FNDA:0,(anonymous_17)
FNDA:0,(anonymous_18)
FNDA:0,(anonymous_19)
FNDA:0,(anonymous_20)
FNDA:0,(anonymous_21)
FNDA:0,(anonymous_22)
FNDA:0,(anonymous_23)
FNDA:0,(anonymous_24)
FNDA:0,(anonymous_25)
FNDA:0,(anonymous_26)
FNDA:15,(anonymous_27)
FNDA:79,(anonymous_28)
FNDA:25,(anonymous_29)
FNDA:0,(anonymous_30)
FNDA:0,(anonymous_31)
FNDA:0,(anonymous_32)
FNDA:0,(anonymous_33)
FNDA:0,(anonymous_34)
FNDA:2,(anonymous_35)
FNDA:0,(anonymous_36)
FNDA:0,(anonymous_37)
FNDA:0,(anonymous_38)
FNDA:2,(anonymous_39)
FNDA:2,(anonymous_40)
FNDA:7,(anonymous_41)
DA:3,34
DA:4,34
DA:5,34
DA:6,34
DA:7,34
DA:8,34
DA:9,34
DA:10,34
DA:11,34
DA:12,34
DA:13,34
DA:14,34
DA:15,34
DA:16,34
DA:17,34
DA:18,34
DA:19,34
DA:20,34
DA:21,34
DA:22,34
DA:23,34
DA:24,34
DA:25,34
DA:26,34
DA:27,34
DA:28,34
DA:29,34
DA:30,34
DA:42,34
DA:44,34
DA:46,34
DA:48,34
DA:49,34
DA:50,34
DA:51,34
DA:52,34
DA:53,34
DA:54,34
DA:55,34
DA:56,34
DA:57,34
DA:58,34
DA:59,34
DA:60,34
DA:61,34
DA:62,34
DA:63,34
DA:64,34
DA:65,34
DA:66,34
DA:67,34
DA:68,34
DA:69,34
DA:70,34
DA:71,34
DA:72,34
DA:73,34
DA:74,34
DA:75,34
DA:76,34
DA:77,34
DA:79,34
DA:81,34
DA:85,2
DA:86,0
DA:89,34
DA:91,4
DA:94,7
DA:97,34
DA:98,34
DA:99,34
DA:100,34
DA:101,34
DA:102,34
DA:103,34
DA:104,34
DA:105,34
DA:106,34
DA:107,34
DA:108,34
DA:109,34
DA:110,34
DA:111,34
DA:112,34
DA:113,34
DA:114,34
DA:115,34
DA:116,34
DA:117,34
DA:118,34
DA:119,34
DA:120,34
DA:121,34
DA:122,34
DA:123,34
DA:124,34
DA:125,34
DA:126,34
DA:127,34
DA:128,34
DA:131,34
DA:136,35
DA:137,34
DA:138,34
DA:139,34
DA:140,34
DA:141,34
DA:142,34
DA:143,34
DA:144,34
DA:145,214
DA:146,34
DA:147,41
DA:148,35
DA:149,34
DA:150,34
DA:151,34
DA:152,34
DA:153,34
DA:154,34
DA:155,34
DA:156,34
DA:157,34
DA:158,34
DA:159,49
DA:160,113
DA:161,59
DA:162,34
DA:163,34
DA:164,34
DA:167,34
DA:168,36
DA:173,34
LF:133
LH:132
BRDA:85,0,0,2
BRDA:85,0,1,0
BRDA:91,1,0,2
BRDA:91,1,1,0
BRF:4
BRH:2
end_of_record
TN:
SF:src/isScalar.ts
FN:5,(anonymous_0)
FN:51,(anonymous_1)
FN:57,(anonymous_2)
FNF:3
FNH:3
FNDA:86,(anonymous_0)
FNDA:8,(anonymous_1)
FNDA:8,(anonymous_2)
DA:2,34
DA:3,34
DA:5,34
DA:7,150
DA:9,86
DA:11,86
DA:12,86
DA:14,20
DA:15,20
DA:17,8
DA:18,8
DA:20,4
DA:21,4
DA:23,4
DA:24,4
DA:26,2
DA:27,2
DA:29,2
DA:30,2
DA:32,0
DA:33,0
DA:35,0
DA:36,0
DA:38,0
DA:39,0
DA:41,0
DA:42,0
DA:44,20
DA:45,14
DA:46,14
DA:48,8
DA:49,8
DA:51,8
DA:52,4
DA:54,2
DA:55,2
DA:57,8
DA:58,4
DA:60,2
DA:61,2
DA:63,2
DA:64,2
DA:66,2
DA:67,2
DA:69,0
DA:70,0
DA:72,0
DA:73,0
DA:75,0
DA:76,0
DA:78,0
DA:79,0
DA:81,2
DA:82,2
DA:84,0
DA:85,0
DA:87,0
DA:88,0
DA:91,0
DA:92,0
DA:94,0
DA:95,0
DA:97,0
DA:100,80
LF:64
LH:39
BRDA:7,0,0,64
BRDA:7,0,1,22
BRDA:13,1,0,20
BRDA:13,1,1,8
BRDA:13,1,2,4
BRDA:13,1,3,4
BRDA:13,1,4,2
BRDA:13,1,5,2
BRDA:13,1,6,0
BRDA:13,1,7,0
BRDA:13,1,8,0
BRDA:13,1,9,0
BRDA:13,1,10,20
BRDA:13,1,11,8
BRDA:13,1,12,4
BRDA:13,1,13,2
BRDA:13,1,14,4
BRDA:13,1,15,2
BRDA:13,1,16,2
BRDA:13,1,17,2
BRDA:13,1,18,0
BRDA:13,1,19,0
BRDA:13,1,20,0
BRDA:13,1,21,0
BRDA:13,1,22,2
BRDA:13,1,23,0
BRDA:13,1,24,0
BRDA:13,1,25,0
BRDA:13,1,26,0
BRDA:13,1,27,0
BRDA:44,2,0,6
BRDA:44,2,1,14
BRDA:54,3,0,2
BRDA:54,3,1,2
BRF:34
BRH:21
end_of_record
TN:
SF:src/parser.ts
FN:14,(anonymous_25)
FN:81,(anonymous_26)
FN:122,(anonymous_27)
FN:122,(anonymous_28)
FN:173,(anonymous_29)
FN:360,(anonymous_30)
FN:397,(anonymous_31)
FN:400,(anonymous_32)
FN:406,(anonymous_33)
FN:415,(anonymous_34)
FN:422,(anonymous_35)
FN:431,(anonymous_36)
FN:439,(anonymous_37)
FN:518,(anonymous_38)
FN:523,(anonymous_39)
FN:526,(anonymous_40)
FN:548,(anonymous_41)
FN:592,(anonymous_43)
FN:603,(anonymous_44)
FN:636,(anonymous_46)
FN:657,(anonymous_47)
FN:661,(anonymous_48)
FN:667,(anonymous_49)
FN:682,(anonymous_50)
FN:700,(anonymous_51)
FN:701,(anonymous_52)
FN:703,(anonymous_53)
FN:706,(anonymous_54)
FN:758,(anonymous_55)
FN:769,(anonymous_56)
FN:780,(anonymous_57)
FN:810,(anonymous_58)
FN:828,(anonymous_59)
FN:878,(anonymous_60)
FN:881,(anonymous_61)
FN:896,(anonymous_62)
FN:905,(anonymous_63)
FN:912,(anonymous_64)
FN:980,(anonymous_65)
FN:1033,(anonymous_67)
FN:1092,(anonymous_68)
FN:1118,(anonymous_69)
FN:1122,(anonymous_70)
FN:1143,(anonymous_71)
FN:1173,(anonymous_72)
FN:1231,(anonymous_73)
FN:1249,(anonymous_76)
FN:1250,(anonymous_77)
FN:1260,(anonymous_80)
FN:1260,(anonymous_81)
FNF:50
FNH:46
FNDA:893,(anonymous_25)
FNDA:306,(anonymous_26)
FNDA:872,(anonymous_27)
FNDA:883,(anonymous_28)
FNDA:362,(anonymous_29)
FNDA:67,(anonymous_30)
FNDA:5,(anonymous_31)
FNDA:5,(anonymous_32)
FNDA:2,(anonymous_33)
FNDA:5,(anonymous_34)
FNDA:2,(anonymous_35)
FNDA:5,(anonymous_36)
FNDA:0,(anonymous_37)
FNDA:3,(anonymous_38)
FNDA:1,(anonymous_39)
FNDA:1,(anonymous_40)
FNDA:165,(anonymous_41)
FNDA:123,(anonymous_43)
FNDA:28,(anonymous_44)
FNDA:7,(anonymous_46)
FNDA:89,(anonymous_47)
FNDA:89,(anonymous_48)
FNDA:1,(anonymous_49)
FNDA:34,(anonymous_50)
FNDA:17,(anonymous_51)
FNDA:27,(anonymous_52)
FNDA:17,(anonymous_53)
FNDA:10,(anonymous_54)
FNDA:15,(anonymous_55)
FNDA:15,(anonymous_56)
FNDA:15,(anonymous_57)
FNDA:37,(anonymous_58)
FNDA:11,(anonymous_59)
FNDA:31,(anonymous_60)
FNDA:30,(anonymous_61)
FNDA:10,(anonymous_62)
FNDA:17,(anonymous_63)
FNDA:0,(anonymous_64)
FNDA:10,(anonymous_65)
FNDA:8,(anonymous_67)
FNDA:9,(anonymous_68)
FNDA:24,(anonymous_69)
FNDA:20,(anonymous_70)
FNDA:19,(anonymous_71)
FNDA:67,(anonymous_72)
FNDA:196,(anonymous_73)
FNDA:0,(anonymous_76)
FNDA:0,(anonymous_77)
FNDA:28,(anonymous_80)
FNDA:28,(anonymous_81)
DA:1,34
DA:3,34
DA:9,34
DA:10,34
DA:11,34
DA:12,34
DA:14,34
DA:15,893
DA:16,603
DA:17,166
DA:18,164
DA:20,437
DA:21,399
DA:22,396
DA:23,395
DA:24,392
DA:25,381
DA:26,243
DA:27,243
DA:28,243
DA:29,177
DA:30,152
DA:36,10
DA:38,142
DA:39,3
DA:41,139
DA:43,0
DA:46,34
DA:81,34
DA:86,306
DA:90,306
DA:93,306
DA:99,306
DA:122,872
DA:124,1224
DA:126,883
DA:135,883
DA:137,883
DA:138,883
DA:140,883
DA:145,883
DA:171,883
DA:173,883
DA:174,362
DA:175,362
DA:193,883
DA:199,883
DA:201,218
DA:202,52
DA:210,52
DA:212,166
DA:214,166
DA:216,116
DA:217,35
DA:225,35
DA:227,81
DA:228,0
DA:236,0
DA:238,81
DA:239,81
DA:241,8
DA:242,6
DA:250,6
DA:252,2
DA:253,2
DA:255,26
DA:256,12
DA:264,12
DA:266,14
DA:267,14
DA:269,11
DA:270,8
DA:278,8
DA:280,3
DA:281,3
DA:283,9
DA:284,7
DA:292,7
DA:294,2
DA:295,2
DA:297,8
DA:298,8
DA:300,3
DA:301,3
DA:303,3
DA:310,3
DA:311,3
DA:313,5
DA:317,2
DA:325,2
DA:327,3
DA:328,3
DA:330,50
DA:331,50
DA:332,12
DA:340,12
DA:343,38
DA:344,3
DA:349,3
DA:359,35
DA:361,67
DA:362,67
DA:369,2
DA:370,0
DA:372,2
DA:373,2
DA:380,35
DA:382,4
DA:383,1
DA:390,1
DA:393,3
DA:394,3
DA:396,3
DA:397,5
DA:398,5
DA:401,5
DA:407,2
DA:408,0
DA:411,2
DA:412,2
DA:416,5
DA:420,3
DA:423,2
DA:424,0
DA:427,2
DA:428,2
DA:432,5
DA:433,5
DA:434,5
DA:440,0
DA:441,0
DA:444,0
DA:445,0
DA:519,3
DA:520,2
DA:524,1
DA:527,1
DA:529,3
DA:531,130
DA:532,130
DA:533,24
DA:540,24
DA:543,106
DA:545,106
DA:546,106
DA:547,106
DA:548,165
DA:550,167
DA:551,167
DA:557,167
DA:565,167
DA:566,39
DA:567,39
DA:571,23
DA:577,1
DA:580,16
DA:581,16
DA:582,16
DA:583,16
DA:585,0
DA:591,128
DA:594,123
DA:598,101
DA:604,28
DA:605,27
DA:606,27
DA:607,27
DA:609,1
DA:614,106
DA:615,100
DA:616,11
DA:617,11
DA:619,90
DA:620,11
DA:621,6
DA:628,79
DA:631,0
DA:635,7
DA:636,7
DA:637,7
DA:638,7
DA:642,6
DA:644,1
DA:645,1
DA:646,1
DA:647,1
DA:649,0
DA:656,106
DA:658,89
DA:659,89
DA:662,89
DA:663,21
DA:665,68
DA:668,1
DA:669,0
DA:670,0
DA:672,1
DA:675,106
DA:678,17
DA:679,17
DA:681,17
DA:683,34
DA:684,34
DA:686,13
DA:687,13
DA:688,13
DA:691,21
DA:692,21
DA:693,21
DA:695,0
DA:701,27
DA:705,17
DA:706,5
DA:707,10
DA:709,5
DA:710,1
DA:712,4
DA:719,5
DA:722,12
DA:751,17
DA:757,15
DA:759,15
DA:760,15
DA:762,7
DA:763,7
DA:764,7
DA:766,0
DA:770,15
DA:771,15
DA:773,8
DA:774,8
DA:775,8
DA:777,0
DA:780,15
DA:781,15
DA:783,5
DA:784,5
DA:786,5
DA:787,2
DA:788,3
DA:792,3
DA:794,0
DA:802,15
DA:805,78
DA:806,41
DA:807,41
DA:810,37
DA:811,37
DA:812,37
DA:814,7
DA:815,7
DA:816,7
DA:818,0
DA:821,37
DA:823,15
DA:824,4
DA:825,4
DA:828,11
DA:829,11
DA:830,11
DA:832,3
DA:833,3
DA:834,3
DA:836,0
DA:839,11
DA:841,23
DA:842,5
DA:850,5
DA:852,18
DA:853,1
DA:861,17
DA:862,0
DA:873,18
DA:877,18
DA:879,31
DA:880,31
DA:883,30
DA:887,21
DA:897,10
DA:898,10
DA:899,10
DA:901,0
DA:906,17
DA:908,0
DA:910,17
DA:913,0
DA:930,18
DA:932,0
DA:933,0
DA:934,0
DA:936,41
DA:937,24
DA:944,41
DA:945,41
DA:947,9
DA:948,6
DA:955,9
DA:956,9
DA:958,27
DA:959,7
DA:966,27
DA:967,27
DA:969,14
DA:970,3
DA:978,3
DA:980,28
DA:981,10
DA:982,10
DA:984,3
DA:985,3
DA:986,3
DA:992,3
DA:994,0
DA:997,7
DA:999,7
DA:1000,7
DA:1002,3
DA:1003,3
DA:1004,3
DA:1010,3
DA:1012,0
DA:1015,11
DA:1017,11
DA:1019,7
DA:1020,2
DA:1028,2
DA:1031,5
DA:1032,8
DA:1033,8
DA:1034,8
DA:1035,8
DA:1040,3
DA:1041,3
DA:1042,3
DA:1044,0
DA:1048,5
DA:1050,5
DA:1052,9
DA:1053,6
DA:1061,6
DA:1063,3
DA:1064,1
DA:1070,1
DA:1072,2
DA:1073,2
DA:1076,13
DA:1077,3
DA:1085,3
DA:1089,10
DA:1091,10
DA:1093,9
DA:1094,9
DA:1095,5
DA:1097,4
DA:1098,4
DA:1100,4
DA:1115,10
DA:1117,24
DA:1119,24
DA:1124,20
DA:1125,20
DA:1126,1
DA:1127,1
DA:1133,19
DA:1145,19
DA:1157,24
DA:1159,0
DA:1160,0
DA:1163,701
DA:1164,0
DA:1167,701
DA:1168,59
DA:1170,642
DA:1172,642
DA:1174,67
DA:1179,642
DA:1180,544
DA:1182,537
DA:1183,0
DA:1191,537
DA:1192,45
DA:1204,492
DA:1205,84
DA:1207,83
DA:1208,2
DA:1217,489
DA:1218,45
DA:1228,444
DA:1231,196
DA:1232,98
DA:1234,95
DA:1236,0
DA:1243,95
DA:1244,10
DA:1247,170
DA:1248,0
DA:1249,0
DA:1250,0
DA:1251,0
DA:1252,0
DA:1253,0
DA:1254,0
DA:1259,170
DA:1260,28
DA:1261,56
DA:1266,85
DA:1267,21
DA:1270,64
DA:1273,98
LF:409
LH:366
BRDA:15,0,0,290
BRDA:15,0,1,603
BRDA:16,1,0,166
BRDA:16,1,1,437
BRDA:17,2,0,2
BRDA:17,2,1,164
BRDA:20,3,0,38
BRDA:20,3,1,399
BRDA:21,4,0,3
BRDA:21,4,1,396
BRDA:22,5,0,1
BRDA:22,5,1,395
BRDA:23,6,0,3
BRDA:23,6,1,392
BRDA:24,7,0,11
BRDA:24,7,1,381
BRDA:25,8,0,138
BRDA:25,8,1,243
BRDA:26,9,0,0
BRDA:26,9,1,243
BRDA:27,10,0,243
BRDA:27,10,1,0
BRDA:28,11,0,66
BRDA:28,11,1,177
BRDA:29,12,0,25
BRDA:29,12,1,152
BRDA:30,13,0,10
BRDA:30,13,1,142
BRDA:31,14,0,152
BRDA:31,14,1,11
BRDA:31,14,2,11
BRDA:31,14,3,11
BRDA:38,15,0,3
BRDA:38,15,1,139
BRDA:88,16,0,306
BRDA:88,16,1,304
BRDA:94,17,0,303
BRDA:94,17,1,3
BRDA:101,18,0,306
BRDA:101,18,1,304
BRDA:103,19,0,306
BRDA:103,19,1,275
BRDA:124,20,0,341
BRDA:124,20,1,542
BRDA:127,21,0,883
BRDA:127,21,1,77
BRDA:128,22,0,883
BRDA:128,22,1,77
BRDA:129,23,0,883
BRDA:129,23,1,73
BRDA:130,24,0,538
BRDA:130,24,1,345
BRDA:130,25,0,883
BRDA:130,25,1,883
BRDA:132,26,0,465
BRDA:132,26,1,418
BRDA:131,27,0,883
BRDA:131,27,1,883
BRDA:145,28,0,883
BRDA:145,28,1,0
BRDA:200,29,0,218
BRDA:200,29,1,116
BRDA:200,29,2,8
BRDA:200,29,3,26
BRDA:200,29,4,11
BRDA:200,29,5,9
BRDA:200,29,6,8
BRDA:200,29,7,3
BRDA:200,29,8,3
BRDA:200,29,9,5
BRDA:200,29,10,50
BRDA:200,29,11,4
BRDA:200,29,12,130
BRDA:200,29,13,17
BRDA:200,29,14,15
BRDA:200,29,15,78
BRDA:200,29,16,15
BRDA:200,29,17,23
BRDA:200,29,18,0
BRDA:200,29,19,41
BRDA:200,29,20,9
BRDA:200,29,21,27
BRDA:200,29,22,14
BRDA:200,29,23,7
BRDA:200,29,24,9
BRDA:200,29,25,13
BRDA:200,29,26,24
BRDA:200,29,27,0
BRDA:201,30,0,52
BRDA:201,30,1,166
BRDA:216,31,0,35
BRDA:216,31,1,81
BRDA:227,32,0,0
BRDA:227,32,1,81
BRDA:241,33,0,6
BRDA:241,33,1,2
BRDA:255,34,0,12
BRDA:255,34,1,14
BRDA:269,35,0,8
BRDA:269,35,1,3
BRDA:283,36,0,7
BRDA:283,36,1,2
BRDA:313,37,0,2
BRDA:313,37,1,3
BRDA:314,38,0,5
BRDA:314,38,1,3
BRDA:331,39,0,12
BRDA:331,39,1,38
BRDA:343,40,0,3
BRDA:343,40,1,35
BRDA:343,41,0,38
BRDA:343,41,1,7
BRDA:369,42,0,0
BRDA:369,42,1,2
BRDA:382,43,0,1
BRDA:382,43,1,3
BRDA:407,44,0,0
BRDA:407,44,1,2
BRDA:423,45,0,0
BRDA:423,45,1,2
BRDA:433,46,0,5
BRDA:433,46,1,0
BRDA:433,47,0,5
BRDA:433,47,1,5
BRDA:440,48,0,0
BRDA:440,48,1,0
BRDA:519,49,0,2
BRDA:519,49,1,1
BRDA:532,50,0,24
BRDA:532,50,1,106
BRDA:552,51,0,167
BRDA:552,51,1,0
BRDA:554,52,0,0
BRDA:554,52,1,0
BRDA:557,53,0,0
BRDA:557,53,1,167
BRDA:565,54,0,39
BRDA:565,54,1,128
BRDA:571,55,0,22
BRDA:571,55,1,1
BRDA:580,56,0,16
BRDA:580,56,1,0
BRDA:604,57,0,27
BRDA:604,57,1,1
BRDA:614,58,0,100
BRDA:614,58,1,6
BRDA:615,59,0,10
BRDA:615,59,1,90
BRDA:619,60,0,11
BRDA:619,60,1,79
BRDA:620,61,0,6
BRDA:620,61,1,5
BRDA:628,62,0,79
BRDA:628,62,1,0
BRDA:644,63,0,1
BRDA:644,63,1,0
BRDA:662,64,0,21
BRDA:662,64,1,68
BRDA:668,65,0,0
BRDA:668,65,1,1
BRDA:691,66,0,21
BRDA:691,66,1,0
BRDA:705,67,0,5
BRDA:705,67,1,12
BRDA:709,68,0,1
BRDA:709,68,1,4
BRDA:762,69,0,7
BRDA:762,69,1,0
BRDA:773,70,0,8
BRDA:773,70,1,0
BRDA:781,71,0,10
BRDA:781,71,1,5
BRDA:781,72,0,15
BRDA:781,72,1,8
BRDA:786,73,0,2
BRDA:786,73,1,3
BRDA:788,74,0,3
BRDA:788,74,1,0
BRDA:789,75,0,3
BRDA:789,75,1,3
BRDA:805,76,0,41
BRDA:805,76,1,37
BRDA:814,77,0,7
BRDA:814,77,1,0
BRDA:823,78,0,4
BRDA:823,78,1,11
BRDA:832,79,0,3
BRDA:832,79,1,0
BRDA:841,80,0,5
BRDA:841,80,1,18
BRDA:852,81,0,1
BRDA:852,81,1,17
BRDA:861,82,0,0
BRDA:861,82,1,17
BRDA:897,83,0,10
BRDA:897,83,1,0
BRDA:906,84,0,0
BRDA:906,84,1,17
BRDA:936,85,0,24
BRDA:936,85,1,17
BRDA:947,86,0,6
BRDA:947,86,1,3
BRDA:958,87,0,7
BRDA:958,87,1,20
BRDA:969,88,0,3
BRDA:969,88,1,11
BRDA:984,89,0,3
BRDA:984,89,1,0
BRDA:1002,90,0,3
BRDA:1002,90,1,0
BRDA:1019,91,0,2
BRDA:1019,91,1,5
BRDA:1040,92,0,3
BRDA:1040,92,1,0
BRDA:1052,93,0,6
BRDA:1052,93,1,3
BRDA:1063,94,0,1
BRDA:1063,94,1,2
BRDA:1076,95,0,3
BRDA:1076,95,1,10
BRDA:1076,96,0,13
BRDA:1076,96,1,3
BRDA:1089,97,0,10
BRDA:1089,97,1,0
BRDA:1097,98,0,4
BRDA:1097,98,1,0
BRDA:1125,99,0,1
BRDA:1125,99,1,19
BRDA:1125,100,0,20
BRDA:1125,100,1,3
BRDA:1126,101,0,1
BRDA:1126,101,1,0
BRDA:1163,102,0,0
BRDA:1163,102,1,701
BRDA:1167,103,0,59
BRDA:1167,103,1,642
BRDA:1170,104,0,642
BRDA:1170,104,1,535
BRDA:1179,105,0,544
BRDA:1179,105,1,98
BRDA:1182,106,0,0
BRDA:1182,106,1,537
BRDA:1182,107,0,537
BRDA:1182,107,1,37
BRDA:1191,108,0,45
BRDA:1191,108,1,492
BRDA:1207,109,0,2
BRDA:1207,109,1,81
BRDA:1217,110,0,45
BRDA:1217,110,1,444
BRDA:1232,111,0,98
BRDA:1232,111,1,85
BRDA:1234,112,0,0
BRDA:1234,112,1,95
BRDA:1234,113,0,95
BRDA:1234,113,1,9
BRDA:1243,114,0,10
BRDA:1243,114,1,85
BRDA:1247,115,0,85
BRDA:1247,115,1,0
BRDA:1251,116,0,0
BRDA:1251,116,1,0
BRDA:1254,117,0,0
BRDA:1254,117,1,0
BRDA:1261,118,0,28
BRDA:1266,119,0,21
BRDA:1266,119,1,64
BRF:267
BRH:224
end_of_record
TN:
SF:src/helpers/Mocker.ts
FN:1,getRandomInt
FN:5,(anonymous_1)
FN:6,(anonymous_3)
FN:10,(anonymous_4)
FN:15,(anonymous_5)
FN:18,(anonymous_6)
FN:21,(anonymous_7)
FN:24,(anonymous_8)
FN:27,(anonymous_9)
FN:30,(anonymous_10)
FN:33,(anonymous_11)
FN:36,(anonymous_12)
FN:39,(anonymous_13)
FN:42,(anonymous_14)
FN:45,(anonymous_15)
FN:48,(anonymous_16)
FNF:16
FNH:16
FNDA:6,getRandomInt
FNDA:4,(anonymous_1)
FNDA:6,(anonymous_3)
FNDA:11,(anonymous_4)
FNDA:10,(anonymous_5)
FNDA:2,(anonymous_6)
FNDA:11,(anonymous_7)
FNDA:1,(anonymous_8)
FNDA:11,(anonymous_9)
FNDA:11,(anonymous_10)
FNDA:1,(anonymous_11)
FNDA:1,(anonymous_12)
FNDA:1,(anonymous_13)
FNDA:1,(anonymous_14)
FNDA:1,(anonymous_15)
FNDA:1,(anonymous_16)
DA:2,6
DA:5,2
DA:6,24
DA:7,6
DA:10,2
DA:11,11
DA:15,2
DA:16,10
DA:18,2
DA:19,2
DA:21,2
DA:22,11
DA:24,2
DA:25,1
DA:27,2
DA:28,11
DA:30,2
DA:31,11
DA:33,2
DA:34,1
DA:36,2
DA:37,1
DA:39,2
DA:40,1
DA:42,2
DA:43,1
DA:45,2
DA:46,1
DA:48,2
DA:49,1
DA:51,2
LF:31
LH:31
BRF:0
BRH:0
end_of_record
TN:
SF:src/helpers/errorUtil.ts
FN:1,(anonymous_0)
FN:3,(anonymous_1)
FNF:2
FNH:2
FNDA:34,(anonymous_0)
FNDA:47,(anonymous_1)
DA:1,34
DA:3,47
LF:2
LH:2
BRDA:3,0,0,6
BRDA:3,0,1,41
BRDA:3,1,0,41
BRDA:3,1,1,32
BRDA:1,2,0,34
BRDA:1,2,1,34
BRF:6
BRH:6
end_of_record
TN:
SF:src/helpers/objectUtil.ts
FN:5,(anonymous_6)
FN:86,(anonymous_7)
FN:92,(anonymous_8)
FN:105,(anonymous_9)
FN:105,(anonymous_10)
FN:126,(anonymous_11)
FNF:6
FNH:6
FNDA:34,(anonymous_6)
FNDA:2,(anonymous_7)
FNDA:2,(anonymous_8)
FNDA:133,(anonymous_9)
FNDA:2,(anonymous_10)
FNDA:6,(anonymous_11)
DA:1,34
DA:2,34
DA:3,34
DA:5,34
DA:86,34
DA:90,2
DA:91,2
DA:92,2
DA:94,2
DA:95,2
DA:96,2
DA:98,2
DA:105,133
DA:117,2
DA:118,2
DA:126,6
DA:128,2
LF:17
LH:17
BRDA:120,0,0,2
BRDA:120,0,1,2
BRDA:120,1,0,2
BRDA:120,1,1,2
BRDA:5,2,0,34
BRDA:5,2,1,34
BRF:6
BRH:6
end_of_record
TN:
SF:src/helpers/util.ts
FN:2,(anonymous_2)
FN:9,assertNever
FN:18,(anonymous_4)
FN:28,(anonymous_5)
FN:30,(anonymous_6)
FN:39,(anonymous_7)
FN:40,(anonymous_8)
FN:45,(anonymous_9)
FN:46,(anonymous_10)
FN:51,(anonymous_11)
FNF:10
FNH:9
FNDA:35,(anonymous_2)
FNDA:0,assertNever
FNDA:69,(anonymous_4)
FNDA:27,(anonymous_5)
FNDA:72,(anonymous_6)
FNDA:27,(anonymous_7)
FNDA:65,(anonymous_8)
FNDA:7,(anonymous_9)
FNDA:22,(anonymous_10)
FNDA:17,(anonymous_11)
DA:1,35
DA:2,35
DA:9,35
DA:10,0
DA:18,35
DA:21,69
DA:22,1102
DA:23,1102
DA:25,69
DA:28,35
DA:29,27
DA:30,72
DA:32,27
DA:33,65
DA:34,65
DA:36,27
DA:39,35
DA:40,27
DA:41,65
DA:45,35
DA:46,7
DA:47,22
DA:51,35
DA:55,27
DA:56,27
DA:58,5
LF:26
LH:25
BRDA:56,0,0,12
BRDA:56,0,1,15
BRDA:2,1,0,35
BRDA:2,1,1,35
BRF:4
BRH:4
end_of_record
TN:
SF:src/types/any.ts
FN:10,(anonymous_12)
FN:13,(anonymous_14)
FN:15,(anonymous_15)
FNF:3
FNH:3
FNDA:40,(anonymous_12)
FNDA:1,(anonymous_14)
FNDA:4,(anonymous_15)
DA:1,34
DA:10,34
DA:13,6
DA:15,34
DA:16,4
DA:20,34
LF:6
LH:6
BRDA:10,0,0,6
BRDA:10,0,1,6
BRDA:10,0,2,6
BRF:3
BRH:3
end_of_record
TN:
SF:src/types/array.ts
FN:14,(anonymous_14)
FN:19,(anonymous_16)
FN:35,(anonymous_17)
FN:36,(anonymous_18)
FN:44,(anonymous_19)
FN:45,(anonymous_20)
FN:54,(anonymous_21)
FN:57,(anonymous_22)
FN:27,(anonymous_23)
FN:61,(anonymous_24)
FN:70,(anonymous_25)
FN:75,(anonymous_27)
FN:86,(anonymous_28)
FN:87,(anonymous_29)
FN:96,(anonymous_30)
FN:97,(anonymous_31)
FN:106,(anonymous_32)
FNF:17
FNH:14
FNDA:86,(anonymous_14)
FNDA:3,(anonymous_16)
FNDA:5,(anonymous_17)
FNDA:9,(anonymous_18)
FNDA:3,(anonymous_19)
FNDA:7,(anonymous_20)
FNDA:1,(anonymous_21)
FNDA:5,(anonymous_22)
FNDA:2,(anonymous_23)
FNDA:39,(anonymous_24)
FNDA:40,(anonymous_25)
FNDA:1,(anonymous_27)
FNDA:0,(anonymous_28)
FNDA:0,(anonymous_29)
FNDA:1,(anonymous_30)
FNDA:2,(anonymous_31)
FNDA:0,(anonymous_32)
DA:1,34
DA:5,34
DA:14,52
DA:19,52
DA:20,3
DA:27,34
DA:28,2
DA:35,52
DA:36,9
DA:44,52
DA:45,7
DA:54,52
DA:55,1
DA:57,52
DA:58,5
DA:61,34
DA:62,39
DA:68,34
DA:70,34
DA:75,6
DA:76,1
DA:86,6
DA:87,0
DA:96,6
DA:97,2
DA:106,6
DA:107,0
DA:108,34
LF:28
LH:26
BRDA:14,0,0,52
BRDA:14,0,1,52
BRDA:14,0,2,52
BRDA:41,1,0,1
BRDA:41,1,1,4
BRDA:51,2,0,0
BRDA:51,2,1,3
BRDA:70,3,0,6
BRDA:70,3,1,6
BRDA:70,3,2,6
BRDA:93,4,0,0
BRDA:93,4,1,0
BRDA:103,5,0,0
BRDA:103,5,1,1
BRF:14
BRH:10
end_of_record
TN:
SF:src/types/base.ts
FN:16,(anonymous_17)
FN:49,(anonymous_18)
FN:57,(anonymous_19)
FN:98,(anonymous_20)
FN:272,ZodType
FN:122,(anonymous_22)
FN:137,(anonymous_23)
FN:139,(anonymous_24)
FN:149,(anonymous_26)
FN:149,(anonymous_27)
FN:181,(anonymous_29)
FN:189,(anonymous_30)
FN:191,(anonymous_31)
FN:197,(anonymous_32)
FN:208,(anonymous_33)
FN:210,(anonymous_34)
FN:216,(anonymous_35)
FN:226,(anonymous_36)
FN:228,(anonymous_37)
FN:234,(anonymous_38)
FN:246,(anonymous_39)
FN:252,(anonymous_40)
FN:265,(anonymous_41)
FN:279,(anonymous_42)
FN:282,(anonymous_43)
FN:287,(anonymous_44)
FN:363,(anonymous_45)
FN:364,(anonymous_46)
FN:163,(anonymous_47)
FN:172,(anonymous_48)
FN:321,(anonymous_49)
FN:336,(anonymous_50)
FN:337,(anonymous_51)
FNF:33
FNH:30
FNDA:34,(anonymous_17)
FNDA:1,(anonymous_18)
FNDA:1,(anonymous_19)
FNDA:34,(anonymous_20)
FNDA:872,ZodType
FNDA:71,(anonymous_22)
FNDA:73,(anonymous_23)
FNDA:73,(anonymous_24)
FNDA:48,(anonymous_26)
FNDA:48,(anonymous_27)
FNDA:33,(anonymous_29)
FNDA:28,(anonymous_30)
FNDA:16,(anonymous_31)
FNDA:13,(anonymous_32)
FNDA:1,(anonymous_33)
FNDA:1,(anonymous_34)
FNDA:0,(anonymous_35)
FNDA:12,(anonymous_36)
FNDA:9,(anonymous_37)
FNDA:0,(anonymous_38)
FNDA:55,(anonymous_39)
FNDA:69,(anonymous_40)
FNDA:89,(anonymous_41)
FNDA:76,(anonymous_42)
FNDA:25,(anonymous_43)
FNDA:7,(anonymous_44)
FNDA:52,(anonymous_45)
FNDA:0,(anonymous_46)
FNDA:2,(anonymous_47)
FNDA:3,(anonymous_48)
FNDA:6,(anonymous_49)
FNDA:7,(anonymous_50)
FNDA:7,(anonymous_51)
DA:2,34
DA:3,34
DA:16,34
DA:17,34
DA:18,34
DA:19,34
DA:20,34
DA:21,34
DA:22,34
DA:23,34
DA:24,34
DA:25,34
DA:26,34
DA:27,34
DA:28,34
DA:29,34
DA:30,34
DA:31,34
DA:32,34
DA:33,34
DA:34,34
DA:35,34
DA:36,34
DA:37,34
DA:38,34
DA:39,34
DA:40,34
DA:41,34
DA:42,34
DA:43,34
DA:49,34
DA:50,1
DA:51,0
DA:53,1
DA:57,34
DA:58,1
DA:59,0
DA:61,1
DA:98,34
DA:117,872
DA:119,872
DA:126,71
DA:127,71
DA:128,6
DA:130,65
DA:131,64
DA:133,1
DA:137,872
DA:139,73
DA:141,73
DA:144,872
DA:149,48
DA:151,48
DA:152,24
DA:154,24
DA:155,24
DA:157,0
DA:161,872
DA:163,34
DA:164,2
DA:165,2
DA:166,1
DA:168,1
DA:172,34
DA:173,3
DA:174,3
DA:175,1
DA:177,2
DA:181,872
DA:183,55
DA:188,33
DA:189,25
DA:190,28
DA:191,27
DA:192,16
DA:196,27
DA:197,13
DA:198,13
DA:201,14
DA:202,10
DA:203,10
DA:207,8
DA:208,1
DA:209,1
DA:210,1
DA:211,1
DA:215,1
DA:216,0
DA:217,0
DA:220,1
DA:221,1
DA:222,1
DA:226,7
DA:227,12
DA:228,12
DA:229,9
DA:233,12
DA:234,0
DA:235,0
DA:239,12
DA:240,9
DA:241,9
DA:246,872
DA:252,55
DA:253,69
DA:254,40
DA:263,872
DA:266,89
DA:272,872
DA:273,872
DA:279,872
DA:280,872
DA:282,872
DA:283,25
DA:287,872
DA:321,34
DA:322,6
DA:323,5
DA:325,1
DA:336,34
DA:337,7
DA:338,7
DA:363,872
DA:364,872
DA:365,34
LF:125
LH:118
BRDA:16,0,0,34
BRDA:16,0,1,34
BRDA:50,1,0,0
BRDA:50,1,1,1
BRDA:58,2,0,0
BRDA:58,2,1,1
BRDA:130,3,0,64
BRDA:130,3,1,1
BRDA:141,4,0,73
BRDA:141,4,1,58
BRDA:154,5,0,24
BRDA:154,5,1,0
BRDA:183,6,0,22
BRDA:183,6,1,11
BRDA:188,7,0,25
BRDA:188,7,1,8
BRDA:196,8,0,13
BRDA:196,8,1,14
BRDA:198,9,0,6
BRDA:198,9,1,7
BRDA:201,10,0,10
BRDA:201,10,1,4
BRDA:207,11,0,1
BRDA:207,11,1,7
BRDA:215,12,0,0
BRDA:215,12,1,1
BRDA:217,13,0,0
BRDA:217,13,1,0
BRDA:220,14,0,1
BRDA:220,14,1,0
BRDA:233,15,0,0
BRDA:233,15,1,12
BRDA:235,16,0,0
BRDA:235,16,1,0
BRDA:239,17,0,9
BRDA:239,17,1,3
BRDA:253,18,0,40
BRDA:253,18,1,29
BRDA:256,19,0,0
BRDA:256,19,1,40
BRDA:268,20,0,89
BRDA:268,20,1,84
BRDA:322,21,0,5
BRDA:322,21,1,1
BRDA:339,22,0,3
BRDA:339,22,1,4
BRDA:340,23,0,1
BRDA:340,23,1,2
BRF:48
BRH:37
end_of_record
TN:
SF:src/types/bigint.ts
FN:10,(anonymous_12)
FN:15,(anonymous_14)
FN:17,(anonymous_15)
FNF:3
FNH:2
FNDA:40,(anonymous_12)
FNDA:0,(anonymous_14)
FNDA:6,(anonymous_15)
DA:1,34
DA:10,34
DA:15,6
DA:17,34
DA:18,6
DA:22,34
LF:6
LH:6
BRDA:10,0,0,6
BRDA:10,0,1,6
BRDA:10,0,2,6
BRF:3
BRH:3
end_of_record
TN:
SF:src/types/boolean.ts
FN:10,(anonymous_12)
FN:15,(anonymous_14)
FN:16,(anonymous_15)
FNF:3
FNH:3
FNDA:54,(anonymous_12)
FNDA:3,(anonymous_14)
FNDA:20,(anonymous_15)
DA:1,34
DA:10,34
DA:15,20
DA:16,34
DA:17,20
DA:21,34
LF:6
LH:6
BRDA:10,0,0,20
BRDA:10,0,1,20
BRDA:10,0,2,20
BRF:3
BRH:3
end_of_record
TN:
SF:src/types/date.ts
FN:10,(anonymous_12)
FN:15,(anonymous_14)
FN:16,(anonymous_15)
FNF:3
FNH:2
FNDA:39,(anonymous_12)
FNDA:0,(anonymous_14)
FNDA:5,(anonymous_15)
DA:1,34
DA:10,34
DA:15,5
DA:16,34
DA:17,5
DA:21,34
LF:6
LH:6
BRDA:10,0,0,5
BRDA:10,0,1,5
BRDA:10,0,2,5
BRF:3
BRH:3
end_of_record
TN:
SF:src/types/enum.ts
FN:20,(anonymous_14)
FN:25,(anonymous_16)
FN:27,(anonymous_17)
FN:31,(anonymous_18)
FN:39,(anonymous_19)
FN:47,(anonymous_20)
FN:55,(anonymous_21)
FNF:7
FNH:7
FNDA:44,(anonymous_14)
FNDA:2,(anonymous_16)
FNDA:1,(anonymous_17)
FNDA:1,(anonymous_18)
FNDA:1,(anonymous_19)
FNDA:1,(anonymous_20)
FNDA:10,(anonymous_21)
DA:1,34
DA:20,34
DA:25,10
DA:27,34
DA:28,1
DA:31,34
DA:32,1
DA:33,3
DA:34,3
DA:36,1
DA:39,34
DA:40,1
DA:41,3
DA:42,3
DA:44,1
DA:47,34
DA:48,1
DA:49,3
DA:50,3
DA:52,1
DA:55,34
DA:56,10
DA:61,34
LF:23
LH:23
BRDA:20,0,0,10
BRDA:20,0,1,10
BRDA:20,0,2,10
BRF:3
BRH:3
end_of_record
TN:
SF:src/types/function.ts
FN:29,(anonymous_14)
FN:40,(anonymous_16)
FN:49,(anonymous_17)
FN:58,(anonymous_18)
FN:83,(anonymous_19)
FN:65,(anonymous_20)
FNF:6
FNH:6
FNDA:45,(anonymous_14)
FNDA:1,(anonymous_16)
FNDA:1,(anonymous_17)
FNDA:6,(anonymous_18)
FNDA:1,(anonymous_19)
FNDA:9,(anonymous_20)
DA:1,34
DA:2,34
DA:3,34
DA:29,34
DA:32,34
DA:40,11
DA:41,3
DA:43,1
DA:49,11
DA:52,1
DA:58,11
DA:59,6
DA:60,6
DA:63,11
DA:65,34
DA:72,9
DA:83,11
DA:84,1
DA:90,34
LF:19
LH:19
BRDA:29,0,0,11
BRDA:29,0,1,11
BRDA:29,0,2,11
BRDA:74,1,0,9
BRDA:74,1,1,2
BRDA:75,2,0,9
BRDA:75,2,1,2
BRF:7
BRH:7
end_of_record
TN:
SF:src/types/intersection.ts
FN:15,(anonymous_12)
FN:26,(anonymous_14)
FN:32,(anonymous_15)
FNF:3
FNH:3
FNDA:45,(anonymous_12)
FNDA:3,(anonymous_14)
FNDA:11,(anonymous_15)
DA:1,34
DA:15,34
DA:18,34
DA:26,11
DA:32,34
DA:36,11
DA:42,34
LF:7
LH:7
BRDA:15,0,0,11
BRDA:15,0,1,11
BRDA:15,0,2,11
BRF:3
BRH:3
end_of_record
TN:
SF:src/types/lazy.ts
FN:12,(anonymous_12)
FN:25,(anonymous_14)
FN:17,(anonymous_15)
FN:29,(anonymous_16)
FNF:4
FNH:2
FNDA:35,(anonymous_12)
FNDA:0,(anonymous_14)
FNDA:0,(anonymous_15)
FNDA:1,(anonymous_16)
DA:1,34
DA:12,34
DA:17,34
DA:18,0
DA:25,1
DA:26,0
DA:29,34
DA:30,1
DA:35,34
LF:9
LH:7
BRDA:12,0,0,1
BRDA:12,0,1,1
BRDA:12,0,2,1
BRF:3
BRH:3
end_of_record
TN:
SF:src/types/literal.ts
FN:14,(anonymous_12)
FN:19,(anonymous_14)
FN:21,(anonymous_15)
FNF:3
FNH:3
FNDA:47,(anonymous_12)
FNDA:3,(anonymous_14)
FNDA:13,(anonymous_15)
DA:1,34
DA:14,34
DA:19,13
DA:21,34
DA:22,13
DA:27,34
LF:6
LH:6
BRDA:14,0,0,13
BRDA:14,0,1,13
BRDA:14,0,2,13
BRF:3
BRH:3
end_of_record
TN:
SF:src/types/map.ts
FN:12,(anonymous_12)
FN:22,(anonymous_14)
FN:28,(anonymous_15)
FNF:3
FNH:2
FNDA:35,(anonymous_12)
FNDA:0,(anonymous_14)
FNDA:1,(anonymous_15)
DA:1,34
DA:12,34
DA:15,34
DA:22,1
DA:28,34
DA:35,1
DA:41,34
LF:7
LH:7
BRDA:12,0,0,1
BRDA:12,0,1,1
BRDA:12,0,2,1
BRF:3
BRH:3
end_of_record
TN:
SF:src/types/nativeEnum.ts
FN:10,(anonymous_12)
FN:11,(anonymous_14)
FN:12,(anonymous_15)
FNF:3
FNH:2
FNDA:40,(anonymous_12)
FNDA:0,(anonymous_14)
FNDA:6,(anonymous_15)
DA:1,34
DA:10,34
DA:11,6
DA:12,34
DA:13,6
DA:18,34
LF:6
LH:6
BRDA:10,0,0,6
BRDA:10,0,1,6
BRDA:10,0,2,6
BRF:3
BRH:3
end_of_record
TN:
SF:src/types/never.ts
FN:7,(anonymous_12)
FN:8,(anonymous_14)
FN:10,(anonymous_15)
FNF:3
FNH:2
FNDA:109,(anonymous_12)
FNDA:0,(anonymous_14)
FNDA:75,(anonymous_15)
DA:1,34
DA:7,75
DA:8,75
DA:10,34
DA:11,75
DA:15,34
LF:6
LH:6
BRDA:7,0,0,75
BRDA:7,0,1,75
BRDA:7,0,2,75
BRF:3
BRH:3
end_of_record
TN:
SF:src/types/null.ts
FN:9,(anonymous_12)
FN:14,(anonymous_14)
FN:15,(anonymous_15)
FNF:3
FNH:3
FNDA:41,(anonymous_12)
FNDA:1,(anonymous_14)
FNDA:7,(anonymous_15)
DA:1,34
DA:9,34
DA:14,7
DA:15,34
DA:16,7
DA:20,34
LF:6
LH:6
BRDA:9,0,0,7
BRDA:9,0,1,7
BRDA:9,0,2,7
BRF:3
BRH:3
end_of_record
TN:
SF:src/types/nullable.ts
FN:16,(anonymous_12)
FN:27,(anonymous_14)
FN:32,(anonymous_15)
FNF:3
FNH:3
FNDA:59,(anonymous_12)
FNDA:7,(anonymous_14)
FNDA:25,(anonymous_15)
DA:1,34
DA:16,34
DA:20,34
DA:27,25
DA:32,34
DA:33,25
DA:34,25
DA:39,34
LF:8
LH:8
BRDA:16,0,0,25
BRDA:16,0,1,25
BRDA:16,0,2,25
BRDA:33,1,0,0
BRDA:33,1,1,25
BRF:5
BRH:4
end_of_record
TN:
SF:src/types/number.ts
FN:12,(anonymous_14)
FN:17,(anonymous_16)
FN:24,(anonymous_17)
FN:25,(anonymous_18)
FN:33,(anonymous_19)
FN:34,(anonymous_20)
FN:42,(anonymous_21)
FN:43,(anonymous_22)
FN:50,(anonymous_23)
FN:51,(anonymous_24)
FN:59,(anonymous_25)
FN:60,(anonymous_26)
FN:68,(anonymous_27)
FN:69,(anonymous_28)
FN:77,(anonymous_29)
FN:78,(anonymous_30)
FN:18,(anonymous_31)
FNF:17
FNH:17
FNDA:149,(anonymous_14)
FNDA:9,(anonymous_16)
FNDA:4,(anonymous_17)
FNDA:6,(anonymous_18)
FNDA:2,(anonymous_19)
FNDA:4,(anonymous_20)
FNDA:1,(anonymous_21)
FNDA:2,(anonymous_22)
FNDA:1,(anonymous_23)
FNDA:1,(anonymous_24)
FNDA:1,(anonymous_25)
FNDA:1,(anonymous_26)
FNDA:1,(anonymous_27)
FNDA:1,(anonymous_28)
FNDA:1,(anonymous_29)
FNDA:1,(anonymous_30)
FNDA:95,(anonymous_31)
DA:1,34
DA:5,34
DA:6,34
DA:12,115
DA:17,115
DA:18,34
DA:19,95
DA:24,115
DA:25,6
DA:33,115
DA:34,4
DA:42,115
DA:43,2
DA:50,115
DA:51,1
DA:59,115
DA:60,1
DA:68,115
DA:69,1
DA:77,115
DA:78,1
DA:85,34
LF:22
LH:22
BRDA:12,0,0,115
BRDA:12,0,1,115
BRDA:12,0,2,115
BRF:3
BRH:3
end_of_record
TN:
SF:src/types/object.ts
FN:11,(anonymous_16)
FN:11,(anonymous_17)
FN:28,(anonymous_18)
FN:89,(anonymous_19)
FN:93,(anonymous_20)
FN:140,(anonymous_21)
FN:170,(anonymous_23)
FN:172,(anonymous_24)
FN:178,(anonymous_25)
FN:184,(anonymous_26)
FN:199,(anonymous_27)
FN:220,(anonymous_28)
FN:235,(anonymous_29)
FN:243,(anonymous_30)
FN:248,(anonymous_31)
FN:252,(anonymous_32)
FN:260,(anonymous_33)
FN:267,(anonymous_34)
FN:271,(anonymous_35)
FN:285,(anonymous_36)
FN:315,(anonymous_37)
FN:332,(anonymous_38)
FN:336,(anonymous_39)
FN:353,(anonymous_40)
FN:357,(anonymous_41)
FN:374,(anonymous_42)
FN:158,(anonymous_43)
FN:380,(anonymous_44)
FN:383,(anonymous_45)
FN:392,(anonymous_46)
FNF:30
FNH:28
FNDA:266,(anonymous_16)
FNDA:4,(anonymous_17)
FNDA:4,(anonymous_18)
FNDA:5,(anonymous_19)
FNDA:16,(anonymous_20)
FNDA:167,(anonymous_21)
FNDA:5,(anonymous_23)
FNDA:8,(anonymous_24)
FNDA:2,(anonymous_25)
FNDA:10,(anonymous_26)
FNDA:0,(anonymous_27)
FNDA:5,(anonymous_28)
FNDA:9,(anonymous_29)
FNDA:9,(anonymous_30)
FNDA:10,(anonymous_31)
FNDA:3,(anonymous_32)
FNDA:9,(anonymous_33)
FNDA:4,(anonymous_34)
FNDA:3,(anonymous_35)
FNDA:7,(anonymous_36)
FNDA:2,(anonymous_37)
FNDA:3,(anonymous_38)
FNDA:2,(anonymous_39)
FNDA:2,(anonymous_40)
FNDA:6,(anonymous_41)
FNDA:12,(anonymous_42)
FNDA:135,(anonymous_43)
FNDA:74,(anonymous_44)
FNDA:232,(anonymous_45)
FNDA:0,(anonymous_46)
DA:1,34
DA:5,34
DA:7,34
DA:8,34
DA:11,266
DA:26,4
DA:28,4
DA:89,34
DA:93,16
DA:140,133
DA:148,34
DA:158,34
DA:159,135
DA:170,133
DA:172,133
DA:173,8
DA:178,133
DA:179,2
DA:184,133
DA:185,10
DA:190,133
DA:196,133
DA:197,133
DA:199,133
DA:203,0
DA:211,133
DA:220,133
DA:228,5
DA:235,133
DA:242,9
DA:243,9
DA:244,9
DA:246,9
DA:248,10
DA:252,133
DA:259,3
DA:260,3
DA:261,9
DA:262,6
DA:265,3
DA:267,4
DA:271,133
DA:276,3
DA:277,3
DA:278,8
DA:279,8
DA:283,3
DA:285,7
DA:315,133
DA:324,2
DA:325,2
DA:326,25
DA:327,18
DA:330,2
DA:332,3
DA:336,133
DA:345,2
DA:346,2
DA:347,25
DA:348,7
DA:351,2
DA:353,2
DA:357,133
DA:358,6
DA:360,6
DA:361,12
DA:362,12
DA:363,3
DA:367,9
DA:372,6
DA:374,12
DA:380,34
DA:381,74
DA:383,232
DA:392,34
DA:395,0
DA:402,34
LF:77
LH:75
BRDA:140,0,0,133
BRDA:140,0,1,133
BRDA:140,0,2,133
BRDA:261,1,0,6
BRDA:261,1,1,3
BRDA:280,2,0,0
BRDA:280,2,1,8
BRDA:326,3,0,18
BRDA:326,3,1,7
BRDA:347,4,0,7
BRDA:347,4,1,18
BRDA:362,5,0,3
BRDA:362,5,1,9
BRDA:364,6,0,0
BRDA:364,6,1,3
BRDA:368,7,0,0
BRDA:368,7,1,9
BRF:17
BRH:14
end_of_record
TN:
SF:src/types/optional.ts
FN:19,(anonymous_6)
FN:26,(anonymous_8)
FN:31,(anonymous_9)
FNF:3
FNH:3
FNDA:110,(anonymous_6)
FNDA:9,(anonymous_8)
FNDA:76,(anonymous_9)
DA:1,34
DA:19,76
DA:26,76
DA:31,34
DA:32,76
DA:34,76
DA:39,34
LF:7
LH:7
BRDA:19,0,0,76
BRDA:19,0,1,76
BRDA:19,0,2,76
BRDA:32,1,0,0
BRDA:32,1,1,76
BRF:5
BRH:4
end_of_record
TN:
SF:src/types/promise.ts
FN:12,(anonymous_12)
FN:17,(anonymous_14)
FN:28,(anonymous_15)
FNF:3
FNH:3
FNDA:39,(anonymous_12)
FNDA:1,(anonymous_14)
FNDA:5,(anonymous_15)
DA:1,34
DA:12,34
DA:17,5
DA:18,1
DA:28,34
DA:29,5
DA:34,34
LF:7
LH:7
BRDA:12,0,0,5
BRDA:12,0,1,5
BRDA:12,0,2,5
BRF:3
BRH:3
end_of_record
TN:
SF:src/types/record.ts
FN:12,(anonymous_12)
FN:21,(anonymous_14)
FN:30,(anonymous_15)
FNF:3
FNH:3
FNDA:36,(anonymous_12)
FNDA:1,(anonymous_14)
FNDA:2,(anonymous_15)
DA:1,34
DA:12,34
DA:14,34
DA:21,2
DA:30,34
DA:33,2
DA:38,34
LF:7
LH:7
BRDA:12,0,0,2
BRDA:12,0,1,2
BRDA:12,0,2,2
BRF:3
BRH:3
end_of_record
TN:
SF:src/types/string.ts
FN:19,(anonymous_14)
FN:23,(anonymous_16)
FN:24,(anonymous_17)
FN:25,(anonymous_18)
FN:33,(anonymous_19)
FN:34,(anonymous_20)
FN:46,(anonymous_21)
FN:51,(anonymous_22)
FN:58,(anonymous_23)
FN:61,(anonymous_24)
FN:63,(anonymous_25)
FN:80,(anonymous_26)
FN:83,(anonymous_27)
FN:86,(anonymous_28)
FN:42,(anonymous_29)
FN:89,(anonymous_30)
FNF:16
FNH:16
FNDA:241,(anonymous_14)
FNDA:5,(anonymous_16)
FNDA:10,(anonymous_17)
FNDA:9,(anonymous_18)
FNDA:7,(anonymous_19)
FNDA:7,(anonymous_20)
FNDA:12,(anonymous_21)
FNDA:11,(anonymous_22)
FNDA:4,(anonymous_23)
FNDA:6,(anonymous_24)
FNDA:8,(anonymous_25)
FNDA:6,(anonymous_26)
FNDA:2,(anonymous_27)
FNDA:1,(anonymous_28)
FNDA:3,(anonymous_29)
FNDA:158,(anonymous_30)
DA:1,34
DA:5,34
DA:6,34
DA:16,34
DA:17,34
DA:19,207
DA:20,207
DA:21,207
DA:23,207
DA:24,207
DA:25,10
DA:33,207
DA:34,7
DA:42,34
DA:43,3
DA:46,207
DA:51,12
DA:58,207
DA:59,4
DA:61,207
DA:62,6
DA:64,8
DA:65,8
DA:66,2
DA:68,6
DA:80,207
DA:81,6
DA:83,207
DA:84,2
DA:86,207
DA:87,1
DA:89,34
DA:90,158
DA:95,34
LF:34
LH:34
BRDA:19,0,0,207
BRDA:19,0,1,207
BRDA:19,0,2,207
BRF:3
BRH:3
end_of_record
TN:
SF:src/types/transformer.ts
FN:16,(anonymous_12)
FN:44,(anonymous_14)
FN:57,(anonymous_15)
FN:61,(anonymous_16)
FN:74,(anonymous_17)
FN:81,(anonymous_18)
FNF:6
FNH:3
FNDA:59,(anonymous_12)
FNDA:1,(anonymous_14)
FNDA:0,(anonymous_15)
FNDA:25,(anonymous_16)
FNDA:0,(anonymous_17)
FNDA:0,(anonymous_18)
DA:1,34
DA:16,34
DA:19,34
DA:44,25
DA:57,34
DA:58,0
DA:61,34
DA:66,25
DA:74,34
DA:77,0
DA:81,0
DA:84,34
LF:12
LH:9
BRDA:16,0,0,25
BRDA:16,0,1,25
BRDA:16,0,2,25
BRF:3
BRH:3
end_of_record
TN:
SF:src/types/tuple.ts
FN:57,(anonymous_12)
FN:63,(anonymous_14)
FN:65,(anonymous_15)
FN:68,(anonymous_16)
FN:76,(anonymous_17)
FNF:5
FNH:4
FNDA:55,(anonymous_12)
FNDA:2,(anonymous_14)
FNDA:7,(anonymous_15)
FNDA:0,(anonymous_16)
FNDA:21,(anonymous_17)
DA:1,34
DA:57,34
DA:62,34
DA:63,21
DA:65,7
DA:68,34
DA:69,0
DA:76,34
DA:79,21
DA:84,34
LF:10
LH:9
BRDA:57,0,0,21
BRDA:57,0,1,21
BRDA:57,0,2,21
BRF:3
BRH:3
end_of_record
TN:
SF:src/types/undefined.ts
FN:9,(anonymous_12)
FN:10,(anonymous_14)
FN:16,(anonymous_15)
FNF:3
FNH:3
FNDA:44,(anonymous_12)
FNDA:1,(anonymous_14)
FNDA:10,(anonymous_15)
DA:1,34
DA:9,34
DA:10,10
DA:16,34
DA:17,10
DA:21,34
LF:6
LH:6
BRDA:9,0,0,10
BRDA:9,0,1,10
BRDA:9,0,2,10
BRF:3
BRH:3
end_of_record
TN:
SF:src/types/union.ts
FN:16,(anonymous_12)
FN:23,(anonymous_14)
FN:25,(anonymous_15)
FN:28,(anonymous_16)
FN:36,(anonymous_17)
FNF:5
FNH:4
FNDA:49,(anonymous_12)
FNDA:1,(anonymous_14)
FNDA:2,(anonymous_15)
FNDA:0,(anonymous_16)
FNDA:14,(anonymous_17)
DA:1,34
DA:16,34
DA:18,34
DA:23,15
DA:25,2
DA:28,34
DA:29,0
DA:36,34
DA:39,14
DA:44,34
LF:10
LH:9
BRDA:16,0,0,15
BRDA:16,0,1,15
BRDA:16,0,2,15
BRF:3
BRH:3
end_of_record
TN:
SF:src/types/unknown.ts
FN:10,(anonymous_12)
FN:13,(anonymous_14)
FN:15,(anonymous_15)
FNF:3
FNH:3
FNDA:40,(anonymous_12)
FNDA:1,(anonymous_14)
FNDA:6,(anonymous_15)
DA:1,34
DA:10,34
DA:13,6
DA:15,34
DA:16,6
DA:20,34
LF:6
LH:6
BRDA:10,0,0,6
BRDA:10,0,1,6
BRDA:10,0,2,6
BRF:3
BRH:3
end_of_record
TN:
SF:src/types/void.ts
FN:10,(anonymous_12)
FN:13,(anonymous_14)
FN:15,(anonymous_15)
FNF:3
FNH:2
FNDA:36,(anonymous_12)
FNDA:0,(anonymous_14)
FNDA:2,(anonymous_15)
DA:1,34
DA:10,34
DA:13,2
DA:15,34
DA:16,2
DA:20,34
LF:6
LH:6
BRDA:10,0,0,2
BRDA:10,0,1,2
BRDA:10,0,2,2
BRF:3
BRH:3
end_of_record
