{"/Users/colinmcd94/Documents/Projects/zod/src/ZodError.ts": {"path":"/Users/colinmcd94/Documents/Projects/zod/src/ZodError.ts","statementMap":{"0":{"start":{"line":6,"column":0},"end":{"line":6,"column":null}},"1":{"start":{"line":6,"column":30},"end":{"line":6,"column":35}},"2":{"start":{"line":10,"column":4},"end":{"line":10,"column":null}},"3":{"start":{"line":7,"column":2},"end":{"line":7,"column":29}},"4":{"start":{"line":43,"column":2},"end":{"line":45,"column":4}},"5":{"start":{"line":44,"column":4},"end":{"line":44,"column":44}},"6":{"start":{"line":47,"column":2},"end":{"line":53,"column":4}},"7":{"start":{"line":48,"column":4},"end":{"line":52,"column":6}},"8":{"start":{"line":50,"column":8},"end":{"line":50,"column":74}},"9":{"start":{"line":55,"column":2},"end":{"line":57,"column":4}},"10":{"start":{"line":56,"column":4},"end":{"line":56,"column":81}},"11":{"start":{"line":59,"column":2},"end":{"line":61,"column":4}},"12":{"start":{"line":60,"column":4},"end":{"line":60,"column":52}},"13":{"start":{"line":12,"column":24},"end":{"line":12,"column":44}},"14":{"start":{"line":13,"column":4},"end":{"line":13,"column":45}},"15":{"start":{"line":22,"column":2},"end":{"line":28,"column":null}},"16":{"start":{"line":23,"column":4},"end":{"line":27,"column":18}},"17":{"start":{"line":24,"column":14},"end":{"line":24,"column":18}},"18":{"start":{"line":24,"column":20},"end":{"line":24,"column":27}},"19":{"start":{"line":25,"column":8},"end":{"line":25,"column":80}},"20":{"start":{"line":30,"column":2},"end":{"line":32,"column":null}},"21":{"start":{"line":31,"column":4},"end":{"line":31,"column":36}},"22":{"start":{"line":16,"column":9},"end":{"line":20,"column":4}},"23":{"start":{"line":17,"column":18},"end":{"line":17,"column":32}},"24":{"start":{"line":18,"column":4},"end":{"line":18,"column":26}},"25":{"start":{"line":19,"column":4},"end":{"line":19,"column":17}},"26":{"start":{"line":34,"column":9},"end":{"line":41,"column":4}},"27":{"start":{"line":35,"column":4},"end":{"line":40,"column":7}},"28":{"start":{"line":62,"column":0},"end":{"line":62,"column":null}},"29":{"start":{"line":6,"column":13},"end":{"line":6,"column":21}}},"fnMap":{"0":{"name":"(anonymous_6)","decl":{"start":{"line":6,"column":0},"end":{"line":6,"column":13}},"loc":{"start":{"line":6,"column":0},"end":{"line":6,"column":13}}},"1":{"name":"ZodError","decl":{"start":{"line":9,"column":2},"end":{"line":9,"column":null}},"loc":{"start":{"line":9,"column":2},"end":{"line":14,"column":3}}},"2":{"name":"(anonymous_8)","decl":{"start":{"line":43,"column":15},"end":{"line":43,"column":16}},"loc":{"start":{"line":43,"column":61},"end":{"line":45,"column":3}}},"3":{"name":"(anonymous_9)","decl":{"start":{"line":47,"column":13},"end":{"line":47,"column":14}},"loc":{"start":{"line":47,"column":42},"end":{"line":53,"column":3}}},"4":{"name":"(anonymous_10)","decl":{"start":{"line":49,"column":22},"end":{"line":49,"column":25}},"loc":{"start":{"line":49,"column":25},"end":{"line":51,"column":7}}},"5":{"name":"(anonymous_11)","decl":{"start":{"line":55,"column":13},"end":{"line":55,"column":14}},"loc":{"start":{"line":55,"column":52},"end":{"line":57,"column":3}}},"6":{"name":"(anonymous_12)","decl":{"start":{"line":59,"column":10},"end":{"line":59,"column":11}},"loc":{"start":{"line":59,"column":26},"end":{"line":61,"column":3}}},"7":{"name":"(anonymous_13)","decl":{"start":{"line":22,"column":2},"end":{"line":22,"column":6}},"loc":{"start":{"line":22,"column":2},"end":{"line":28,"column":3}}},"8":{"name":"(anonymous_14)","decl":{"start":{"line":24,"column":11},"end":{"line":24,"column":12}},"loc":{"start":{"line":24,"column":29},"end":{"line":26,"column":7}}},"9":{"name":"(anonymous_15)","decl":{"start":{"line":30,"column":2},"end":{"line":30,"column":6}},"loc":{"start":{"line":30,"column":2},"end":{"line":32,"column":3}}},"10":{"name":"(anonymous_16)","decl":{"start":{"line":16,"column":18},"end":{"line":16,"column":19}},"loc":{"start":{"line":16,"column":40},"end":{"line":20,"column":3}}},"11":{"name":"(anonymous_17)","decl":{"start":{"line":34,"column":22},"end":{"line":34,"column":23}},"loc":{"start":{"line":34,"column":38},"end":{"line":41,"column":3}}}},"branchMap":{"0":{"loc":{"start":{"line":10,"column":4},"end":{"line":10,"column":11}},"type":"binary-expr","locations":[{"start":{"line":10,"column":4},"end":{"line":10,"column":11}},{"start":{"line":10,"column":11},"end":{"line":10,"column":null}}]},"1":{"loc":{"start":{"line":56,"column":57},"end":{"line":56,"column":59}},"type":"cond-expr","locations":[{"start":{"line":56,"column":57},"end":{"line":56,"column":59}},{"start":{"line":56,"column":62},"end":{"line":56,"column":68}}]},"2":{"loc":{"start":{"line":25,"column":29},"end":{"line":25,"column":64}},"type":"cond-expr","locations":[{"start":{"line":25,"column":29},"end":{"line":25,"column":64}},{"start":{"line":25,"column":67},"end":{"line":25,"column":79}}]}},"s":{"0":9,"1":9,"2":119,"3":119,"4":119,"5":12,"6":119,"7":13,"8":14,"9":119,"10":3,"11":119,"12":13,"13":119,"14":119,"15":9,"16":135,"17":146,"18":146,"19":146,"20":9,"21":38,"22":9,"23":119,"24":119,"25":119,"26":9,"27":65,"28":9,"29":9},"f":{"0":9,"1":119,"2":12,"3":13,"4":14,"5":3,"6":13,"7":135,"8":146,"9":38,"10":119,"11":65},"b":{"0":[119,0],"1":[1,2],"2":[20,126]}}
,"/Users/colinmcd94/Documents/Projects/zod/src/index.ts": {"path":"/Users/colinmcd94/Documents/Projects/zod/src/index.ts","statementMap":{"0":{"start":{"line":3,"column":0},"end":{"line":3,"column":9}},"1":{"start":{"line":77,"column":2},"end":{"line":3,"column":57}},"2":{"start":{"line":4,"column":0},"end":{"line":4,"column":9}},"3":{"start":{"line":78,"column":2},"end":{"line":4,"column":57}},"4":{"start":{"line":5,"column":0},"end":{"line":5,"column":9}},"5":{"start":{"line":79,"column":2},"end":{"line":5,"column":60}},"6":{"start":{"line":6,"column":0},"end":{"line":6,"column":9}},"7":{"start":{"line":80,"column":2},"end":{"line":6,"column":66}},"8":{"start":{"line":7,"column":0},"end":{"line":7,"column":9}},"9":{"start":{"line":81,"column":2},"end":{"line":7,"column":51}},"10":{"start":{"line":8,"column":0},"end":{"line":8,"column":9}},"11":{"start":{"line":82,"column":2},"end":{"line":8,"column":54}},"12":{"start":{"line":9,"column":0},"end":{"line":9,"column":9}},"13":{"start":{"line":83,"column":2},"end":{"line":9,"column":57}},"14":{"start":{"line":10,"column":0},"end":{"line":10,"column":9}},"15":{"start":{"line":84,"column":2},"end":{"line":10,"column":54}},"16":{"start":{"line":11,"column":0},"end":{"line":11,"column":9}},"17":{"start":{"line":85,"column":2},"end":{"line":11,"column":75}},"18":{"start":{"line":12,"column":0},"end":{"line":12,"column":9}},"19":{"start":{"line":86,"column":2},"end":{"line":12,"column":54}},"20":{"start":{"line":13,"column":0},"end":{"line":13,"column":9}},"21":{"start":{"line":87,"column":2},"end":{"line":13,"column":47}},"22":{"start":{"line":14,"column":0},"end":{"line":14,"column":9}},"23":{"start":{"line":88,"column":2},"end":{"line":14,"column":51}},"24":{"start":{"line":15,"column":0},"end":{"line":15,"column":9}},"25":{"start":{"line":89,"column":2},"end":{"line":15,"column":60}},"26":{"start":{"line":16,"column":0},"end":{"line":16,"column":9}},"27":{"start":{"line":90,"column":2},"end":{"line":16,"column":51}},"28":{"start":{"line":17,"column":0},"end":{"line":17,"column":17}},"29":{"start":{"line":91,"column":2},"end":{"line":17,"column":55}},"30":{"start":{"line":18,"column":0},"end":{"line":18,"column":9}},"31":{"start":{"line":94,"column":2},"end":{"line":18,"column":38}},"32":{"start":{"line":36,"column":19},"end":{"line":36,"column":35}},"33":{"start":{"line":56,"column":16},"end":{"line":56,"column":22}},"34":{"start":{"line":37,"column":19},"end":{"line":37,"column":35}},"35":{"start":{"line":57,"column":16},"end":{"line":57,"column":22}},"36":{"start":{"line":38,"column":20},"end":{"line":38,"column":37}},"37":{"start":{"line":58,"column":17},"end":{"line":58,"column":24}},"38":{"start":{"line":39,"column":22},"end":{"line":39,"column":41}},"39":{"start":{"line":59,"column":19},"end":{"line":59,"column":28}},"40":{"start":{"line":40,"column":17},"end":{"line":40,"column":31}},"41":{"start":{"line":60,"column":14},"end":{"line":60,"column":18}},"42":{"start":{"line":41,"column":18},"end":{"line":41,"column":33}},"43":{"start":{"line":61,"column":15},"end":{"line":61,"column":20}},"44":{"start":{"line":42,"column":19},"end":{"line":42,"column":35}},"45":{"start":{"line":62,"column":16},"end":{"line":62,"column":22}},"46":{"start":{"line":43,"column":18},"end":{"line":43,"column":33}},"47":{"start":{"line":63,"column":15},"end":{"line":63,"column":20}},"48":{"start":{"line":44,"column":25},"end":{"line":44,"column":47}},"49":{"start":{"line":64,"column":22},"end":{"line":64,"column":34}},"50":{"start":{"line":45,"column":18},"end":{"line":45,"column":33}},"51":{"start":{"line":65,"column":15},"end":{"line":65,"column":20}},"52":{"start":{"line":46,"column":21},"end":{"line":46,"column":39}},"53":{"start":{"line":66,"column":18},"end":{"line":66,"column":26}},"54":{"start":{"line":47,"column":17},"end":{"line":47,"column":31}},"55":{"start":{"line":67,"column":14},"end":{"line":67,"column":18}},"56":{"start":{"line":49,"column":20},"end":{"line":49,"column":37}},"57":{"start":{"line":69,"column":17},"end":{"line":69,"column":24}},"58":{"start":{"line":50,"column":17},"end":{"line":50,"column":31}},"59":{"start":{"line":70,"column":14},"end":{"line":70,"column":18}},"60":{"start":{"line":51,"column":16},"end":{"line":51,"column":32}},"61":{"start":{"line":51,"column":22},"end":{"line":51,"column":46}},"62":{"start":{"line":71,"column":2},"end":{"line":71,"column":9}},"63":{"start":{"line":52,"column":16},"end":{"line":52,"column":32}},"64":{"start":{"line":52,"column":22},"end":{"line":52,"column":46}},"65":{"start":{"line":72,"column":2},"end":{"line":72,"column":9}},"66":{"start":{"line":53,"column":17},"end":{"line":53,"column":34}},"67":{"start":{"line":53,"column":23},"end":{"line":53,"column":48}},"68":{"start":{"line":73,"column":2},"end":{"line":73,"column":10}}},"fnMap":{"0":{"name":"(anonymous_0)","decl":{"start":{"line":51,"column":16},"end":{"line":51,"column":22}},"loc":{"start":{"line":51,"column":16},"end":{"line":51,"column":32}}},"1":{"name":"(anonymous_1)","decl":{"start":{"line":52,"column":16},"end":{"line":52,"column":22}},"loc":{"start":{"line":52,"column":16},"end":{"line":52,"column":32}}},"2":{"name":"(anonymous_2)","decl":{"start":{"line":53,"column":17},"end":{"line":53,"column":23}},"loc":{"start":{"line":53,"column":17},"end":{"line":53,"column":34}}}},"branchMap":{},"s":{"0":8,"1":8,"2":8,"3":8,"4":8,"5":8,"6":8,"7":8,"8":8,"9":8,"10":8,"11":8,"12":8,"13":8,"14":8,"15":8,"16":8,"17":8,"18":8,"19":8,"20":8,"21":8,"22":8,"23":8,"24":8,"25":8,"26":8,"27":8,"28":8,"29":8,"30":8,"31":8,"32":8,"33":8,"34":8,"35":8,"36":8,"37":8,"38":8,"39":8,"40":8,"41":8,"42":8,"43":8,"44":8,"45":8,"46":8,"47":8,"48":8,"49":8,"50":8,"51":8,"52":8,"53":8,"54":8,"55":8,"56":8,"57":8,"58":8,"59":8,"60":8,"61":0,"62":8,"63":8,"64":0,"65":8,"66":8,"67":0,"68":8},"f":{"0":0,"1":0,"2":0},"b":{}}
,"/Users/colinmcd94/Documents/Projects/zod/src/parser.ts": {"path":"/Users/colinmcd94/Documents/Projects/zod/src/parser.ts","statementMap":{"0":{"start":{"line":1,"column":0},"end":{"line":1,"column":34}},"1":{"start":{"line":3,"column":0},"end":{"line":3,"column":38}},"2":{"start":{"line":6,"column":2},"end":{"line":6,"column":55}},"3":{"start":{"line":14,"column":13},"end":{"line":198,"column":2}},"4":{"start":{"line":14,"column":54},"end":{"line":198,"column":2}},"5":{"start":{"line":14,"column":65},"end":{"line":14,"column":null}},"6":{"start":{"line":15,"column":22},"end":{"line":15,"column":38}},"7":{"start":{"line":20,"column":21},"end":{"line":20,"column":66}},"8":{"start":{"line":20,"column":43},"end":{"line":20,"column":66}},"9":{"start":{"line":21,"column":2},"end":{"line":30,"column":null}},"10":{"start":{"line":22,"column":4},"end":{"line":27,"column":null}},"11":{"start":{"line":23,"column":6},"end":{"line":23,"column":60}},"12":{"start":{"line":24,"column":6},"end":{"line":24,"column":17}},"13":{"start":{"line":26,"column":6},"end":{"line":26,"column":35}},"14":{"start":{"line":29,"column":4},"end":{"line":29,"column":60}},"15":{"start":{"line":33,"column":2},"end":{"line":194,"column":null}},"16":{"start":{"line":35,"column":6},"end":{"line":35,"column":95}},"17":{"start":{"line":35,"column":35},"end":{"line":35,"column":95}},"18":{"start":{"line":36,"column":6},"end":{"line":36,"column":24}},"19":{"start":{"line":38,"column":6},"end":{"line":38,"column":95}},"20":{"start":{"line":38,"column":35},"end":{"line":38,"column":95}},"21":{"start":{"line":39,"column":6},"end":{"line":41,"column":null}},"22":{"start":{"line":40,"column":8},"end":{"line":40,"column":58}},"23":{"start":{"line":42,"column":6},"end":{"line":42,"column":24}},"24":{"start":{"line":44,"column":6},"end":{"line":44,"column":97}},"25":{"start":{"line":44,"column":36},"end":{"line":44,"column":97}},"26":{"start":{"line":45,"column":6},"end":{"line":45,"column":24}},"27":{"start":{"line":47,"column":6},"end":{"line":47,"column":98}},"28":{"start":{"line":47,"column":29},"end":{"line":47,"column":98}},"29":{"start":{"line":48,"column":6},"end":{"line":48,"column":24}},"30":{"start":{"line":50,"column":6},"end":{"line":50,"column":82}},"31":{"start":{"line":50,"column":24},"end":{"line":50,"column":82}},"32":{"start":{"line":51,"column":6},"end":{"line":51,"column":24}},"33":{"start":{"line":53,"column":6},"end":{"line":53,"column":90}},"34":{"start":{"line":53,"column":31},"end":{"line":53,"column":90}},"35":{"start":{"line":54,"column":25},"end":{"line":54,"column":44}},"36":{"start":{"line":55,"column":6},"end":{"line":57,"column":null}},"37":{"start":{"line":56,"column":8},"end":{"line":56,"column":59}},"38":{"start":{"line":58,"column":26},"end":{"line":72,"column":8}},"39":{"start":{"line":59,"column":8},"end":{"line":71,"column":null}},"40":{"start":{"line":60,"column":29},"end":{"line":60,"column":57}},"41":{"start":{"line":61,"column":10},"end":{"line":61,"column":28}},"42":{"start":{"line":63,"column":10},"end":{"line":70,"column":null}},"43":{"start":{"line":64,"column":12},"end":{"line":64,"column":42}},"44":{"start":{"line":66,"column":12},"end":{"line":66,"column":24}},"45":{"start":{"line":68,"column":12},"end":{"line":68,"column":71}},"46":{"start":{"line":69,"column":12},"end":{"line":69,"column":24}},"47":{"start":{"line":73,"column":6},"end":{"line":76,"column":null}},"48":{"start":{"line":75,"column":8},"end":{"line":75,"column":25}},"49":{"start":{"line":77,"column":6},"end":{"line":77,"column":32}},"50":{"start":{"line":79,"column":6},"end":{"line":79,"column":95}},"51":{"start":{"line":79,"column":35},"end":{"line":79,"column":95}},"52":{"start":{"line":80,"column":6},"end":{"line":80,"column":82}},"53":{"start":{"line":80,"column":30},"end":{"line":80,"column":82}},"54":{"start":{"line":82,"column":20},"end":{"line":82,"column":29}},"55":{"start":{"line":83,"column":6},"end":{"line":90,"column":null}},"56":{"start":{"line":84,"column":26},"end":{"line":84,"column":48}},"57":{"start":{"line":85,"column":24},"end":{"line":85,"column":40}},"58":{"start":{"line":86,"column":26},"end":{"line":86,"column":74}},"59":{"start":{"line":86,"column":46},"end":{"line":86,"column":74}},"60":{"start":{"line":87,"column":8},"end":{"line":89,"column":null}},"61":{"start":{"line":88,"column":10},"end":{"line":88,"column":111}},"62":{"start":{"line":88,"column":87},"end":{"line":88,"column":96}},"63":{"start":{"line":92,"column":26},"end":{"line":92,"column":45}},"64":{"start":{"line":93,"column":6},"end":{"line":103,"column":null}},"65":{"start":{"line":94,"column":8},"end":{"line":102,"column":null}},"66":{"start":{"line":95,"column":10},"end":{"line":95,"column":49}},"67":{"start":{"line":97,"column":10},"end":{"line":101,"column":null}},"68":{"start":{"line":98,"column":12},"end":{"line":98,"column":45}},"69":{"start":{"line":100,"column":12},"end":{"line":100,"column":74}},"70":{"start":{"line":105,"column":6},"end":{"line":107,"column":null}},"71":{"start":{"line":106,"column":8},"end":{"line":106,"column":26}},"72":{"start":{"line":108,"column":6},"end":{"line":108,"column":17}},"73":{"start":{"line":110,"column":6},"end":{"line":115,"column":null}},"74":{"start":{"line":110,"column":27},"end":{"line":110,"column":30}},"75":{"start":{"line":110,"column":27},"end":{"line":110,"column":38}},"76":{"start":{"line":110,"column":23},"end":{"line":110,"column":27}},"77":{"start":{"line":111,"column":8},"end":{"line":114,"column":24}},"78":{"start":{"line":112,"column":10},"end":{"line":112,"column":36}},"79":{"start":{"line":113,"column":10},"end":{"line":113,"column":21}},"80":{"start":{"line":116,"column":6},"end":{"line":120,"column":8}},"81":{"start":{"line":118,"column":20},"end":{"line":118,"column":29}},"82":{"start":{"line":122,"column":31},"end":{"line":122,"column":33}},"83":{"start":{"line":123,"column":6},"end":{"line":127,"column":null}},"84":{"start":{"line":124,"column":8},"end":{"line":124,"column":36}},"85":{"start":{"line":126,"column":8},"end":{"line":126,"column":65}},"86":{"start":{"line":129,"column":6},"end":{"line":133,"column":null}},"87":{"start":{"line":130,"column":8},"end":{"line":130,"column":37}},"88":{"start":{"line":132,"column":8},"end":{"line":132,"column":66}},"89":{"start":{"line":135,"column":6},"end":{"line":137,"column":null}},"90":{"start":{"line":136,"column":8},"end":{"line":136,"column":19}},"91":{"start":{"line":138,"column":6},"end":{"line":138,"column":51}},"92":{"start":{"line":141,"column":6},"end":{"line":144,"column":null}},"93":{"start":{"line":143,"column":8},"end":{"line":143,"column":77}},"94":{"start":{"line":145,"column":6},"end":{"line":150,"column":null}},"95":{"start":{"line":147,"column":8},"end":{"line":149,"column":10}},"96":{"start":{"line":152,"column":25},"end":{"line":152,"column":44}},"97":{"start":{"line":153,"column":33},"end":{"line":153,"column":35}},"98":{"start":{"line":154,"column":6},"end":{"line":167,"column":null}},"99":{"start":{"line":155,"column":21},"end":{"line":155,"column":31}},"100":{"start":{"line":156,"column":27},"end":{"line":156,"column":43}},"101":{"start":{"line":157,"column":8},"end":{"line":166,"column":null}},"102":{"start":{"line":158,"column":10},"end":{"line":158,"column":59}},"103":{"start":{"line":160,"column":10},"end":{"line":165,"column":null}},"104":{"start":{"line":161,"column":12},"end":{"line":161,"column":46}},"105":{"start":{"line":164,"column":12},"end":{"line":164,"column":51}},"106":{"start":{"line":168,"column":6},"end":{"line":170,"column":null}},"107":{"start":{"line":169,"column":8},"end":{"line":169,"column":25}},"108":{"start":{"line":171,"column":6},"end":{"line":171,"column":32}},"109":{"start":{"line":173,"column":25},"end":{"line":173,"column":37}},"110":{"start":{"line":174,"column":6},"end":{"line":174,"column":36}},"111":{"start":{"line":175,"column":6},"end":{"line":175,"column":17}},"112":{"start":{"line":180,"column":6},"end":{"line":180,"column":40}},"113":{"start":{"line":180,"column":29},"end":{"line":180,"column":40}},"114":{"start":{"line":181,"column":6},"end":{"line":181,"column":59}},"115":{"start":{"line":183,"column":6},"end":{"line":185,"column":null}},"116":{"start":{"line":184,"column":8},"end":{"line":184,"column":79}},"117":{"start":{"line":186,"column":6},"end":{"line":186,"column":17}},"118":{"start":{"line":192,"column":6},"end":{"line":192,"column":23}}},"fnMap":{"0":{"name":"assertNever","decl":{"start":{"line":5,"column":9},"end":{"line":5,"column":20}},"loc":{"start":{"line":5,"column":29},"end":{"line":7,"column":1}}},"1":{"name":"(anonymous_2)","decl":{"start":{"line":14,"column":25},"end":{"line":14,"column":26}},"loc":{"start":{"line":14,"column":49},"end":{"line":14,"column":55}}},"2":{"name":"(anonymous_3)","decl":{"start":{"line":14,"column":54},"end":{"line":14,"column":55}},"loc":{"start":{"line":14,"column":99},"end":{"line":198,"column":1}}},"3":{"name":"(anonymous_4)","decl":{"start":{"line":20,"column":38},"end":{"line":20,"column":39}},"loc":{"start":{"line":20,"column":39},"end":{"line":20,"column":44}}},"4":{"name":"(anonymous_5)","decl":{"start":{"line":58,"column":34},"end":{"line":58,"column":35}},"loc":{"start":{"line":58,"column":42},"end":{"line":72,"column":7}}},"5":{"name":"(anonymous_6)","decl":{"start":{"line":86,"column":41},"end":{"line":86,"column":42}},"loc":{"start":{"line":86,"column":42},"end":{"line":86,"column":55}}},"6":{"name":"(anonymous_7)","decl":{"start":{"line":88,"column":82},"end":{"line":88,"column":83}},"loc":{"start":{"line":88,"column":83},"end":{"line":88,"column":91}}},"7":{"name":"(anonymous_8)","decl":{"start":{"line":118,"column":15},"end":{"line":118,"column":16}},"loc":{"start":{"line":118,"column":16},"end":{"line":118,"column":21}}}},"branchMap":{"0":{"loc":{"start":{"line":14,"column":65},"end":{"line":14,"column":null}},"type":"if","locations":[{"start":{"line":14,"column":65},"end":{"line":14,"column":null}},{"start":{"line":14,"column":65},"end":{"line":14,"column":null}}]},"1":{"loc":{"start":{"line":21,"column":2},"end":{"line":30,"column":null}},"type":"if","locations":[{"start":{"line":21,"column":2},"end":{"line":30,"column":null}},{"start":{"line":21,"column":2},"end":{"line":30,"column":null}}]},"2":{"loc":{"start":{"line":22,"column":4},"end":{"line":27,"column":null}},"type":"if","locations":[{"start":{"line":22,"column":4},"end":{"line":27,"column":null}},{"start":{"line":22,"column":4},"end":{"line":27,"column":null}}]},"3":{"loc":{"start":{"line":34,"column":4},"end":{"line":36,"column":24}},"type":"switch","locations":[{"start":{"line":34,"column":4},"end":{"line":36,"column":24}},{"start":{"line":37,"column":4},"end":{"line":42,"column":24}},{"start":{"line":43,"column":4},"end":{"line":45,"column":24}},{"start":{"line":46,"column":4},"end":{"line":48,"column":24}},{"start":{"line":49,"column":4},"end":{"line":51,"column":24}},{"start":{"line":52,"column":4},"end":{"line":77,"column":32}},{"start":{"line":78,"column":4},"end":{"line":108,"column":17}},{"start":{"line":109,"column":4},"end":{"line":120,"column":8}},{"start":{"line":121,"column":4},"end":{"line":138,"column":51}},{"start":{"line":140,"column":4},"end":{"line":171,"column":32}},{"start":{"line":172,"column":4},"end":{"line":175,"column":17}},{"start":{"line":176,"column":4},"end":{"line":181,"column":59}},{"start":{"line":182,"column":4},"end":{"line":186,"column":17}},{"start":{"line":189,"column":4},"end":{"line":192,"column":23}}]},"4":{"loc":{"start":{"line":35,"column":6},"end":{"line":35,"column":95}},"type":"if","locations":[{"start":{"line":35,"column":6},"end":{"line":35,"column":95}},{"start":{"line":35,"column":6},"end":{"line":35,"column":95}}]},"5":{"loc":{"start":{"line":38,"column":6},"end":{"line":38,"column":95}},"type":"if","locations":[{"start":{"line":38,"column":6},"end":{"line":38,"column":95}},{"start":{"line":38,"column":6},"end":{"line":38,"column":95}}]},"6":{"loc":{"start":{"line":39,"column":6},"end":{"line":41,"column":null}},"type":"if","locations":[{"start":{"line":39,"column":6},"end":{"line":41,"column":null}},{"start":{"line":39,"column":6},"end":{"line":41,"column":null}}]},"7":{"loc":{"start":{"line":44,"column":6},"end":{"line":44,"column":97}},"type":"if","locations":[{"start":{"line":44,"column":6},"end":{"line":44,"column":97}},{"start":{"line":44,"column":6},"end":{"line":44,"column":97}}]},"8":{"loc":{"start":{"line":47,"column":6},"end":{"line":47,"column":98}},"type":"if","locations":[{"start":{"line":47,"column":6},"end":{"line":47,"column":98}},{"start":{"line":47,"column":6},"end":{"line":47,"column":98}}]},"9":{"loc":{"start":{"line":50,"column":6},"end":{"line":50,"column":82}},"type":"if","locations":[{"start":{"line":50,"column":6},"end":{"line":50,"column":82}},{"start":{"line":50,"column":6},"end":{"line":50,"column":82}}]},"10":{"loc":{"start":{"line":53,"column":6},"end":{"line":53,"column":90}},"type":"if","locations":[{"start":{"line":53,"column":6},"end":{"line":53,"column":90}},{"start":{"line":53,"column":6},"end":{"line":53,"column":90}}]},"11":{"loc":{"start":{"line":55,"column":6},"end":{"line":57,"column":null}},"type":"if","locations":[{"start":{"line":55,"column":6},"end":{"line":57,"column":null}},{"start":{"line":55,"column":6},"end":{"line":57,"column":null}}]},"12":{"loc":{"start":{"line":55,"column":10},"end":{"line":55,"column":31}},"type":"binary-expr","locations":[{"start":{"line":55,"column":10},"end":{"line":55,"column":31}},{"start":{"line":55,"column":35},"end":{"line":55,"column":51}}]},"13":{"loc":{"start":{"line":63,"column":10},"end":{"line":70,"column":null}},"type":"if","locations":[{"start":{"line":63,"column":10},"end":{"line":70,"column":null}},{"start":{"line":63,"column":10},"end":{"line":70,"column":null}}]},"14":{"loc":{"start":{"line":73,"column":6},"end":{"line":76,"column":null}},"type":"if","locations":[{"start":{"line":73,"column":6},"end":{"line":76,"column":null}},{"start":{"line":73,"column":6},"end":{"line":76,"column":null}}]},"15":{"loc":{"start":{"line":79,"column":6},"end":{"line":79,"column":95}},"type":"if","locations":[{"start":{"line":79,"column":6},"end":{"line":79,"column":95}},{"start":{"line":79,"column":6},"end":{"line":79,"column":95}}]},"16":{"loc":{"start":{"line":80,"column":6},"end":{"line":80,"column":82}},"type":"if","locations":[{"start":{"line":80,"column":6},"end":{"line":80,"column":82}},{"start":{"line":80,"column":6},"end":{"line":80,"column":82}}]},"17":{"loc":{"start":{"line":83,"column":6},"end":{"line":90,"column":null}},"type":"if","locations":[{"start":{"line":83,"column":6},"end":{"line":90,"column":null}},{"start":{"line":83,"column":6},"end":{"line":90,"column":null}}]},"18":{"loc":{"start":{"line":87,"column":8},"end":{"line":89,"column":null}},"type":"if","locations":[{"start":{"line":87,"column":8},"end":{"line":89,"column":null}},{"start":{"line":87,"column":8},"end":{"line":89,"column":null}}]},"19":{"loc":{"start":{"line":97,"column":10},"end":{"line":101,"column":null}},"type":"if","locations":[{"start":{"line":97,"column":10},"end":{"line":101,"column":null}},{"start":{"line":97,"column":10},"end":{"line":101,"column":null}}]},"20":{"loc":{"start":{"line":105,"column":6},"end":{"line":107,"column":null}},"type":"if","locations":[{"start":{"line":105,"column":6},"end":{"line":107,"column":null}},{"start":{"line":105,"column":6},"end":{"line":107,"column":null}}]},"21":{"loc":{"start":{"line":135,"column":6},"end":{"line":137,"column":null}},"type":"if","locations":[{"start":{"line":135,"column":6},"end":{"line":137,"column":null}},{"start":{"line":135,"column":6},"end":{"line":137,"column":null}}]},"22":{"loc":{"start":{"line":141,"column":6},"end":{"line":144,"column":null}},"type":"if","locations":[{"start":{"line":141,"column":6},"end":{"line":144,"column":null}},{"start":{"line":141,"column":6},"end":{"line":144,"column":null}}]},"23":{"loc":{"start":{"line":145,"column":6},"end":{"line":150,"column":null}},"type":"if","locations":[{"start":{"line":145,"column":6},"end":{"line":150,"column":null}},{"start":{"line":145,"column":6},"end":{"line":150,"column":null}}]},"24":{"loc":{"start":{"line":160,"column":10},"end":{"line":165,"column":null}},"type":"if","locations":[{"start":{"line":160,"column":10},"end":{"line":165,"column":null}},{"start":{"line":160,"column":10},"end":{"line":165,"column":null}}]},"25":{"loc":{"start":{"line":168,"column":6},"end":{"line":170,"column":null}},"type":"if","locations":[{"start":{"line":168,"column":6},"end":{"line":170,"column":null}},{"start":{"line":168,"column":6},"end":{"line":170,"column":null}}]},"26":{"loc":{"start":{"line":180,"column":6},"end":{"line":180,"column":40}},"type":"if","locations":[{"start":{"line":180,"column":6},"end":{"line":180,"column":40}},{"start":{"line":180,"column":6},"end":{"line":180,"column":40}}]},"27":{"loc":{"start":{"line":183,"column":6},"end":{"line":185,"column":null}},"type":"if","locations":[{"start":{"line":183,"column":6},"end":{"line":185,"column":null}},{"start":{"line":183,"column":6},"end":{"line":185,"column":null}}]}},"s":{"0":8,"1":8,"2":0,"3":8,"4":177,"5":282,"6":213,"7":213,"8":1685,"9":213,"10":16,"11":7,"12":7,"13":9,"14":197,"15":206,"16":29,"17":13,"18":16,"19":27,"20":9,"21":18,"22":1,"23":17,"24":11,"25":4,"26":7,"27":10,"28":4,"29":6,"30":8,"31":5,"32":3,"33":11,"34":1,"35":10,"36":10,"37":1,"38":9,"39":19,"40":19,"41":18,"42":1,"43":1,"44":1,"45":0,"46":0,"47":9,"48":1,"49":8,"50":27,"51":4,"52":23,"53":0,"54":23,"55":23,"56":20,"57":20,"58":20,"59":38,"60":20,"61":1,"62":1,"63":22,"64":22,"65":48,"66":48,"67":6,"68":6,"69":0,"70":22,"71":3,"72":19,"73":36,"74":36,"75":36,"76":45,"77":45,"78":45,"79":34,"80":2,"81":4,"82":5,"83":5,"84":5,"85":1,"86":5,"87":5,"88":1,"89":5,"90":3,"91":2,"92":8,"93":1,"94":7,"95":1,"96":6,"97":6,"98":6,"99":15,"100":15,"101":15,"102":15,"103":4,"104":4,"105":0,"106":6,"107":2,"108":4,"109":7,"110":7,"111":5,"112":24,"113":9,"114":15,"115":3,"116":1,"117":2,"118":0},"f":{"0":0,"1":177,"2":213,"3":1685,"4":19,"5":38,"6":1,"7":4},"b":{"0":[69,144],"1":[16,197],"2":[7,9],"3":[29,27,11,10,8,11,27,36,5,8,7,24,3,0],"4":[13,16],"5":[9,18],"6":[1,17],"7":[4,7],"8":[4,6],"9":[5,3],"10":[1,10],"11":[1,9],"12":[10,2],"13":[1,0],"14":[1,8],"15":[4,23],"16":[0,23],"17":[20,3],"18":[1,19],"19":[6,0],"20":[3,19],"21":[3,2],"22":[1,7],"23":[1,6],"24":[4,0],"25":[2,4],"26":[9,15],"27":[1,2]}}
,"/Users/colinmcd94/Documents/Projects/zod/src/helpers/Mocker.ts": {"path":"/Users/colinmcd94/Documents/Projects/zod/src/helpers/Mocker.ts","statementMap":{"0":{"start":{"line":2,"column":2},"end":{"line":2,"column":53}},"1":{"start":{"line":5,"column":0},"end":{"line":5,"column":13}},"2":{"start":{"line":6,"column":2},"end":{"line":8,"column":4}},"3":{"start":{"line":6,"column":10},"end":{"line":6,"column":24}},"4":{"start":{"line":7,"column":4},"end":{"line":7,"column":43}},"5":{"start":{"line":10,"column":2},"end":{"line":14,"column":null}},"6":{"start":{"line":11,"column":4},"end":{"line":13,"column":20}},"7":{"start":{"line":15,"column":2},"end":{"line":17,"column":null}},"8":{"start":{"line":16,"column":4},"end":{"line":16,"column":31}},"9":{"start":{"line":18,"column":2},"end":{"line":20,"column":null}},"10":{"start":{"line":19,"column":4},"end":{"line":19,"column":31}},"11":{"start":{"line":21,"column":2},"end":{"line":23,"column":null}},"12":{"start":{"line":22,"column":4},"end":{"line":22,"column":16}},"13":{"start":{"line":24,"column":2},"end":{"line":26,"column":null}},"14":{"start":{"line":25,"column":4},"end":{"line":25,"column":21}},"15":{"start":{"line":27,"column":2},"end":{"line":29,"column":null}},"16":{"start":{"line":28,"column":4},"end":{"line":28,"column":50}},"17":{"start":{"line":30,"column":2},"end":{"line":32,"column":null}},"18":{"start":{"line":31,"column":4},"end":{"line":31,"column":45}},"19":{"start":{"line":33,"column":2},"end":{"line":35,"column":null}},"20":{"start":{"line":34,"column":4},"end":{"line":34,"column":50}},"21":{"start":{"line":36,"column":2},"end":{"line":38,"column":null}},"22":{"start":{"line":37,"column":4},"end":{"line":37,"column":45}},"23":{"start":{"line":39,"column":2},"end":{"line":41,"column":null}},"24":{"start":{"line":40,"column":4},"end":{"line":40,"column":51}},"25":{"start":{"line":42,"column":2},"end":{"line":44,"column":null}},"26":{"start":{"line":43,"column":4},"end":{"line":43,"column":46}},"27":{"start":{"line":45,"column":0},"end":{"line":45,"column":null}},"28":{"start":{"line":5,"column":13},"end":{"line":5,"column":19}}},"fnMap":{"0":{"name":"getRandomInt","decl":{"start":{"line":1,"column":9},"end":{"line":1,"column":21}},"loc":{"start":{"line":1,"column":33},"end":{"line":3,"column":1}}},"1":{"name":"(anonymous_1)","decl":{"start":{"line":5,"column":0},"end":{"line":5,"column":13}},"loc":{"start":{"line":5,"column":0},"end":{"line":45,"column":null}}},"2":{"name":"(anonymous_3)","decl":{"start":{"line":6,"column":9},"end":{"line":6,"column":10}},"loc":{"start":{"line":6,"column":9},"end":{"line":8,"column":3}}},"3":{"name":"(anonymous_4)","decl":{"start":{"line":10,"column":2},"end":{"line":10,"column":6}},"loc":{"start":{"line":10,"column":2},"end":{"line":14,"column":3}}},"4":{"name":"(anonymous_5)","decl":{"start":{"line":15,"column":2},"end":{"line":15,"column":6}},"loc":{"start":{"line":15,"column":2},"end":{"line":17,"column":3}}},"5":{"name":"(anonymous_6)","decl":{"start":{"line":18,"column":2},"end":{"line":18,"column":6}},"loc":{"start":{"line":18,"column":2},"end":{"line":20,"column":3}}},"6":{"name":"(anonymous_7)","decl":{"start":{"line":21,"column":2},"end":{"line":21,"column":6}},"loc":{"start":{"line":21,"column":2},"end":{"line":23,"column":3}}},"7":{"name":"(anonymous_8)","decl":{"start":{"line":24,"column":2},"end":{"line":24,"column":6}},"loc":{"start":{"line":24,"column":2},"end":{"line":26,"column":3}}},"8":{"name":"(anonymous_9)","decl":{"start":{"line":27,"column":2},"end":{"line":27,"column":6}},"loc":{"start":{"line":27,"column":2},"end":{"line":29,"column":3}}},"9":{"name":"(anonymous_10)","decl":{"start":{"line":30,"column":2},"end":{"line":30,"column":6}},"loc":{"start":{"line":30,"column":2},"end":{"line":32,"column":3}}},"10":{"name":"(anonymous_11)","decl":{"start":{"line":33,"column":2},"end":{"line":33,"column":6}},"loc":{"start":{"line":33,"column":2},"end":{"line":35,"column":3}}},"11":{"name":"(anonymous_12)","decl":{"start":{"line":36,"column":2},"end":{"line":36,"column":6}},"loc":{"start":{"line":36,"column":2},"end":{"line":38,"column":3}}},"12":{"name":"(anonymous_13)","decl":{"start":{"line":39,"column":2},"end":{"line":39,"column":6}},"loc":{"start":{"line":39,"column":2},"end":{"line":41,"column":3}}},"13":{"name":"(anonymous_14)","decl":{"start":{"line":42,"column":2},"end":{"line":42,"column":6}},"loc":{"start":{"line":42,"column":2},"end":{"line":44,"column":3}}}},"branchMap":{},"s":{"0":6,"1":2,"2":2,"3":24,"4":6,"5":2,"6":9,"7":2,"8":8,"9":2,"10":9,"11":2,"12":9,"13":2,"14":9,"15":2,"16":1,"17":2,"18":1,"19":2,"20":1,"21":2,"22":1,"23":2,"24":1,"25":2,"26":1,"27":2,"28":2},"f":{"0":6,"1":4,"2":6,"3":9,"4":8,"5":9,"6":9,"7":9,"8":1,"9":1,"10":1,"11":1,"12":1,"13":1},"b":{}}
,"/Users/colinmcd94/Documents/Projects/zod/src/types/array.ts": {"path":"/Users/colinmcd94/Documents/Projects/zod/src/types/array.ts","statementMap":{"0":{"start":{"line":1,"column":0},"end":{"line":1,"column":28}},"1":{"start":{"line":2,"column":0},"end":{"line":2,"column":43}},"2":{"start":{"line":3,"column":0},"end":{"line":3,"column":33}},"3":{"start":{"line":4,"column":0},"end":{"line":4,"column":35}},"4":{"start":{"line":12,"column":0},"end":{"line":12,"column":89}},"5":{"start":{"line":12,"column":50},"end":{"line":12,"column":51}},"6":{"start":{"line":12,"column":0},"end":{"line":12,"column":13}},"7":{"start":{"line":13,"column":2},"end":{"line":19,"column":4}},"8":{"start":{"line":14,"column":4},"end":{"line":18,"column":6}},"9":{"start":{"line":21,"column":2},"end":{"line":21,"column":104}},"10":{"start":{"line":21,"column":57},"end":{"line":21,"column":104}},"11":{"start":{"line":23,"column":2},"end":{"line":23,"column":94}},"12":{"start":{"line":23,"column":52},"end":{"line":23,"column":94}},"13":{"start":{"line":25,"column":2},"end":{"line":27,"column":4}},"14":{"start":{"line":26,"column":4},"end":{"line":26,"column":66}},"15":{"start":{"line":29,"column":9},"end":{"line":35,"column":4}},"16":{"start":{"line":30,"column":4},"end":{"line":34,"column":7}},"17":{"start":{"line":36,"column":0},"end":{"line":36,"column":null}},"18":{"start":{"line":12,"column":13},"end":{"line":12,"column":21}},"19":{"start":{"line":38,"column":0},"end":{"line":38,"column":114}},"20":{"start":{"line":38,"column":58},"end":{"line":38,"column":59}},"21":{"start":{"line":38,"column":0},"end":{"line":38,"column":13}},"22":{"start":{"line":39,"column":2},"end":{"line":44,"column":4}},"23":{"start":{"line":40,"column":4},"end":{"line":43,"column":6}},"24":{"start":{"line":46,"column":2},"end":{"line":46,"column":104}},"25":{"start":{"line":46,"column":57},"end":{"line":46,"column":104}},"26":{"start":{"line":48,"column":2},"end":{"line":48,"column":94}},"27":{"start":{"line":48,"column":52},"end":{"line":48,"column":94}},"28":{"start":{"line":57,"column":0},"end":{"line":57,"column":null}},"29":{"start":{"line":38,"column":13},"end":{"line":38,"column":29}}},"fnMap":{"0":{"name":"(anonymous_9)","decl":{"start":{"line":12,"column":0},"end":{"line":12,"column":13}},"loc":{"start":{"line":12,"column":0},"end":{"line":12,"column":13}}},"1":{"name":"(anonymous_11)","decl":{"start":{"line":13,"column":11},"end":{"line":13,"column":null}},"loc":{"start":{"line":13,"column":11},"end":{"line":19,"column":3}}},"2":{"name":"(anonymous_12)","decl":{"start":{"line":21,"column":51},"end":{"line":21,"column":57}},"loc":{"start":{"line":21,"column":51},"end":{"line":21,"column":65}}},"3":{"name":"(anonymous_13)","decl":{"start":{"line":23,"column":46},"end":{"line":23,"column":52}},"loc":{"start":{"line":23,"column":46},"end":{"line":23,"column":60}}},"4":{"name":"(anonymous_14)","decl":{"start":{"line":25,"column":40},"end":{"line":25,"column":null}},"loc":{"start":{"line":25,"column":40},"end":{"line":27,"column":3}}},"5":{"name":"(anonymous_15)","decl":{"start":{"line":29,"column":18},"end":{"line":29,"column":39}},"loc":{"start":{"line":29,"column":48},"end":{"line":35,"column":3}}},"6":{"name":"(anonymous_16)","decl":{"start":{"line":38,"column":0},"end":{"line":38,"column":13}},"loc":{"start":{"line":38,"column":0},"end":{"line":57,"column":null}}},"7":{"name":"(anonymous_18)","decl":{"start":{"line":39,"column":11},"end":{"line":39,"column":null}},"loc":{"start":{"line":39,"column":11},"end":{"line":44,"column":3}}},"8":{"name":"(anonymous_19)","decl":{"start":{"line":46,"column":51},"end":{"line":46,"column":57}},"loc":{"start":{"line":46,"column":51},"end":{"line":46,"column":65}}},"9":{"name":"(anonymous_20)","decl":{"start":{"line":48,"column":46},"end":{"line":48,"column":52}},"loc":{"start":{"line":48,"column":46},"end":{"line":48,"column":60}}}},"branchMap":{"0":{"loc":{"start":{"line":12,"column":0},"end":{"line":12,"column":13}},"type":"binary-expr","locations":[{"start":{"line":12,"column":0},"end":{"line":12,"column":13}},{"start":{"line":12,"column":0},"end":{"line":12,"column":13}},{"start":{"line":12,"column":0},"end":{"line":12,"column":13}}]},"1":{"loc":{"start":{"line":38,"column":0},"end":{"line":38,"column":13}},"type":"binary-expr","locations":[{"start":{"line":38,"column":0},"end":{"line":38,"column":13}},{"start":{"line":38,"column":0},"end":{"line":38,"column":13}},{"start":{"line":38,"column":0},"end":{"line":38,"column":13}}]}},"s":{"0":8,"1":8,"2":8,"3":8,"4":8,"5":8,"6":7,"7":7,"8":1,"9":7,"10":1,"11":7,"12":0,"13":7,"14":2,"15":8,"16":7,"17":8,"18":8,"19":8,"20":8,"21":2,"22":2,"23":1,"24":2,"25":0,"26":2,"27":0,"28":8,"29":8},"f":{"0":15,"1":1,"2":1,"3":0,"4":2,"5":7,"6":10,"7":1,"8":0,"9":0},"b":{"0":[7,7,7],"1":[2,2,2]}}
,"/Users/colinmcd94/Documents/Projects/zod/src/types/base.ts": {"path":"/Users/colinmcd94/Documents/Projects/zod/src/types/base.ts","statementMap":{"0":{"start":{"line":1,"column":0},"end":{"line":1,"column":51}},"1":{"start":{"line":4,"column":0},"end":{"line":4,"column":null}},"2":{"start":{"line":5,"column":2},"end":{"line":5,"column":null}},"3":{"start":{"line":6,"column":2},"end":{"line":6,"column":null}},"4":{"start":{"line":7,"column":2},"end":{"line":7,"column":null}},"5":{"start":{"line":8,"column":2},"end":{"line":8,"column":null}},"6":{"start":{"line":9,"column":2},"end":{"line":9,"column":null}},"7":{"start":{"line":10,"column":2},"end":{"line":10,"column":null}},"8":{"start":{"line":11,"column":2},"end":{"line":11,"column":null}},"9":{"start":{"line":12,"column":2},"end":{"line":12,"column":null}},"10":{"start":{"line":13,"column":2},"end":{"line":13,"column":null}},"11":{"start":{"line":14,"column":2},"end":{"line":14,"column":null}},"12":{"start":{"line":15,"column":2},"end":{"line":15,"column":null}},"13":{"start":{"line":16,"column":2},"end":{"line":16,"column":null}},"14":{"start":{"line":17,"column":2},"end":{"line":17,"column":null}},"15":{"start":{"line":18,"column":2},"end":{"line":18,"column":null}},"16":{"start":{"line":19,"column":2},"end":{"line":19,"column":null}},"17":{"start":{"line":38,"column":0},"end":{"line":38,"column":22}},"18":{"start":{"line":82,"column":4},"end":{"line":82,"column":32}},"19":{"start":{"line":83,"column":4},"end":{"line":83,"column":20}},"20":{"start":{"line":54,"column":2},"end":{"line":61,"column":null}},"21":{"start":{"line":55,"column":4},"end":{"line":60,"column":null}},"22":{"start":{"line":56,"column":6},"end":{"line":56,"column":27}},"23":{"start":{"line":57,"column":6},"end":{"line":57,"column":18}},"24":{"start":{"line":59,"column":6},"end":{"line":59,"column":19}},"25":{"start":{"line":63,"column":2},"end":{"line":70,"column":null}},"26":{"start":{"line":64,"column":4},"end":{"line":69,"column":null}},"27":{"start":{"line":65,"column":6},"end":{"line":65,"column":27}},"28":{"start":{"line":66,"column":6},"end":{"line":66,"column":18}},"29":{"start":{"line":68,"column":6},"end":{"line":68,"column":19}},"30":{"start":{"line":90,"column":0},"end":{"line":90,"column":null}},"31":{"start":{"line":38,"column":22},"end":{"line":38,"column":29}}},"fnMap":{"0":{"name":"(anonymous_0)","decl":{"start":{"line":4,"column":0},"end":{"line":4,"column":12}},"loc":{"start":{"line":4,"column":20},"end":{"line":20,"column":1}}},"1":{"name":"(anonymous_1)","decl":{"start":{"line":38,"column":0},"end":{"line":38,"column":22}},"loc":{"start":{"line":38,"column":0},"end":{"line":90,"column":null}}},"2":{"name":"ZodType","decl":{"start":{"line":81,"column":2},"end":{"line":81,"column":14}},"loc":{"start":{"line":81,"column":22},"end":{"line":85,"column":3}}},"3":{"name":"(anonymous_3)","decl":{"start":{"line":54,"column":2},"end":{"line":54,"column":4}},"loc":{"start":{"line":54,"column":12},"end":{"line":61,"column":3}}},"4":{"name":"(anonymous_4)","decl":{"start":{"line":63,"column":2},"end":{"line":63,"column":7}},"loc":{"start":{"line":63,"column":15},"end":{"line":70,"column":3}}}},"branchMap":{"0":{"loc":{"start":{"line":4,"column":12},"end":{"line":4,"column":20}},"type":"binary-expr","locations":[{"start":{"line":4,"column":12},"end":{"line":4,"column":20}},{"start":{"line":4,"column":12},"end":{"line":4,"column":null}}]}},"s":{"0":8,"1":8,"2":8,"3":8,"4":8,"5":8,"6":8,"7":8,"8":8,"9":8,"10":8,"11":8,"12":8,"13":8,"14":8,"15":8,"16":8,"17":8,"18":177,"19":177,"20":8,"21":2,"22":2,"23":1,"24":1,"25":8,"26":2,"27":2,"28":1,"29":1,"30":8,"31":8},"f":{"0":8,"1":8,"2":177,"3":2,"4":2},"b":{"0":[8,8]}}
,"/Users/colinmcd94/Documents/Projects/zod/src/types/boolean.ts": {"path":"/Users/colinmcd94/Documents/Projects/zod/src/types/boolean.ts","statementMap":{"0":{"start":{"line":1,"column":0},"end":{"line":1,"column":28}},"1":{"start":{"line":2,"column":0},"end":{"line":2,"column":43}},"2":{"start":{"line":3,"column":0},"end":{"line":3,"column":33}},"3":{"start":{"line":4,"column":0},"end":{"line":4,"column":35}},"4":{"start":{"line":10,"column":0},"end":{"line":10,"column":65}},"5":{"start":{"line":10,"column":32},"end":{"line":10,"column":33}},"6":{"start":{"line":10,"column":0},"end":{"line":10,"column":13}},"7":{"start":{"line":11,"column":2},"end":{"line":11,"column":104}},"8":{"start":{"line":11,"column":57},"end":{"line":11,"column":104}},"9":{"start":{"line":13,"column":2},"end":{"line":13,"column":94}},"10":{"start":{"line":13,"column":52},"end":{"line":13,"column":94}},"11":{"start":{"line":15,"column":2},"end":{"line":15,"column":27}},"12":{"start":{"line":15,"column":17},"end":{"line":15,"column":27}},"13":{"start":{"line":16,"column":9},"end":{"line":20,"column":4}},"14":{"start":{"line":17,"column":4},"end":{"line":19,"column":7}},"15":{"start":{"line":21,"column":0},"end":{"line":21,"column":null}},"16":{"start":{"line":10,"column":13},"end":{"line":10,"column":23}}},"fnMap":{"0":{"name":"(anonymous_7)","decl":{"start":{"line":10,"column":0},"end":{"line":10,"column":13}},"loc":{"start":{"line":10,"column":0},"end":{"line":10,"column":13}}},"1":{"name":"(anonymous_9)","decl":{"start":{"line":11,"column":51},"end":{"line":11,"column":57}},"loc":{"start":{"line":11,"column":51},"end":{"line":11,"column":65}}},"2":{"name":"(anonymous_10)","decl":{"start":{"line":13,"column":46},"end":{"line":13,"column":52}},"loc":{"start":{"line":13,"column":46},"end":{"line":13,"column":60}}},"3":{"name":"(anonymous_11)","decl":{"start":{"line":15,"column":11},"end":{"line":15,"column":17}},"loc":{"start":{"line":15,"column":11},"end":{"line":15,"column":21}}},"4":{"name":"(anonymous_12)","decl":{"start":{"line":16,"column":18},"end":{"line":16,"column":null}},"loc":{"start":{"line":16,"column":18},"end":{"line":20,"column":3}}}},"branchMap":{"0":{"loc":{"start":{"line":10,"column":0},"end":{"line":10,"column":13}},"type":"binary-expr","locations":[{"start":{"line":10,"column":0},"end":{"line":10,"column":13}},{"start":{"line":10,"column":0},"end":{"line":10,"column":13}},{"start":{"line":10,"column":0},"end":{"line":10,"column":13}}]}},"s":{"0":8,"1":8,"2":8,"3":8,"4":8,"5":8,"6":6,"7":6,"8":2,"9":6,"10":2,"11":6,"12":1,"13":8,"14":6,"15":8,"16":8},"f":{"0":14,"1":2,"2":2,"3":1,"4":6},"b":{"0":[6,6,6]}}
,"/Users/colinmcd94/Documents/Projects/zod/src/types/enum.ts": {"path":"/Users/colinmcd94/Documents/Projects/zod/src/types/enum.ts","statementMap":{"0":{"start":{"line":1,"column":0},"end":{"line":1,"column":28}},"1":{"start":{"line":2,"column":0},"end":{"line":2,"column":43}},"2":{"start":{"line":3,"column":0},"end":{"line":3,"column":33}},"3":{"start":{"line":4,"column":0},"end":{"line":4,"column":35}},"4":{"start":{"line":26,"column":0},"end":{"line":26,"column":97}},"5":{"start":{"line":26,"column":62},"end":{"line":26,"column":63}},"6":{"start":{"line":26,"column":0},"end":{"line":26,"column":13}},"7":{"start":{"line":27,"column":2},"end":{"line":27,"column":104}},"8":{"start":{"line":27,"column":57},"end":{"line":27,"column":104}},"9":{"start":{"line":29,"column":2},"end":{"line":29,"column":94}},"10":{"start":{"line":29,"column":52},"end":{"line":29,"column":94}},"11":{"start":{"line":31,"column":2},"end":{"line":31,"column":27}},"12":{"start":{"line":31,"column":17},"end":{"line":31,"column":27}},"13":{"start":{"line":33,"column":2},"end":{"line":39,"column":null}},"14":{"start":{"line":34,"column":28},"end":{"line":34,"column":30}},"15":{"start":{"line":35,"column":4},"end":{"line":37,"column":null}},"16":{"start":{"line":35,"column":22},"end":{"line":35,"column":26}},"17":{"start":{"line":35,"column":22},"end":{"line":35,"column":38}},"18":{"start":{"line":35,"column":18},"end":{"line":35,"column":22}},"19":{"start":{"line":36,"column":6},"end":{"line":36,"column":28}},"20":{"start":{"line":38,"column":4},"end":{"line":38,"column":29}},"21":{"start":{"line":40,"column":9},"end":{"line":45,"column":4}},"22":{"start":{"line":41,"column":4},"end":{"line":44,"column":14}},"23":{"start":{"line":46,"column":0},"end":{"line":46,"column":null}},"24":{"start":{"line":26,"column":13},"end":{"line":26,"column":20}}},"fnMap":{"0":{"name":"(anonymous_7)","decl":{"start":{"line":26,"column":0},"end":{"line":26,"column":13}},"loc":{"start":{"line":26,"column":0},"end":{"line":26,"column":13}}},"1":{"name":"(anonymous_9)","decl":{"start":{"line":27,"column":51},"end":{"line":27,"column":57}},"loc":{"start":{"line":27,"column":51},"end":{"line":27,"column":65}}},"2":{"name":"(anonymous_10)","decl":{"start":{"line":29,"column":46},"end":{"line":29,"column":52}},"loc":{"start":{"line":29,"column":46},"end":{"line":29,"column":60}}},"3":{"name":"(anonymous_11)","decl":{"start":{"line":31,"column":11},"end":{"line":31,"column":17}},"loc":{"start":{"line":31,"column":11},"end":{"line":31,"column":21}}},"4":{"name":"(anonymous_12)","decl":{"start":{"line":33,"column":2},"end":{"line":33,"column":6}},"loc":{"start":{"line":33,"column":2},"end":{"line":39,"column":3}}},"5":{"name":"(anonymous_13)","decl":{"start":{"line":40,"column":18},"end":{"line":40,"column":60}},"loc":{"start":{"line":40,"column":69},"end":{"line":45,"column":3}}}},"branchMap":{"0":{"loc":{"start":{"line":26,"column":0},"end":{"line":26,"column":13}},"type":"binary-expr","locations":[{"start":{"line":26,"column":0},"end":{"line":26,"column":13}},{"start":{"line":26,"column":0},"end":{"line":26,"column":13}},{"start":{"line":26,"column":0},"end":{"line":26,"column":13}}]}},"s":{"0":8,"1":8,"2":8,"3":8,"4":8,"5":8,"6":5,"7":5,"8":0,"9":5,"10":0,"11":5,"12":2,"13":8,"14":1,"15":1,"16":1,"17":1,"18":3,"19":3,"20":1,"21":8,"22":5,"23":8,"24":8},"f":{"0":13,"1":0,"2":0,"3":2,"4":1,"5":5},"b":{"0":[5,5,5]}}
,"/Users/colinmcd94/Documents/Projects/zod/src/types/function.ts": {"path":"/Users/colinmcd94/Documents/Projects/zod/src/types/function.ts","statementMap":{"0":{"start":{"line":1,"column":0},"end":{"line":1,"column":28}},"1":{"start":{"line":15,"column":0},"end":{"line":15,"column":13}},"2":{"start":{"line":19,"column":2},"end":{"line":19,"column":14}},"3":{"start":{"line":23,"column":2},"end":{"line":35,"column":4}},"4":{"start":{"line":24,"column":26},"end":{"line":33,"column":5}},"5":{"start":{"line":24,"column":27},"end":{"line":24,"column":41}},"6":{"start":{"line":25,"column":6},"end":{"line":32,"column":null}},"7":{"start":{"line":26,"column":8},"end":{"line":26,"column":42}},"8":{"start":{"line":27,"column":23},"end":{"line":27,"column":45}},"9":{"start":{"line":28,"column":8},"end":{"line":28,"column":40}},"10":{"start":{"line":29,"column":8},"end":{"line":29,"column":22}},"11":{"start":{"line":31,"column":8},"end":{"line":31,"column":18}},"12":{"start":{"line":34,"column":4},"end":{"line":34,"column":67}},"13":{"start":{"line":37,"column":2},"end":{"line":37,"column":28}},"14":{"start":{"line":20,"column":4},"end":{"line":20,"column":20}},"15":{"start":{"line":39,"column":9},"end":{"line":45,"column":4}},"16":{"start":{"line":40,"column":4},"end":{"line":44,"column":7}},"17":{"start":{"line":46,"column":0},"end":{"line":46,"column":null}},"18":{"start":{"line":15,"column":13},"end":{"line":15,"column":24}}},"fnMap":{"0":{"name":"(anonymous_1)","decl":{"start":{"line":15,"column":0},"end":{"line":15,"column":13}},"loc":{"start":{"line":15,"column":0},"end":{"line":15,"column":13}}},"1":{"name":"ZodFunction","decl":{"start":{"line":19,"column":2},"end":{"line":19,"column":14}},"loc":{"start":{"line":19,"column":48},"end":{"line":21,"column":3}}},"2":{"name":"(anonymous_3)","decl":{"start":{"line":23,"column":14},"end":{"line":23,"column":15}},"loc":{"start":{"line":23,"column":50},"end":{"line":35,"column":3}}},"3":{"name":"(anonymous_4)","decl":{"start":{"line":24,"column":26},"end":{"line":24,"column":27}},"loc":{"start":{"line":24,"column":26},"end":{"line":33,"column":5}}},"4":{"name":"(anonymous_5)","decl":{"start":{"line":39,"column":18},"end":{"line":39,"column":64}},"loc":{"start":{"line":39,"column":83},"end":{"line":45,"column":3}}}},"branchMap":{},"s":{"0":8,"1":8,"2":3,"3":3,"4":3,"5":9,"6":3,"7":3,"8":2,"9":2,"10":1,"11":2,"12":3,"13":3,"14":3,"15":8,"16":3,"17":8,"18":8},"f":{"0":8,"1":3,"2":3,"3":3,"4":3},"b":{}}
,"/Users/colinmcd94/Documents/Projects/zod/src/types/intersection.ts": {"path":"/Users/colinmcd94/Documents/Projects/zod/src/types/intersection.ts","statementMap":{"0":{"start":{"line":1,"column":0},"end":{"line":1,"column":28}},"1":{"start":{"line":2,"column":0},"end":{"line":2,"column":43}},"2":{"start":{"line":3,"column":0},"end":{"line":3,"column":33}},"3":{"start":{"line":4,"column":0},"end":{"line":4,"column":35}},"4":{"start":{"line":12,"column":0},"end":{"line":12,"column":null}},"5":{"start":{"line":12,"column":77},"end":{"line":12,"column":78}},"6":{"start":{"line":12,"column":0},"end":{"line":12,"column":13}},"7":{"start":{"line":16,"column":2},"end":{"line":16,"column":104}},"8":{"start":{"line":16,"column":57},"end":{"line":16,"column":104}},"9":{"start":{"line":18,"column":2},"end":{"line":18,"column":94}},"10":{"start":{"line":18,"column":52},"end":{"line":18,"column":94}},"11":{"start":{"line":20,"column":2},"end":{"line":24,"column":5}},"12":{"start":{"line":20,"column":17},"end":{"line":24,"column":5}},"13":{"start":{"line":26,"column":9},"end":{"line":32,"column":4}},"14":{"start":{"line":27,"column":4},"end":{"line":31,"column":7}},"15":{"start":{"line":33,"column":0},"end":{"line":33,"column":null}},"16":{"start":{"line":12,"column":13},"end":{"line":12,"column":28}}},"fnMap":{"0":{"name":"(anonymous_7)","decl":{"start":{"line":12,"column":0},"end":{"line":12,"column":13}},"loc":{"start":{"line":12,"column":0},"end":{"line":12,"column":13}}},"1":{"name":"(anonymous_9)","decl":{"start":{"line":16,"column":51},"end":{"line":16,"column":57}},"loc":{"start":{"line":16,"column":51},"end":{"line":16,"column":65}}},"2":{"name":"(anonymous_10)","decl":{"start":{"line":18,"column":46},"end":{"line":18,"column":52}},"loc":{"start":{"line":18,"column":46},"end":{"line":18,"column":60}}},"3":{"name":"(anonymous_11)","decl":{"start":{"line":20,"column":11},"end":{"line":20,"column":17}},"loc":{"start":{"line":20,"column":11},"end":{"line":20,"column":18}}},"4":{"name":"(anonymous_12)","decl":{"start":{"line":26,"column":18},"end":{"line":26,"column":59}},"loc":{"start":{"line":26,"column":76},"end":{"line":32,"column":3}}}},"branchMap":{"0":{"loc":{"start":{"line":12,"column":0},"end":{"line":12,"column":13}},"type":"binary-expr","locations":[{"start":{"line":12,"column":0},"end":{"line":12,"column":13}},{"start":{"line":12,"column":0},"end":{"line":12,"column":13}},{"start":{"line":12,"column":0},"end":{"line":12,"column":13}}]}},"s":{"0":8,"1":8,"2":8,"3":8,"4":8,"5":8,"6":5,"7":5,"8":0,"9":5,"10":0,"11":5,"12":3,"13":8,"14":5,"15":8,"16":8},"f":{"0":13,"1":0,"2":0,"3":3,"4":5},"b":{"0":[5,5,5]}}
,"/Users/colinmcd94/Documents/Projects/zod/src/types/lazy.ts": {"path":"/Users/colinmcd94/Documents/Projects/zod/src/types/lazy.ts","statementMap":{"0":{"start":{"line":1,"column":0},"end":{"line":1,"column":28}},"1":{"start":{"line":2,"column":0},"end":{"line":2,"column":43}},"2":{"start":{"line":3,"column":0},"end":{"line":3,"column":33}},"3":{"start":{"line":4,"column":0},"end":{"line":4,"column":35}},"4":{"start":{"line":12,"column":0},"end":{"line":12,"column":86}},"5":{"start":{"line":12,"column":49},"end":{"line":12,"column":50}},"6":{"start":{"line":12,"column":0},"end":{"line":12,"column":13}},"7":{"start":{"line":17,"column":2},"end":{"line":17,"column":104}},"8":{"start":{"line":17,"column":57},"end":{"line":17,"column":104}},"9":{"start":{"line":19,"column":2},"end":{"line":19,"column":94}},"10":{"start":{"line":19,"column":52},"end":{"line":19,"column":94}},"11":{"start":{"line":21,"column":2},"end":{"line":23,"column":4}},"12":{"start":{"line":22,"column":4},"end":{"line":22,"column":57}},"13":{"start":{"line":13,"column":2},"end":{"line":15,"column":null}},"14":{"start":{"line":14,"column":4},"end":{"line":14,"column":30}},"15":{"start":{"line":25,"column":9},"end":{"line":30,"column":4}},"16":{"start":{"line":26,"column":4},"end":{"line":29,"column":7}},"17":{"start":{"line":35,"column":0},"end":{"line":35,"column":null}},"18":{"start":{"line":12,"column":13},"end":{"line":12,"column":20}}},"fnMap":{"0":{"name":"(anonymous_7)","decl":{"start":{"line":12,"column":0},"end":{"line":12,"column":13}},"loc":{"start":{"line":12,"column":0},"end":{"line":12,"column":13}}},"1":{"name":"(anonymous_9)","decl":{"start":{"line":17,"column":51},"end":{"line":17,"column":57}},"loc":{"start":{"line":17,"column":51},"end":{"line":17,"column":65}}},"2":{"name":"(anonymous_10)","decl":{"start":{"line":19,"column":46},"end":{"line":19,"column":52}},"loc":{"start":{"line":19,"column":46},"end":{"line":19,"column":60}}},"3":{"name":"(anonymous_11)","decl":{"start":{"line":21,"column":11},"end":{"line":21,"column":null}},"loc":{"start":{"line":21,"column":11},"end":{"line":23,"column":3}}},"4":{"name":"(anonymous_12)","decl":{"start":{"line":13,"column":2},"end":{"line":13,"column":6}},"loc":{"start":{"line":13,"column":2},"end":{"line":15,"column":3}}},"5":{"name":"(anonymous_13)","decl":{"start":{"line":25,"column":18},"end":{"line":25,"column":39}},"loc":{"start":{"line":25,"column":54},"end":{"line":30,"column":3}}}},"branchMap":{"0":{"loc":{"start":{"line":12,"column":0},"end":{"line":12,"column":13}},"type":"binary-expr","locations":[{"start":{"line":12,"column":0},"end":{"line":12,"column":13}},{"start":{"line":12,"column":0},"end":{"line":12,"column":13}},{"start":{"line":12,"column":0},"end":{"line":12,"column":13}}]}},"s":{"0":8,"1":8,"2":8,"3":8,"4":8,"5":8,"6":3,"7":3,"8":0,"9":3,"10":0,"11":3,"12":1,"13":8,"14":1,"15":8,"16":3,"17":8,"18":8},"f":{"0":11,"1":0,"2":0,"3":1,"4":1,"5":3},"b":{"0":[3,3,3]}}
,"/Users/colinmcd94/Documents/Projects/zod/src/types/literal.ts": {"path":"/Users/colinmcd94/Documents/Projects/zod/src/types/literal.ts","statementMap":{"0":{"start":{"line":1,"column":0},"end":{"line":1,"column":28}},"1":{"start":{"line":2,"column":0},"end":{"line":2,"column":43}},"2":{"start":{"line":3,"column":0},"end":{"line":3,"column":33}},"3":{"start":{"line":4,"column":0},"end":{"line":4,"column":35}},"4":{"start":{"line":36,"column":0},"end":{"line":36,"column":77}},"5":{"start":{"line":36,"column":47},"end":{"line":36,"column":48}},"6":{"start":{"line":36,"column":0},"end":{"line":36,"column":13}},"7":{"start":{"line":37,"column":2},"end":{"line":37,"column":104}},"8":{"start":{"line":37,"column":57},"end":{"line":37,"column":104}},"9":{"start":{"line":39,"column":2},"end":{"line":39,"column":94}},"10":{"start":{"line":39,"column":52},"end":{"line":39,"column":94}},"11":{"start":{"line":41,"column":2},"end":{"line":41,"column":27}},"12":{"start":{"line":41,"column":17},"end":{"line":41,"column":27}},"13":{"start":{"line":44,"column":9},"end":{"line":49,"column":4}},"14":{"start":{"line":45,"column":4},"end":{"line":48,"column":7}},"15":{"start":{"line":50,"column":0},"end":{"line":50,"column":null}},"16":{"start":{"line":36,"column":13},"end":{"line":36,"column":23}}},"fnMap":{"0":{"name":"(anonymous_7)","decl":{"start":{"line":36,"column":0},"end":{"line":36,"column":13}},"loc":{"start":{"line":36,"column":0},"end":{"line":36,"column":13}}},"1":{"name":"(anonymous_9)","decl":{"start":{"line":37,"column":51},"end":{"line":37,"column":57}},"loc":{"start":{"line":37,"column":51},"end":{"line":37,"column":65}}},"2":{"name":"(anonymous_10)","decl":{"start":{"line":39,"column":46},"end":{"line":39,"column":52}},"loc":{"start":{"line":39,"column":46},"end":{"line":39,"column":60}}},"3":{"name":"(anonymous_11)","decl":{"start":{"line":41,"column":11},"end":{"line":41,"column":17}},"loc":{"start":{"line":41,"column":11},"end":{"line":41,"column":21}}},"4":{"name":"(anonymous_12)","decl":{"start":{"line":44,"column":18},"end":{"line":44,"column":43}},"loc":{"start":{"line":44,"column":51},"end":{"line":49,"column":3}}}},"branchMap":{"0":{"loc":{"start":{"line":36,"column":0},"end":{"line":36,"column":13}},"type":"binary-expr","locations":[{"start":{"line":36,"column":0},"end":{"line":36,"column":13}},{"start":{"line":36,"column":0},"end":{"line":36,"column":13}},{"start":{"line":36,"column":0},"end":{"line":36,"column":13}}]}},"s":{"0":8,"1":8,"2":8,"3":8,"4":8,"5":8,"6":8,"7":8,"8":0,"9":8,"10":1,"11":8,"12":3,"13":8,"14":8,"15":8,"16":8},"f":{"0":16,"1":0,"2":1,"3":3,"4":8},"b":{"0":[8,8,8]}}
,"/Users/colinmcd94/Documents/Projects/zod/src/types/null.ts": {"path":"/Users/colinmcd94/Documents/Projects/zod/src/types/null.ts","statementMap":{"0":{"start":{"line":1,"column":0},"end":{"line":1,"column":28}},"1":{"start":{"line":2,"column":0},"end":{"line":2,"column":43}},"2":{"start":{"line":3,"column":0},"end":{"line":3,"column":35}},"3":{"start":{"line":9,"column":0},"end":{"line":9,"column":56}},"4":{"start":{"line":9,"column":29},"end":{"line":9,"column":30}},"5":{"start":{"line":9,"column":0},"end":{"line":9,"column":13}},"6":{"start":{"line":10,"column":2},"end":{"line":10,"column":104}},"7":{"start":{"line":10,"column":57},"end":{"line":10,"column":104}},"8":{"start":{"line":12,"column":2},"end":{"line":12,"column":94}},"9":{"start":{"line":12,"column":52},"end":{"line":12,"column":94}},"10":{"start":{"line":14,"column":2},"end":{"line":14,"column":27}},"11":{"start":{"line":14,"column":17},"end":{"line":14,"column":27}},"12":{"start":{"line":15,"column":9},"end":{"line":19,"column":4}},"13":{"start":{"line":16,"column":4},"end":{"line":18,"column":7}},"14":{"start":{"line":20,"column":0},"end":{"line":20,"column":null}},"15":{"start":{"line":9,"column":13},"end":{"line":9,"column":20}}},"fnMap":{"0":{"name":"(anonymous_7)","decl":{"start":{"line":9,"column":0},"end":{"line":9,"column":13}},"loc":{"start":{"line":9,"column":0},"end":{"line":9,"column":13}}},"1":{"name":"(anonymous_9)","decl":{"start":{"line":10,"column":51},"end":{"line":10,"column":57}},"loc":{"start":{"line":10,"column":51},"end":{"line":10,"column":65}}},"2":{"name":"(anonymous_10)","decl":{"start":{"line":12,"column":46},"end":{"line":12,"column":52}},"loc":{"start":{"line":12,"column":46},"end":{"line":12,"column":60}}},"3":{"name":"(anonymous_11)","decl":{"start":{"line":14,"column":11},"end":{"line":14,"column":17}},"loc":{"start":{"line":14,"column":11},"end":{"line":14,"column":21}}},"4":{"name":"(anonymous_12)","decl":{"start":{"line":15,"column":18},"end":{"line":15,"column":null}},"loc":{"start":{"line":15,"column":18},"end":{"line":19,"column":3}}}},"branchMap":{"0":{"loc":{"start":{"line":9,"column":0},"end":{"line":9,"column":13}},"type":"binary-expr","locations":[{"start":{"line":9,"column":0},"end":{"line":9,"column":13}},{"start":{"line":9,"column":0},"end":{"line":9,"column":13}},{"start":{"line":9,"column":0},"end":{"line":9,"column":13}}]}},"s":{"0":8,"1":8,"2":8,"3":8,"4":8,"5":14,"6":14,"7":0,"8":14,"9":1,"10":14,"11":8,"12":8,"13":14,"14":8,"15":8},"f":{"0":22,"1":0,"2":1,"3":8,"4":14},"b":{"0":[14,14,14]}}
,"/Users/colinmcd94/Documents/Projects/zod/src/types/number.ts": {"path":"/Users/colinmcd94/Documents/Projects/zod/src/types/number.ts","statementMap":{"0":{"start":{"line":1,"column":0},"end":{"line":1,"column":28}},"1":{"start":{"line":2,"column":0},"end":{"line":2,"column":43}},"2":{"start":{"line":3,"column":0},"end":{"line":3,"column":33}},"3":{"start":{"line":4,"column":0},"end":{"line":4,"column":35}},"4":{"start":{"line":10,"column":0},"end":{"line":10,"column":62}},"5":{"start":{"line":10,"column":31},"end":{"line":10,"column":32}},"6":{"start":{"line":10,"column":0},"end":{"line":10,"column":13}},"7":{"start":{"line":11,"column":2},"end":{"line":11,"column":104}},"8":{"start":{"line":11,"column":57},"end":{"line":11,"column":104}},"9":{"start":{"line":13,"column":2},"end":{"line":13,"column":94}},"10":{"start":{"line":13,"column":52},"end":{"line":13,"column":94}},"11":{"start":{"line":15,"column":2},"end":{"line":15,"column":27}},"12":{"start":{"line":15,"column":17},"end":{"line":15,"column":27}},"13":{"start":{"line":16,"column":9},"end":{"line":20,"column":4}},"14":{"start":{"line":17,"column":4},"end":{"line":19,"column":7}},"15":{"start":{"line":21,"column":0},"end":{"line":21,"column":null}},"16":{"start":{"line":10,"column":13},"end":{"line":10,"column":22}}},"fnMap":{"0":{"name":"(anonymous_7)","decl":{"start":{"line":10,"column":0},"end":{"line":10,"column":13}},"loc":{"start":{"line":10,"column":0},"end":{"line":10,"column":13}}},"1":{"name":"(anonymous_9)","decl":{"start":{"line":11,"column":51},"end":{"line":11,"column":57}},"loc":{"start":{"line":11,"column":51},"end":{"line":11,"column":65}}},"2":{"name":"(anonymous_10)","decl":{"start":{"line":13,"column":46},"end":{"line":13,"column":52}},"loc":{"start":{"line":13,"column":46},"end":{"line":13,"column":60}}},"3":{"name":"(anonymous_11)","decl":{"start":{"line":15,"column":11},"end":{"line":15,"column":17}},"loc":{"start":{"line":15,"column":11},"end":{"line":15,"column":21}}},"4":{"name":"(anonymous_12)","decl":{"start":{"line":16,"column":18},"end":{"line":16,"column":null}},"loc":{"start":{"line":16,"column":18},"end":{"line":20,"column":3}}}},"branchMap":{"0":{"loc":{"start":{"line":10,"column":0},"end":{"line":10,"column":13}},"type":"binary-expr","locations":[{"start":{"line":10,"column":0},"end":{"line":10,"column":13}},{"start":{"line":10,"column":0},"end":{"line":10,"column":13}},{"start":{"line":10,"column":0},"end":{"line":10,"column":13}}]}},"s":{"0":8,"1":8,"2":8,"3":8,"4":8,"5":8,"6":24,"7":24,"8":2,"9":24,"10":2,"11":24,"12":5,"13":8,"14":24,"15":8,"16":8},"f":{"0":32,"1":2,"2":2,"3":5,"4":24},"b":{"0":[24,24,24]}}
,"/Users/colinmcd94/Documents/Projects/zod/src/types/object.ts": {"path":"/Users/colinmcd94/Documents/Projects/zod/src/types/object.ts","statementMap":{"0":{"start":{"line":1,"column":0},"end":{"line":1,"column":28}},"1":{"start":{"line":2,"column":0},"end":{"line":2,"column":43}},"2":{"start":{"line":3,"column":0},"end":{"line":3,"column":33}},"3":{"start":{"line":4,"column":0},"end":{"line":4,"column":35}},"4":{"start":{"line":5,"column":0},"end":{"line":5,"column":49}},"5":{"start":{"line":30,"column":20},"end":{"line":44,"column":1}},"6":{"start":{"line":31,"column":20},"end":{"line":31,"column":38}},"7":{"start":{"line":32,"column":21},"end":{"line":32,"column":40}},"8":{"start":{"line":33,"column":21},"end":{"line":33,"column":72}},"9":{"start":{"line":33,"column":43},"end":{"line":33,"column":72}},"10":{"start":{"line":35,"column":27},"end":{"line":35,"column":29}},"11":{"start":{"line":36,"column":2},"end":{"line":38,"column":null}},"12":{"start":{"line":36,"column":18},"end":{"line":36,"column":28}},"13":{"start":{"line":36,"column":14},"end":{"line":36,"column":18}},"14":{"start":{"line":37,"column":4},"end":{"line":37,"column":65}},"15":{"start":{"line":39,"column":2},"end":{"line":42,"column":null}},"16":{"start":{"line":50,"column":21},"end":{"line":52,"column":null}},"17":{"start":{"line":52,"column":5},"end":{"line":62,"column":2}},"18":{"start":{"line":55,"column":22},"end":{"line":55,"column":70}},"19":{"start":{"line":56,"column":22},"end":{"line":60,"column":11}},"20":{"start":{"line":61,"column":2},"end":{"line":61,"column":16}},"21":{"start":{"line":64,"column":24},"end":{"line":64,"column":53}},"22":{"start":{"line":64,"column":52},"end":{"line":72,"column":3}},"23":{"start":{"line":68,"column":36},"end":{"line":70,"column":7}},"24":{"start":{"line":86,"column":0},"end":{"line":86,"column":null}},"25":{"start":{"line":86,"column":107},"end":{"line":86,"column":108}},"26":{"start":{"line":86,"column":0},"end":{"line":86,"column":13}},"27":{"start":{"line":92,"column":2},"end":{"line":92,"column":44}},"28":{"start":{"line":92,"column":17},"end":{"line":92,"column":44}},"29":{"start":{"line":94,"column":2},"end":{"line":99,"column":7}},"30":{"start":{"line":95,"column":4},"end":{"line":99,"column":7}},"31":{"start":{"line":106,"column":2},"end":{"line":108,"column":94}},"32":{"start":{"line":110,"column":2},"end":{"line":110,"column":104}},"33":{"start":{"line":110,"column":57},"end":{"line":110,"column":104}},"34":{"start":{"line":112,"column":2},"end":{"line":112,"column":94}},"35":{"start":{"line":112,"column":52},"end":{"line":112,"column":94}},"36":{"start":{"line":134,"column":9},"end":{"line":140,"column":4}},"37":{"start":{"line":135,"column":4},"end":{"line":139,"column":7}},"38":{"start":{"line":148,"column":0},"end":{"line":148,"column":null}},"39":{"start":{"line":86,"column":13},"end":{"line":86,"column":22}}},"fnMap":{"0":{"name":"(anonymous_9)","decl":{"start":{"line":30,"column":20},"end":{"line":30,"column":71}},"loc":{"start":{"line":30,"column":90},"end":{"line":44,"column":1}}},"1":{"name":"(anonymous_10)","decl":{"start":{"line":33,"column":38},"end":{"line":33,"column":39}},"loc":{"start":{"line":33,"column":39},"end":{"line":33,"column":53}}},"2":{"name":"(anonymous_11)","decl":{"start":{"line":50,"column":21},"end":{"line":50,"column":null}},"loc":{"start":{"line":51,"column":43},"end":{"line":52,"column":null}}},"3":{"name":"(anonymous_12)","decl":{"start":{"line":52,"column":5},"end":{"line":52,"column":null}},"loc":{"start":{"line":53,"column":46},"end":{"line":62,"column":1}}},"4":{"name":"(anonymous_13)","decl":{"start":{"line":64,"column":24},"end":{"line":64,"column":25}},"loc":{"start":{"line":64,"column":47},"end":{"line":64,"column":53}}},"5":{"name":"(anonymous_14)","decl":{"start":{"line":68,"column":31},"end":{"line":68,"column":32}},"loc":{"start":{"line":68,"column":32},"end":{"line":68,"column":null}}},"6":{"name":"(anonymous_15)","decl":{"start":{"line":86,"column":0},"end":{"line":86,"column":13}},"loc":{"start":{"line":86,"column":0},"end":{"line":86,"column":13}}},"7":{"name":"(anonymous_17)","decl":{"start":{"line":92,"column":11},"end":{"line":92,"column":17}},"loc":{"start":{"line":92,"column":11},"end":{"line":92,"column":32}}},"8":{"name":"(anonymous_18)","decl":{"start":{"line":94,"column":14},"end":{"line":94,"column":null}},"loc":{"start":{"line":94,"column":14},"end":{"line":95,"column":8}}},"9":{"name":"(anonymous_19)","decl":{"start":{"line":110,"column":51},"end":{"line":110,"column":57}},"loc":{"start":{"line":110,"column":51},"end":{"line":110,"column":65}}},"10":{"name":"(anonymous_20)","decl":{"start":{"line":112,"column":46},"end":{"line":112,"column":52}},"loc":{"start":{"line":112,"column":46},"end":{"line":112,"column":60}}},"11":{"name":"(anonymous_21)","decl":{"start":{"line":134,"column":18},"end":{"line":134,"column":44}},"loc":{"start":{"line":134,"column":52},"end":{"line":140,"column":3}}}},"branchMap":{"0":{"loc":{"start":{"line":58,"column":12},"end":{"line":58,"column":29}},"type":"binary-expr","locations":[{"start":{"line":58,"column":12},"end":{"line":58,"column":29}},{"start":{"line":58,"column":33},"end":{"line":58,"column":51}}]},"1":{"loc":{"start":{"line":86,"column":0},"end":{"line":86,"column":13}},"type":"binary-expr","locations":[{"start":{"line":86,"column":0},"end":{"line":86,"column":13}},{"start":{"line":86,"column":0},"end":{"line":86,"column":13}},{"start":{"line":86,"column":0},"end":{"line":86,"column":13}}]}},"s":{"0":8,"1":8,"2":8,"3":8,"4":8,"5":8,"6":2,"7":2,"8":2,"9":2,"10":2,"11":2,"12":4,"13":1,"14":1,"15":2,"16":8,"17":27,"18":2,"19":2,"20":2,"21":8,"22":5,"23":12,"24":8,"25":8,"26":27,"27":27,"28":5,"29":27,"30":3,"31":27,"32":27,"33":0,"34":27,"35":0,"36":8,"37":22,"38":8,"39":8},"f":{"0":2,"1":2,"2":27,"3":2,"4":5,"5":12,"6":35,"7":5,"8":3,"9":0,"10":0,"11":22},"b":{"0":[2,2],"1":[27,27,27]}}
,"/Users/colinmcd94/Documents/Projects/zod/src/types/string.ts": {"path":"/Users/colinmcd94/Documents/Projects/zod/src/types/string.ts","statementMap":{"0":{"start":{"line":1,"column":0},"end":{"line":1,"column":28}},"1":{"start":{"line":2,"column":0},"end":{"line":2,"column":43}},"2":{"start":{"line":3,"column":0},"end":{"line":3,"column":33}},"3":{"start":{"line":4,"column":0},"end":{"line":4,"column":35}},"4":{"start":{"line":10,"column":0},"end":{"line":10,"column":62}},"5":{"start":{"line":10,"column":31},"end":{"line":10,"column":32}},"6":{"start":{"line":10,"column":0},"end":{"line":10,"column":13}},"7":{"start":{"line":11,"column":2},"end":{"line":11,"column":104}},"8":{"start":{"line":11,"column":57},"end":{"line":11,"column":104}},"9":{"start":{"line":13,"column":2},"end":{"line":13,"column":94}},"10":{"start":{"line":13,"column":52},"end":{"line":13,"column":94}},"11":{"start":{"line":15,"column":2},"end":{"line":15,"column":27}},"12":{"start":{"line":15,"column":17},"end":{"line":15,"column":27}},"13":{"start":{"line":17,"column":9},"end":{"line":21,"column":4}},"14":{"start":{"line":18,"column":4},"end":{"line":20,"column":7}},"15":{"start":{"line":22,"column":0},"end":{"line":22,"column":null}},"16":{"start":{"line":10,"column":13},"end":{"line":10,"column":22}}},"fnMap":{"0":{"name":"(anonymous_7)","decl":{"start":{"line":10,"column":0},"end":{"line":10,"column":13}},"loc":{"start":{"line":10,"column":0},"end":{"line":10,"column":13}}},"1":{"name":"(anonymous_9)","decl":{"start":{"line":11,"column":51},"end":{"line":11,"column":57}},"loc":{"start":{"line":11,"column":51},"end":{"line":11,"column":65}}},"2":{"name":"(anonymous_10)","decl":{"start":{"line":13,"column":46},"end":{"line":13,"column":52}},"loc":{"start":{"line":13,"column":46},"end":{"line":13,"column":60}}},"3":{"name":"(anonymous_11)","decl":{"start":{"line":15,"column":11},"end":{"line":15,"column":17}},"loc":{"start":{"line":15,"column":11},"end":{"line":15,"column":21}}},"4":{"name":"(anonymous_12)","decl":{"start":{"line":17,"column":18},"end":{"line":17,"column":null}},"loc":{"start":{"line":17,"column":18},"end":{"line":21,"column":3}}}},"branchMap":{"0":{"loc":{"start":{"line":10,"column":0},"end":{"line":10,"column":13}},"type":"binary-expr","locations":[{"start":{"line":10,"column":0},"end":{"line":10,"column":13}},{"start":{"line":10,"column":0},"end":{"line":10,"column":13}},{"start":{"line":10,"column":0},"end":{"line":10,"column":13}}]}},"s":{"0":8,"1":8,"2":8,"3":8,"4":8,"5":8,"6":22,"7":22,"8":4,"9":22,"10":5,"11":22,"12":4,"13":8,"14":22,"15":8,"16":8},"f":{"0":30,"1":4,"2":5,"3":4,"4":22},"b":{"0":[22,22,22]}}
,"/Users/colinmcd94/Documents/Projects/zod/src/types/tuple.ts": {"path":"/Users/colinmcd94/Documents/Projects/zod/src/types/tuple.ts","statementMap":{"0":{"start":{"line":1,"column":0},"end":{"line":1,"column":28}},"1":{"start":{"line":2,"column":0},"end":{"line":2,"column":35}},"2":{"start":{"line":3,"column":0},"end":{"line":3,"column":43}},"3":{"start":{"line":4,"column":0},"end":{"line":4,"column":33}},"4":{"start":{"line":16,"column":0},"end":{"line":16,"column":null}},"5":{"start":{"line":16,"column":100},"end":{"line":16,"column":101}},"6":{"start":{"line":16,"column":0},"end":{"line":16,"column":13}},"7":{"start":{"line":20,"column":2},"end":{"line":23,"column":5}},"8":{"start":{"line":20,"column":17},"end":{"line":23,"column":5}},"9":{"start":{"line":22,"column":50},"end":{"line":22,"column":64}},"10":{"start":{"line":25,"column":2},"end":{"line":25,"column":104}},"11":{"start":{"line":25,"column":57},"end":{"line":25,"column":104}},"12":{"start":{"line":27,"column":2},"end":{"line":27,"column":94}},"13":{"start":{"line":27,"column":52},"end":{"line":27,"column":94}},"14":{"start":{"line":29,"column":9},"end":{"line":34,"column":4}},"15":{"start":{"line":30,"column":4},"end":{"line":33,"column":7}},"16":{"start":{"line":35,"column":0},"end":{"line":35,"column":null}},"17":{"start":{"line":16,"column":13},"end":{"line":16,"column":21}}},"fnMap":{"0":{"name":"(anonymous_7)","decl":{"start":{"line":16,"column":0},"end":{"line":16,"column":13}},"loc":{"start":{"line":16,"column":0},"end":{"line":16,"column":13}}},"1":{"name":"(anonymous_9)","decl":{"start":{"line":20,"column":11},"end":{"line":20,"column":17}},"loc":{"start":{"line":20,"column":11},"end":{"line":20,"column":18}}},"2":{"name":"(anonymous_10)","decl":{"start":{"line":22,"column":42},"end":{"line":22,"column":46}},"loc":{"start":{"line":22,"column":46},"end":{"line":22,"column":54}}},"3":{"name":"(anonymous_11)","decl":{"start":{"line":25,"column":51},"end":{"line":25,"column":57}},"loc":{"start":{"line":25,"column":51},"end":{"line":25,"column":65}}},"4":{"name":"(anonymous_12)","decl":{"start":{"line":27,"column":46},"end":{"line":27,"column":52}},"loc":{"start":{"line":27,"column":46},"end":{"line":27,"column":60}}},"5":{"name":"(anonymous_13)","decl":{"start":{"line":29,"column":18},"end":{"line":29,"column":61}},"loc":{"start":{"line":29,"column":71},"end":{"line":34,"column":3}}}},"branchMap":{"0":{"loc":{"start":{"line":16,"column":0},"end":{"line":16,"column":13}},"type":"binary-expr","locations":[{"start":{"line":16,"column":0},"end":{"line":16,"column":13}},{"start":{"line":16,"column":0},"end":{"line":16,"column":13}},{"start":{"line":16,"column":0},"end":{"line":16,"column":13}}]}},"s":{"0":8,"1":8,"2":8,"3":8,"4":8,"5":8,"6":7,"7":7,"8":1,"9":6,"10":7,"11":0,"12":7,"13":0,"14":8,"15":7,"16":8,"17":8},"f":{"0":15,"1":1,"2":6,"3":0,"4":0,"5":7},"b":{"0":[7,7,7]}}
,"/Users/colinmcd94/Documents/Projects/zod/src/types/undefined.ts": {"path":"/Users/colinmcd94/Documents/Projects/zod/src/types/undefined.ts","statementMap":{"0":{"start":{"line":1,"column":0},"end":{"line":1,"column":28}},"1":{"start":{"line":2,"column":0},"end":{"line":2,"column":35}},"2":{"start":{"line":3,"column":0},"end":{"line":3,"column":33}},"3":{"start":{"line":9,"column":0},"end":{"line":9,"column":54}},"4":{"start":{"line":9,"column":34},"end":{"line":9,"column":35}},"5":{"start":{"line":9,"column":0},"end":{"line":9,"column":13}},"6":{"start":{"line":10,"column":2},"end":{"line":10,"column":27}},"7":{"start":{"line":10,"column":17},"end":{"line":10,"column":27}},"8":{"start":{"line":12,"column":2},"end":{"line":12,"column":104}},"9":{"start":{"line":12,"column":57},"end":{"line":12,"column":104}},"10":{"start":{"line":14,"column":2},"end":{"line":14,"column":94}},"11":{"start":{"line":14,"column":52},"end":{"line":14,"column":94}},"12":{"start":{"line":16,"column":9},"end":{"line":20,"column":4}},"13":{"start":{"line":17,"column":4},"end":{"line":19,"column":7}},"14":{"start":{"line":21,"column":0},"end":{"line":21,"column":null}},"15":{"start":{"line":9,"column":13},"end":{"line":9,"column":25}}},"fnMap":{"0":{"name":"(anonymous_7)","decl":{"start":{"line":9,"column":0},"end":{"line":9,"column":13}},"loc":{"start":{"line":9,"column":0},"end":{"line":9,"column":13}}},"1":{"name":"(anonymous_9)","decl":{"start":{"line":10,"column":11},"end":{"line":10,"column":17}},"loc":{"start":{"line":10,"column":11},"end":{"line":10,"column":21}}},"2":{"name":"(anonymous_10)","decl":{"start":{"line":12,"column":51},"end":{"line":12,"column":57}},"loc":{"start":{"line":12,"column":51},"end":{"line":12,"column":65}}},"3":{"name":"(anonymous_11)","decl":{"start":{"line":14,"column":46},"end":{"line":14,"column":52}},"loc":{"start":{"line":14,"column":46},"end":{"line":14,"column":60}}},"4":{"name":"(anonymous_12)","decl":{"start":{"line":16,"column":18},"end":{"line":16,"column":null}},"loc":{"start":{"line":16,"column":18},"end":{"line":20,"column":3}}}},"branchMap":{"0":{"loc":{"start":{"line":9,"column":0},"end":{"line":9,"column":13}},"type":"binary-expr","locations":[{"start":{"line":9,"column":0},"end":{"line":9,"column":13}},{"start":{"line":9,"column":0},"end":{"line":9,"column":13}},{"start":{"line":9,"column":0},"end":{"line":9,"column":13}}]}},"s":{"0":8,"1":8,"2":8,"3":8,"4":8,"5":17,"6":17,"7":10,"8":17,"9":0,"10":17,"11":1,"12":8,"13":17,"14":8,"15":8},"f":{"0":25,"1":10,"2":0,"3":1,"4":17},"b":{"0":[17,17,17]}}
,"/Users/colinmcd94/Documents/Projects/zod/src/types/union.ts": {"path":"/Users/colinmcd94/Documents/Projects/zod/src/types/union.ts","statementMap":{"0":{"start":{"line":1,"column":0},"end":{"line":1,"column":28}},"1":{"start":{"line":2,"column":0},"end":{"line":2,"column":43}},"2":{"start":{"line":3,"column":0},"end":{"line":3,"column":33}},"3":{"start":{"line":10,"column":0},"end":{"line":10,"column":null}},"4":{"start":{"line":10,"column":77},"end":{"line":10,"column":78}},"5":{"start":{"line":10,"column":0},"end":{"line":10,"column":13}},"6":{"start":{"line":14,"column":2},"end":{"line":14,"column":104}},"7":{"start":{"line":14,"column":57},"end":{"line":14,"column":104}},"8":{"start":{"line":16,"column":2},"end":{"line":16,"column":94}},"9":{"start":{"line":16,"column":52},"end":{"line":16,"column":94}},"10":{"start":{"line":18,"column":2},"end":{"line":21,"column":5}},"11":{"start":{"line":18,"column":17},"end":{"line":21,"column":5}},"12":{"start":{"line":20,"column":40},"end":{"line":20,"column":51}},"13":{"start":{"line":23,"column":9},"end":{"line":28,"column":4}},"14":{"start":{"line":24,"column":4},"end":{"line":27,"column":7}},"15":{"start":{"line":29,"column":0},"end":{"line":29,"column":null}},"16":{"start":{"line":10,"column":13},"end":{"line":10,"column":21}}},"fnMap":{"0":{"name":"(anonymous_7)","decl":{"start":{"line":10,"column":0},"end":{"line":10,"column":13}},"loc":{"start":{"line":10,"column":0},"end":{"line":10,"column":13}}},"1":{"name":"(anonymous_9)","decl":{"start":{"line":14,"column":51},"end":{"line":14,"column":57}},"loc":{"start":{"line":14,"column":51},"end":{"line":14,"column":65}}},"2":{"name":"(anonymous_10)","decl":{"start":{"line":16,"column":46},"end":{"line":16,"column":52}},"loc":{"start":{"line":16,"column":46},"end":{"line":16,"column":60}}},"3":{"name":"(anonymous_11)","decl":{"start":{"line":18,"column":11},"end":{"line":18,"column":17}},"loc":{"start":{"line":18,"column":11},"end":{"line":18,"column":18}}},"4":{"name":"(anonymous_12)","decl":{"start":{"line":20,"column":35},"end":{"line":20,"column":36}},"loc":{"start":{"line":20,"column":36},"end":{"line":20,"column":41}}},"5":{"name":"(anonymous_13)","decl":{"start":{"line":23,"column":18},"end":{"line":23,"column":66}},"loc":{"start":{"line":23,"column":74},"end":{"line":28,"column":3}}}},"branchMap":{"0":{"loc":{"start":{"line":10,"column":0},"end":{"line":10,"column":13}},"type":"binary-expr","locations":[{"start":{"line":10,"column":0},"end":{"line":10,"column":13}},{"start":{"line":10,"column":0},"end":{"line":10,"column":13}},{"start":{"line":10,"column":0},"end":{"line":10,"column":13}}]}},"s":{"0":8,"1":8,"2":8,"3":8,"4":8,"5":30,"6":30,"7":6,"8":30,"9":0,"10":30,"11":17,"12":34,"13":8,"14":30,"15":8,"16":8},"f":{"0":38,"1":6,"2":0,"3":17,"4":34,"5":30},"b":{"0":[30,30,30]}}
}
