TN:
SF:src/ZodError.ts
FN:6,(anonymous_6)
FN:9,ZodError
FN:43,(anonymous_8)
FN:47,(anonymous_9)
FN:49,(anonymous_10)
FN:55,(anonymous_11)
FN:59,(anonymous_12)
FN:22,(anonymous_13)
FN:24,(anonymous_14)
FN:30,(anonymous_15)
FN:16,(anonymous_16)
FN:34,(anonymous_17)
FNF:12
FNH:12
FNDA:9,(anonymous_6)
FNDA:119,ZodError
FNDA:12,(anonymous_8)
FNDA:13,(anonymous_9)
FNDA:14,(anonymous_10)
FNDA:3,(anonymous_11)
FNDA:13,(anonymous_12)
FNDA:135,(anonymous_13)
FNDA:146,(anonymous_14)
FNDA:38,(anonymous_15)
FNDA:119,(anonymous_16)
FNDA:65,(anonymous_17)
DA:6,9
DA:7,119
DA:10,119
DA:12,119
DA:13,119
DA:16,9
DA:17,119
DA:18,119
DA:19,119
DA:22,9
DA:23,135
DA:24,146
DA:25,146
DA:30,9
DA:31,38
DA:34,9
DA:35,65
DA:43,119
DA:44,12
DA:47,119
DA:48,13
DA:50,14
DA:55,119
DA:56,3
DA:59,119
DA:60,13
DA:62,9
LF:27
LH:27
BRDA:10,0,0,119
BRDA:10,0,1,0
BRDA:56,1,0,1
BRDA:56,1,1,2
BRDA:25,2,0,20
BRDA:25,2,1,126
BRF:6
BRH:5
end_of_record
TN:
SF:src/index.ts
FN:51,(anonymous_0)
FN:52,(anonymous_1)
FN:53,(anonymous_2)
FNF:3
FNH:0
FNDA:0,(anonymous_0)
FNDA:0,(anonymous_1)
FNDA:0,(anonymous_2)
DA:3,8
DA:4,8
DA:5,8
DA:6,8
DA:7,8
DA:8,8
DA:9,8
DA:10,8
DA:11,8
DA:12,8
DA:13,8
DA:14,8
DA:15,8
DA:16,8
DA:17,8
DA:18,8
DA:36,8
DA:37,8
DA:38,8
DA:39,8
DA:40,8
DA:41,8
DA:42,8
DA:43,8
DA:44,8
DA:45,8
DA:46,8
DA:47,8
DA:49,8
DA:50,8
DA:51,8
DA:52,8
DA:53,8
DA:56,8
DA:57,8
DA:58,8
DA:59,8
DA:60,8
DA:61,8
DA:62,8
DA:63,8
DA:64,8
DA:65,8
DA:66,8
DA:67,8
DA:69,8
DA:70,8
DA:71,8
DA:72,8
DA:73,8
DA:77,8
DA:78,8
DA:79,8
DA:80,8
DA:81,8
DA:82,8
DA:83,8
DA:84,8
DA:85,8
DA:86,8
DA:87,8
DA:88,8
DA:89,8
DA:90,8
DA:91,8
DA:94,8
LF:66
LH:66
BRF:0
BRH:0
end_of_record
TN:
SF:src/parser.ts
FN:5,assertNever
FN:14,(anonymous_2)
FN:14,(anonymous_3)
FN:20,(anonymous_4)
FN:58,(anonymous_5)
FN:86,(anonymous_6)
FN:88,(anonymous_7)
FN:118,(anonymous_8)
FNF:8
FNH:7
FNDA:0,assertNever
FNDA:177,(anonymous_2)
FNDA:213,(anonymous_3)
FNDA:1685,(anonymous_4)
FNDA:19,(anonymous_5)
FNDA:38,(anonymous_6)
FNDA:1,(anonymous_7)
FNDA:4,(anonymous_8)
DA:1,8
DA:3,8
DA:6,0
DA:14,282
DA:15,213
DA:20,1685
DA:21,213
DA:22,16
DA:23,7
DA:24,7
DA:26,9
DA:29,197
DA:33,206
DA:35,29
DA:36,16
DA:38,27
DA:39,18
DA:40,1
DA:42,17
DA:44,11
DA:45,7
DA:47,10
DA:48,6
DA:50,8
DA:51,3
DA:53,11
DA:54,10
DA:55,10
DA:56,1
DA:58,9
DA:59,19
DA:60,19
DA:61,18
DA:63,1
DA:64,1
DA:66,1
DA:68,0
DA:69,0
DA:73,9
DA:75,1
DA:77,8
DA:79,27
DA:80,23
DA:82,23
DA:83,23
DA:84,20
DA:85,20
DA:86,38
DA:87,20
DA:88,1
DA:92,22
DA:93,22
DA:94,48
DA:95,48
DA:97,6
DA:98,6
DA:100,0
DA:105,22
DA:106,3
DA:108,19
DA:110,45
DA:111,45
DA:112,45
DA:113,34
DA:116,2
DA:118,4
DA:122,5
DA:123,5
DA:124,5
DA:126,1
DA:129,5
DA:130,5
DA:132,1
DA:135,5
DA:136,3
DA:138,2
DA:141,8
DA:143,1
DA:145,7
DA:147,1
DA:152,6
DA:153,6
DA:154,6
DA:155,15
DA:156,15
DA:157,15
DA:158,15
DA:160,4
DA:161,4
DA:164,0
DA:168,6
DA:169,2
DA:171,4
DA:173,7
DA:174,7
DA:175,5
DA:180,24
DA:181,15
DA:183,3
DA:184,1
DA:186,2
DA:192,0
LF:102
LH:96
BRDA:14,0,0,69
BRDA:14,0,1,144
BRDA:21,1,0,16
BRDA:21,1,1,197
BRDA:22,2,0,7
BRDA:22,2,1,9
BRDA:34,3,0,29
BRDA:34,3,1,27
BRDA:34,3,2,11
BRDA:34,3,3,10
BRDA:34,3,4,8
BRDA:34,3,5,11
BRDA:34,3,6,27
BRDA:34,3,7,36
BRDA:34,3,8,5
BRDA:34,3,9,8
BRDA:34,3,10,7
BRDA:34,3,11,24
BRDA:34,3,12,3
BRDA:34,3,13,0
BRDA:35,4,0,13
BRDA:35,4,1,16
BRDA:38,5,0,9
BRDA:38,5,1,18
BRDA:39,6,0,1
BRDA:39,6,1,17
BRDA:44,7,0,4
BRDA:44,7,1,7
BRDA:47,8,0,4
BRDA:47,8,1,6
BRDA:50,9,0,5
BRDA:50,9,1,3
BRDA:53,10,0,1
BRDA:53,10,1,10
BRDA:55,11,0,1
BRDA:55,11,1,9
BRDA:55,12,0,10
BRDA:55,12,1,2
BRDA:63,13,0,1
BRDA:63,13,1,0
BRDA:73,14,0,1
BRDA:73,14,1,8
BRDA:79,15,0,4
BRDA:79,15,1,23
BRDA:80,16,0,0
BRDA:80,16,1,23
BRDA:83,17,0,20
BRDA:83,17,1,3
BRDA:87,18,0,1
BRDA:87,18,1,19
BRDA:97,19,0,6
BRDA:97,19,1,0
BRDA:105,20,0,3
BRDA:105,20,1,19
BRDA:135,21,0,3
BRDA:135,21,1,2
BRDA:141,22,0,1
BRDA:141,22,1,7
BRDA:145,23,0,1
BRDA:145,23,1,6
BRDA:160,24,0,4
BRDA:160,24,1,0
BRDA:168,25,0,2
BRDA:168,25,1,4
BRDA:180,26,0,9
BRDA:180,26,1,15
BRDA:183,27,0,1
BRDA:183,27,1,2
BRF:68
BRH:63
end_of_record
TN:
SF:src/helpers/Mocker.ts
FN:1,getRandomInt
FN:5,(anonymous_1)
FN:6,(anonymous_3)
FN:10,(anonymous_4)
FN:15,(anonymous_5)
FN:18,(anonymous_6)
FN:21,(anonymous_7)
FN:24,(anonymous_8)
FN:27,(anonymous_9)
FN:30,(anonymous_10)
FN:33,(anonymous_11)
FN:36,(anonymous_12)
FN:39,(anonymous_13)
FN:42,(anonymous_14)
FNF:14
FNH:14
FNDA:6,getRandomInt
FNDA:4,(anonymous_1)
FNDA:6,(anonymous_3)
FNDA:9,(anonymous_4)
FNDA:8,(anonymous_5)
FNDA:9,(anonymous_6)
FNDA:9,(anonymous_7)
FNDA:9,(anonymous_8)
FNDA:1,(anonymous_9)
FNDA:1,(anonymous_10)
FNDA:1,(anonymous_11)
FNDA:1,(anonymous_12)
FNDA:1,(anonymous_13)
FNDA:1,(anonymous_14)
DA:2,6
DA:5,2
DA:6,24
DA:7,6
DA:10,2
DA:11,9
DA:15,2
DA:16,8
DA:18,2
DA:19,9
DA:21,2
DA:22,9
DA:24,2
DA:25,9
DA:27,2
DA:28,1
DA:30,2
DA:31,1
DA:33,2
DA:34,1
DA:36,2
DA:37,1
DA:39,2
DA:40,1
DA:42,2
DA:43,1
DA:45,2
LF:27
LH:27
BRF:0
BRH:0
end_of_record
TN:
SF:src/types/array.ts
FN:12,(anonymous_9)
FN:13,(anonymous_11)
FN:21,(anonymous_12)
FN:23,(anonymous_13)
FN:25,(anonymous_14)
FN:29,(anonymous_15)
FN:38,(anonymous_16)
FN:39,(anonymous_18)
FN:46,(anonymous_19)
FN:48,(anonymous_20)
FNF:10
FNH:7
FNDA:15,(anonymous_9)
FNDA:1,(anonymous_11)
FNDA:1,(anonymous_12)
FNDA:0,(anonymous_13)
FNDA:2,(anonymous_14)
FNDA:7,(anonymous_15)
FNDA:10,(anonymous_16)
FNDA:1,(anonymous_18)
FNDA:0,(anonymous_19)
FNDA:0,(anonymous_20)
DA:1,8
DA:2,8
DA:3,8
DA:4,8
DA:12,8
DA:13,7
DA:14,1
DA:21,7
DA:23,7
DA:25,7
DA:26,2
DA:29,8
DA:30,7
DA:36,8
DA:38,8
DA:39,2
DA:40,1
DA:46,2
DA:48,2
DA:57,8
LF:20
LH:20
BRDA:12,0,0,7
BRDA:12,0,1,7
BRDA:12,0,2,7
BRDA:38,1,0,2
BRDA:38,1,1,2
BRDA:38,1,2,2
BRF:6
BRH:6
end_of_record
TN:
SF:src/types/base.ts
FN:4,(anonymous_0)
FN:38,(anonymous_1)
FN:81,ZodType
FN:54,(anonymous_3)
FN:63,(anonymous_4)
FNF:5
FNH:5
FNDA:8,(anonymous_0)
FNDA:8,(anonymous_1)
FNDA:177,ZodType
FNDA:2,(anonymous_3)
FNDA:2,(anonymous_4)
DA:1,8
DA:4,8
DA:5,8
DA:6,8
DA:7,8
DA:8,8
DA:9,8
DA:10,8
DA:11,8
DA:12,8
DA:13,8
DA:14,8
DA:15,8
DA:16,8
DA:17,8
DA:18,8
DA:19,8
DA:38,8
DA:54,8
DA:55,2
DA:56,2
DA:57,1
DA:59,1
DA:63,8
DA:64,2
DA:65,2
DA:66,1
DA:68,1
DA:82,177
DA:83,177
DA:90,8
LF:31
LH:31
BRDA:4,0,0,8
BRDA:4,0,1,8
BRF:2
BRH:2
end_of_record
TN:
SF:src/types/boolean.ts
FN:10,(anonymous_7)
FN:11,(anonymous_9)
FN:13,(anonymous_10)
FN:15,(anonymous_11)
FN:16,(anonymous_12)
FNF:5
FNH:5
FNDA:14,(anonymous_7)
FNDA:2,(anonymous_9)
FNDA:2,(anonymous_10)
FNDA:1,(anonymous_11)
FNDA:6,(anonymous_12)
DA:1,8
DA:2,8
DA:3,8
DA:4,8
DA:10,8
DA:11,6
DA:13,6
DA:15,6
DA:16,8
DA:17,6
DA:21,8
LF:11
LH:11
BRDA:10,0,0,6
BRDA:10,0,1,6
BRDA:10,0,2,6
BRF:3
BRH:3
end_of_record
TN:
SF:src/types/enum.ts
FN:26,(anonymous_7)
FN:27,(anonymous_9)
FN:29,(anonymous_10)
FN:31,(anonymous_11)
FN:33,(anonymous_12)
FN:40,(anonymous_13)
FNF:6
FNH:4
FNDA:13,(anonymous_7)
FNDA:0,(anonymous_9)
FNDA:0,(anonymous_10)
FNDA:2,(anonymous_11)
FNDA:1,(anonymous_12)
FNDA:5,(anonymous_13)
DA:1,8
DA:2,8
DA:3,8
DA:4,8
DA:26,8
DA:27,5
DA:29,5
DA:31,5
DA:33,8
DA:34,1
DA:35,3
DA:36,3
DA:38,1
DA:40,8
DA:41,5
DA:46,8
LF:16
LH:16
BRDA:26,0,0,5
BRDA:26,0,1,5
BRDA:26,0,2,5
BRF:3
BRH:3
end_of_record
TN:
SF:src/types/function.ts
FN:15,(anonymous_1)
FN:19,ZodFunction
FN:23,(anonymous_3)
FN:24,(anonymous_4)
FN:39,(anonymous_5)
FNF:5
FNH:5
FNDA:8,(anonymous_1)
FNDA:3,ZodFunction
FNDA:3,(anonymous_3)
FNDA:3,(anonymous_4)
FNDA:3,(anonymous_5)
DA:1,8
DA:15,8
DA:19,3
DA:20,3
DA:23,3
DA:24,9
DA:25,3
DA:26,3
DA:27,2
DA:28,2
DA:29,1
DA:31,2
DA:34,3
DA:37,3
DA:39,8
DA:40,3
DA:46,8
LF:17
LH:17
BRF:0
BRH:0
end_of_record
TN:
SF:src/types/intersection.ts
FN:12,(anonymous_7)
FN:16,(anonymous_9)
FN:18,(anonymous_10)
FN:20,(anonymous_11)
FN:26,(anonymous_12)
FNF:5
FNH:3
FNDA:13,(anonymous_7)
FNDA:0,(anonymous_9)
FNDA:0,(anonymous_10)
FNDA:3,(anonymous_11)
FNDA:5,(anonymous_12)
DA:1,8
DA:2,8
DA:3,8
DA:4,8
DA:12,8
DA:16,5
DA:18,5
DA:20,5
DA:26,8
DA:27,5
DA:33,8
LF:11
LH:11
BRDA:12,0,0,5
BRDA:12,0,1,5
BRDA:12,0,2,5
BRF:3
BRH:3
end_of_record
TN:
SF:src/types/lazy.ts
FN:12,(anonymous_7)
FN:17,(anonymous_9)
FN:19,(anonymous_10)
FN:21,(anonymous_11)
FN:13,(anonymous_12)
FN:25,(anonymous_13)
FNF:6
FNH:4
FNDA:11,(anonymous_7)
FNDA:0,(anonymous_9)
FNDA:0,(anonymous_10)
FNDA:1,(anonymous_11)
FNDA:1,(anonymous_12)
FNDA:3,(anonymous_13)
DA:1,8
DA:2,8
DA:3,8
DA:4,8
DA:12,8
DA:13,8
DA:14,1
DA:17,3
DA:19,3
DA:21,3
DA:22,1
DA:25,8
DA:26,3
DA:35,8
LF:14
LH:14
BRDA:12,0,0,3
BRDA:12,0,1,3
BRDA:12,0,2,3
BRF:3
BRH:3
end_of_record
TN:
SF:src/types/literal.ts
FN:36,(anonymous_7)
FN:37,(anonymous_9)
FN:39,(anonymous_10)
FN:41,(anonymous_11)
FN:44,(anonymous_12)
FNF:5
FNH:4
FNDA:16,(anonymous_7)
FNDA:0,(anonymous_9)
FNDA:1,(anonymous_10)
FNDA:3,(anonymous_11)
FNDA:8,(anonymous_12)
DA:1,8
DA:2,8
DA:3,8
DA:4,8
DA:36,8
DA:37,8
DA:39,8
DA:41,8
DA:44,8
DA:45,8
DA:50,8
LF:11
LH:11
BRDA:36,0,0,8
BRDA:36,0,1,8
BRDA:36,0,2,8
BRF:3
BRH:3
end_of_record
TN:
SF:src/types/null.ts
FN:9,(anonymous_7)
FN:10,(anonymous_9)
FN:12,(anonymous_10)
FN:14,(anonymous_11)
FN:15,(anonymous_12)
FNF:5
FNH:4
FNDA:22,(anonymous_7)
FNDA:0,(anonymous_9)
FNDA:1,(anonymous_10)
FNDA:8,(anonymous_11)
FNDA:14,(anonymous_12)
DA:1,8
DA:2,8
DA:3,8
DA:9,14
DA:10,14
DA:12,14
DA:14,14
DA:15,8
DA:16,14
DA:20,8
LF:10
LH:10
BRDA:9,0,0,14
BRDA:9,0,1,14
BRDA:9,0,2,14
BRF:3
BRH:3
end_of_record
TN:
SF:src/types/number.ts
FN:10,(anonymous_7)
FN:11,(anonymous_9)
FN:13,(anonymous_10)
FN:15,(anonymous_11)
FN:16,(anonymous_12)
FNF:5
FNH:5
FNDA:32,(anonymous_7)
FNDA:2,(anonymous_9)
FNDA:2,(anonymous_10)
FNDA:5,(anonymous_11)
FNDA:24,(anonymous_12)
DA:1,8
DA:2,8
DA:3,8
DA:4,8
DA:10,24
DA:11,24
DA:13,24
DA:15,24
DA:16,8
DA:17,24
DA:21,8
LF:11
LH:11
BRDA:10,0,0,24
BRDA:10,0,1,24
BRDA:10,0,2,24
BRF:3
BRH:3
end_of_record
TN:
SF:src/types/object.ts
FN:30,(anonymous_9)
FN:33,(anonymous_10)
FN:50,(anonymous_11)
FN:52,(anonymous_12)
FN:64,(anonymous_13)
FN:68,(anonymous_14)
FN:86,(anonymous_15)
FN:92,(anonymous_17)
FN:94,(anonymous_18)
FN:110,(anonymous_19)
FN:112,(anonymous_20)
FN:134,(anonymous_21)
FNF:12
FNH:10
FNDA:2,(anonymous_9)
FNDA:2,(anonymous_10)
FNDA:27,(anonymous_11)
FNDA:2,(anonymous_12)
FNDA:5,(anonymous_13)
FNDA:12,(anonymous_14)
FNDA:35,(anonymous_15)
FNDA:5,(anonymous_17)
FNDA:3,(anonymous_18)
FNDA:0,(anonymous_19)
FNDA:0,(anonymous_20)
FNDA:22,(anonymous_21)
DA:1,8
DA:2,8
DA:3,8
DA:4,8
DA:5,8
DA:30,8
DA:31,2
DA:32,2
DA:33,2
DA:35,2
DA:36,4
DA:37,1
DA:39,2
DA:50,8
DA:52,27
DA:55,2
DA:56,2
DA:61,2
DA:64,8
DA:68,12
DA:86,27
DA:92,27
DA:94,27
DA:95,3
DA:106,27
DA:110,27
DA:112,27
DA:134,8
DA:135,22
DA:148,8
LF:30
LH:30
BRDA:58,0,0,2
BRDA:58,0,1,2
BRDA:86,1,0,27
BRDA:86,1,1,27
BRDA:86,1,2,27
BRF:5
BRH:5
end_of_record
TN:
SF:src/types/string.ts
FN:10,(anonymous_7)
FN:11,(anonymous_9)
FN:13,(anonymous_10)
FN:15,(anonymous_11)
FN:17,(anonymous_12)
FNF:5
FNH:5
FNDA:30,(anonymous_7)
FNDA:4,(anonymous_9)
FNDA:5,(anonymous_10)
FNDA:4,(anonymous_11)
FNDA:22,(anonymous_12)
DA:1,8
DA:2,8
DA:3,8
DA:4,8
DA:10,22
DA:11,22
DA:13,22
DA:15,22
DA:17,8
DA:18,22
DA:22,8
LF:11
LH:11
BRDA:10,0,0,22
BRDA:10,0,1,22
BRDA:10,0,2,22
BRF:3
BRH:3
end_of_record
TN:
SF:src/types/tuple.ts
FN:16,(anonymous_7)
FN:20,(anonymous_9)
FN:22,(anonymous_10)
FN:25,(anonymous_11)
FN:27,(anonymous_12)
FN:29,(anonymous_13)
FNF:6
FNH:4
FNDA:15,(anonymous_7)
FNDA:1,(anonymous_9)
FNDA:6,(anonymous_10)
FNDA:0,(anonymous_11)
FNDA:0,(anonymous_12)
FNDA:7,(anonymous_13)
DA:1,8
DA:2,8
DA:3,8
DA:4,8
DA:16,8
DA:20,7
DA:22,6
DA:25,7
DA:27,7
DA:29,8
DA:30,7
DA:35,8
LF:12
LH:12
BRDA:16,0,0,7
BRDA:16,0,1,7
BRDA:16,0,2,7
BRF:3
BRH:3
end_of_record
TN:
SF:src/types/undefined.ts
FN:9,(anonymous_7)
FN:10,(anonymous_9)
FN:12,(anonymous_10)
FN:14,(anonymous_11)
FN:16,(anonymous_12)
FNF:5
FNH:4
FNDA:25,(anonymous_7)
FNDA:10,(anonymous_9)
FNDA:0,(anonymous_10)
FNDA:1,(anonymous_11)
FNDA:17,(anonymous_12)
DA:1,8
DA:2,8
DA:3,8
DA:9,17
DA:10,17
DA:12,17
DA:14,17
DA:16,8
DA:17,17
DA:21,8
LF:10
LH:10
BRDA:9,0,0,17
BRDA:9,0,1,17
BRDA:9,0,2,17
BRF:3
BRH:3
end_of_record
TN:
SF:src/types/union.ts
FN:10,(anonymous_7)
FN:14,(anonymous_9)
FN:16,(anonymous_10)
FN:18,(anonymous_11)
FN:20,(anonymous_12)
FN:23,(anonymous_13)
FNF:6
FNH:5
FNDA:38,(anonymous_7)
FNDA:6,(anonymous_9)
FNDA:0,(anonymous_10)
FNDA:17,(anonymous_11)
FNDA:34,(anonymous_12)
FNDA:30,(anonymous_13)
DA:1,8
DA:2,8
DA:3,8
DA:10,30
DA:14,30
DA:16,30
DA:18,30
DA:20,34
DA:23,8
DA:24,30
DA:29,8
LF:11
LH:11
BRDA:10,0,0,30
BRDA:10,0,1,30
BRDA:10,0,2,30
BRF:3
BRH:3
end_of_record
